<?xml version="1.0" encoding="UTF-8"?>
<coverage generated="1786461802948" clover="3.2.0">
  <project timestamp="1786461802948" name="All files">
    <metrics statements="532" coveredstatements="478" conditionals="293" coveredconditionals="232" methods="83" coveredmethods="76" elements="908" coveredelements="786" complexity="0" loc="532" ncloc="532" packages="1" files="2" classes="2"/>
    <file name="game.js" path="/workspace/project/web_adventure/game.js">
      <metrics statements="170" coveredstatements="170" conditionals="128" coveredconditionals="121" methods="19" coveredmethods="19"/>
      <line num="15" count="3" type="stmt"/>
      <line num="22" count="3" type="stmt"/>
      <line num="29" count="3" type="stmt"/>
      <line num="35" count="3" type="stmt"/>
      <line num="39" count="3" type="stmt"/>
      <line num="46" count="3" type="stmt"/>
      <line num="62" count="3" type="stmt"/>
      <line num="86" count="45" type="stmt"/>
      <line num="87" count="45" type="cond" truecount="1" falsecount="1"/>
      <line num="89" count="45" type="cond" truecount="2" falsecount="0"/>
      <line num="90" count="17" type="cond" truecount="2" falsecount="0"/>
      <line num="91" count="17" type="cond" truecount="6" falsecount="0"/>
      <line num="92" count="1" type="stmt"/>
      <line num="94" count="17" type="stmt"/>
      <line num="97" count="45" type="cond" truecount="2" falsecount="0"/>
      <line num="98" count="4" type="cond" truecount="4" falsecount="0"/>
      <line num="99" count="4" type="cond" truecount="4" falsecount="0"/>
      <line num="102" count="45" type="cond" truecount="2" falsecount="0"/>
      <line num="103" count="20" type="cond" truecount="4" falsecount="0"/>
      <line num="104" count="20" type="cond" truecount="4" falsecount="0"/>
      <line num="105" count="20" type="cond" truecount="4" falsecount="0"/>
      <line num="106" count="20" type="cond" truecount="4" falsecount="0"/>
      <line num="108" count="20" type="cond" truecount="2" falsecount="0"/>
      <line num="109" count="11" type="cond" truecount="2" falsecount="0"/>
      <line num="110" count="9" type="cond" truecount="2" falsecount="0"/>
      <line num="111" count="3" type="stmt"/>
      <line num="113" count="20" type="cond" truecount="4" falsecount="0"/>
      <line num="114" count="1" type="stmt"/>
      <line num="117" count="20" type="cond" truecount="6" falsecount="0"/>
      <line num="118" count="1" type="stmt"/>
      <line num="122" count="20" type="cond" truecount="2" falsecount="0"/>
      <line num="123" count="18" type="stmt"/>
      <line num="124" count="29" type="stmt"/>
      <line num="125" count="18" type="cond" truecount="2" falsecount="0"/>
      <line num="126" count="2" type="stmt"/>
      <line num="132" count="45" type="cond" truecount="2" falsecount="0"/>
      <line num="133" count="3" type="cond" truecount="1" falsecount="1"/>
      <line num="134" count="3" type="cond" truecount="1" falsecount="1"/>
      <line num="135" count="3" type="stmt"/>
      <line num="137" count="3" type="stmt"/>
      <line num="138" count="8" type="stmt"/>
      <line num="139" count="3" type="cond" truecount="4" falsecount="0"/>
      <line num="143" count="45" type="cond" truecount="2" falsecount="0"/>
      <line num="144" count="351" type="stmt"/>
      <line num="145" count="27" type="stmt"/>
      <line num="146" count="45" type="cond" truecount="2" falsecount="0"/>
      <line num="147" count="44" type="cond" truecount="2" falsecount="0"/>
      <line num="149" count="27" type="cond" truecount="4" falsecount="0"/>
      <line num="150" count="1" type="stmt"/>
      <line num="154" count="45" type="stmt"/>
      <line num="164" count="53" type="stmt"/>
      <line num="182" count="2" type="stmt"/>
      <line num="200" count="1" type="stmt"/>
      <line num="201" count="1" type="cond" truecount="1" falsecount="1"/>
      <line num="202" count="1" type="cond" truecount="1" falsecount="1"/>
      <line num="203" count="1" type="cond" truecount="2" falsecount="0"/>
      <line num="204" count="1" type="cond" truecount="1" falsecount="1"/>
      <line num="205" count="1" type="cond" truecount="1" falsecount="1"/>
      <line num="206" count="1" type="cond" truecount="2" falsecount="0"/>
      <line num="207" count="1" type="cond" truecount="2" falsecount="0"/>
      <line num="208" count="1" type="stmt"/>
      <line num="219" count="25" type="stmt"/>
      <line num="220" count="25" type="stmt"/>
      <line num="221" count="25" type="stmt"/>
      <line num="222" count="25" type="stmt"/>
      <line num="223" count="25" type="stmt"/>
      <line num="239" count="14" type="cond" truecount="2" falsecount="0"/>
      <line num="240" count="4" type="stmt"/>
      <line num="241" count="4" type="stmt"/>
      <line num="242" count="4" type="stmt"/>
      <line num="243" count="4" type="cond" truecount="2" falsecount="0"/>
      <line num="244" count="2" type="stmt"/>
      <line num="246" count="4" type="stmt"/>
      <line num="248" count="10" type="stmt"/>
      <line num="249" count="10" type="stmt"/>
      <line num="250" count="10" type="stmt"/>
      <line num="251" count="10" type="stmt"/>
      <line num="261" count="7" type="stmt"/>
      <line num="262" count="7" type="stmt"/>
      <line num="263" count="7" type="stmt"/>
      <line num="265" count="7" type="stmt"/>
      <line num="275" count="7" type="stmt"/>
      <line num="276" count="7" type="stmt"/>
      <line num="277" count="7" type="stmt"/>
      <line num="278" count="7" type="stmt"/>
      <line num="287" count="4" type="stmt"/>
      <line num="288" count="4" type="stmt"/>
      <line num="289" count="4" type="stmt"/>
      <line num="291" count="4" type="stmt"/>
      <line num="297" count="4" type="stmt"/>
      <line num="298" count="4" type="stmt"/>
      <line num="299" count="4" type="stmt"/>
      <line num="300" count="4" type="stmt"/>
      <line num="313" count="15" type="stmt"/>
      <line num="314" count="15" type="stmt"/>
      <line num="315" count="15" type="stmt"/>
      <line num="316" count="15" type="stmt"/>
      <line num="325" count="6" type="stmt"/>
      <line num="326" count="6" type="stmt"/>
      <line num="327" count="6" type="stmt"/>
      <line num="328" count="6" type="stmt"/>
      <line num="329" count="6" type="stmt"/>
      <line num="330" count="6" type="stmt"/>
      <line num="331" count="6" type="stmt"/>
      <line num="332" count="6" type="stmt"/>
      <line num="333" count="6" type="stmt"/>
      <line num="334" count="6" type="stmt"/>
      <line num="336" count="6" type="stmt"/>
      <line num="337" count="6" type="stmt"/>
      <line num="338" count="6" type="stmt"/>
      <line num="339" count="6" type="stmt"/>
      <line num="348" count="7" type="stmt"/>
      <line num="349" count="7" type="stmt"/>
      <line num="350" count="7" type="stmt"/>
      <line num="351" count="7" type="stmt"/>
      <line num="352" count="7" type="stmt"/>
      <line num="353" count="7" type="stmt"/>
      <line num="354" count="7" type="stmt"/>
      <line num="355" count="7" type="stmt"/>
      <line num="356" count="7" type="stmt"/>
      <line num="357" count="7" type="stmt"/>
      <line num="358" count="7" type="stmt"/>
      <line num="359" count="7" type="stmt"/>
      <line num="360" count="7" type="stmt"/>
      <line num="362" count="7" type="stmt"/>
      <line num="363" count="7" type="stmt"/>
      <line num="364" count="7" type="stmt"/>
      <line num="365" count="7" type="stmt"/>
      <line num="376" count="7" type="stmt"/>
      <line num="377" count="7" type="stmt"/>
      <line num="378" count="7" type="stmt"/>
      <line num="379" count="7" type="stmt"/>
      <line num="380" count="7" type="stmt"/>
      <line num="381" count="7" type="stmt"/>
      <line num="382" count="7" type="stmt"/>
      <line num="383" count="7" type="stmt"/>
      <line num="394" count="13" type="stmt"/>
      <line num="395" count="13" type="stmt"/>
      <line num="396" count="13" type="cond" truecount="4" falsecount="0"/>
      <line num="397" count="8" type="stmt"/>
      <line num="398" count="8" type="stmt"/>
      <line num="399" count="8" type="stmt"/>
      <line num="400" count="8" type="cond" truecount="2" falsecount="0"/>
      <line num="401" count="5" type="stmt"/>
      <line num="402" count="5" type="stmt"/>
      <line num="403" count="5" type="stmt"/>
      <line num="405" count="3" type="stmt"/>
      <line num="407" count="8" type="stmt"/>
      <line num="418" count="18" type="stmt"/>
      <line num="423" count="18" type="cond" truecount="2" falsecount="0"/>
      <line num="424" count="17" type="stmt"/>
      <line num="426" count="18" type="stmt"/>
      <line num="437" count="23" type="cond" truecount="2" falsecount="0"/>
      <line num="439" count="22" type="cond" truecount="2" falsecount="0"/>
      <line num="440" count="6" type="cond" truecount="2" falsecount="0"/>
      <line num="441" count="4" type="stmt"/>
      <line num="443" count="6" type="stmt"/>
      <line num="446" count="16" type="cond" truecount="2" falsecount="0"/>
      <line num="447" count="3" type="cond" truecount="2" falsecount="0"/>
      <line num="448" count="2" type="stmt"/>
      <line num="450" count="3" type="stmt"/>
      <line num="453" count="13" type="cond" truecount="2" falsecount="0"/>
      <line num="454" count="4" type="stmt"/>
      <line num="455" count="4" type="stmt"/>
      <line num="458" count="9" type="cond" truecount="4" falsecount="0"/>
      <line num="459" count="4" type="stmt"/>
      <line num="460" count="4" type="stmt"/>
      <line num="464" count="5" type="cond" truecount="2" falsecount="0"/>
      <line num="465" count="5" type="stmt"/>
      <line num="466" count="5" type="stmt"/>
    </file>
    <file name="renderer.js" path="/workspace/project/web_adventure/renderer.js">
      <metrics statements="362" coveredstatements="308" conditionals="165" coveredconditionals="111" methods="64" coveredmethods="57"/>
      <line num="29" count="64" type="stmt"/>
      <line num="31" count="2" type="stmt"/>
      <line num="37" count="2" type="stmt"/>
      <line num="38" count="2" type="stmt"/>
      <line num="39" count="2" type="stmt"/>
      <line num="41" count="2" type="stmt"/>
      <line num="42" count="2" type="stmt"/>
      <line num="43" count="2" type="stmt"/>
      <line num="44" count="2" type="stmt"/>
      <line num="45" count="2" type="stmt"/>
      <line num="46" count="2" type="stmt"/>
      <line num="48" count="2" type="stmt"/>
      <line num="49" count="2" type="stmt"/>
      <line num="50" count="2" type="stmt"/>
      <line num="51" count="2" type="stmt"/>
      <line num="52" count="2" type="stmt"/>
      <line num="53" count="2" type="stmt"/>
      <line num="54" count="2" type="stmt"/>
      <line num="55" count="2" type="stmt"/>
      <line num="57" count="2" type="stmt"/>
      <line num="60" count="2" type="stmt"/>
      <line num="63" count="2" type="stmt"/>
      <line num="70" count="2" type="stmt"/>
      <line num="84" count="44" type="stmt"/>
      <line num="85" count="44" type="stmt"/>
      <line num="86" count="44" type="stmt"/>
      <line num="94" count="2" type="stmt"/>
      <line num="95" count="2" type="stmt"/>
      <line num="96" count="2" type="stmt"/>
      <line num="102" count="34" type="stmt"/>
      <line num="103" count="102" type="stmt"/>
      <line num="104" count="102" type="cond" truecount="2" falsecount="0"/>
      <line num="105" count="34" type="stmt"/>
      <line num="106" count="34" type="stmt"/>
      <line num="108" count="68" type="stmt"/>
      <line num="109" count="68" type="stmt"/>
      <line num="112" count="34" type="stmt"/>
      <line num="113" count="34" type="stmt"/>
      <line num="120" count="34" type="cond" truecount="2" falsecount="0"/>
      <line num="121" count="34" type="stmt"/>
      <line num="122" count="68" type="cond" truecount="2" falsecount="0"/>
      <line num="131" count="13" type="stmt"/>
      <line num="132" count="13" type="stmt"/>
      <line num="133" count="13" type="cond" truecount="1" falsecount="1"/>
      <line num="142" count="15" type="cond" truecount="2" falsecount="0"/>
      <line num="143" count="11" type="stmt"/>
      <line num="144" count="11" type="stmt"/>
      <line num="145" count="11" type="stmt"/>
      <line num="146" count="11" type="stmt"/>
      <line num="148" count="15" type="stmt"/>
      <line num="149" count="15" type="stmt"/>
      <line num="150" count="15" type="stmt"/>
      <line num="151" count="15" type="stmt"/>
      <line num="152" count="15" type="stmt"/>
      <line num="154" count="15" type="stmt"/>
      <line num="155" count="15" type="cond" truecount="1" falsecount="1"/>
      <line num="163" count="5" type="stmt"/>
      <line num="164" count="5" type="stmt"/>
      <line num="165" count="5" type="cond" truecount="1" falsecount="1"/>
      <line num="166" count="0" type="stmt"/>
      <line num="168" count="5" type="stmt"/>
      <line num="170" count="5" type="stmt"/>
      <line num="173" count="5" type="stmt"/>
      <line num="174" count="5" type="stmt"/>
      <line num="175" count="5" type="stmt"/>
      <line num="176" count="54" type="cond" truecount="2" falsecount="0"/>
      <line num="177" count="8" type="stmt"/>
      <line num="178" count="8" type="stmt"/>
      <line num="180" count="46" type="cond" truecount="2" falsecount="0"/>
      <line num="181" count="42" type="stmt"/>
      <line num="184" count="5" type="stmt"/>
      <line num="185" count="5" type="stmt"/>
      <line num="186" count="42" type="stmt"/>
      <line num="187" count="42" type="stmt"/>
      <line num="188" count="42" type="stmt"/>
      <line num="192" count="5" type="stmt"/>
      <line num="193" count="5" type="stmt"/>
      <line num="194" count="5" type="stmt"/>
      <line num="195" count="5" type="stmt"/>
      <line num="196" count="5" type="stmt"/>
      <line num="197" count="5" type="stmt"/>
      <line num="198" count="5" type="cond" truecount="1" falsecount="1"/>
      <line num="199" count="5" type="stmt"/>
      <line num="202" count="5" type="stmt"/>
      <line num="211" count="1" type="cond" truecount="1" falsecount="1"/>
      <line num="212" count="1" type="stmt"/>
      <line num="213" count="1" type="stmt"/>
      <line num="214" count="1" type="stmt"/>
      <line num="215" count="1" type="stmt"/>
      <line num="216" count="1" type="stmt"/>
      <line num="218" count="0" type="stmt"/>
      <line num="219" count="0" type="cond" truecount="0" falsecount="2"/>
      <line num="220" count="0" type="stmt"/>
      <line num="221" count="0" type="stmt"/>
      <line num="222" count="0" type="stmt"/>
      <line num="223" count="0" type="cond" truecount="0" falsecount="2"/>
      <line num="224" count="0" type="stmt"/>
      <line num="225" count="0" type="stmt"/>
      <line num="231" count="4" type="cond" truecount="2" falsecount="0"/>
      <line num="232" count="1" type="stmt"/>
      <line num="234" count="3" type="stmt"/>
      <line num="242" count="6" type="stmt"/>
      <line num="243" count="6" type="cond" truecount="2" falsecount="0"/>
      <line num="244" count="6" type="stmt"/>
      <line num="245" count="6" type="stmt"/>
      <line num="246" count="6" type="stmt"/>
      <line num="255" count="6" type="stmt"/>
      <line num="256" count="6" type="stmt"/>
      <line num="258" count="6" type="cond" truecount="2" falsecount="0"/>
      <line num="259" count="6" type="cond" truecount="2" falsecount="0"/>
      <line num="260" count="2" type="stmt"/>
      <line num="272" count="7" type="stmt"/>
      <line num="273" count="7" type="stmt"/>
      <line num="274" count="7" type="stmt"/>
      <line num="275" count="7" type="stmt"/>
      <line num="276" count="3" type="stmt"/>
      <line num="287" count="21" type="stmt"/>
      <line num="288" count="21" type="cond" truecount="2" falsecount="0"/>
      <line num="289" count="1" type="stmt"/>
      <line num="290" count="1" type="stmt"/>
      <line num="291" count="1" type="stmt"/>
      <line num="292" count="1" type="stmt"/>
      <line num="293" count="1" type="stmt"/>
      <line num="295" count="20" type="stmt"/>
      <line num="296" count="168" type="stmt"/>
      <line num="297" count="168" type="stmt"/>
      <line num="298" count="168" type="cond" truecount="2" falsecount="0"/>
      <line num="299" count="16" type="stmt"/>
      <line num="301" count="152" type="stmt"/>
      <line num="303" count="168" type="stmt"/>
      <line num="306" count="20" type="stmt"/>
      <line num="307" count="20" type="cond" truecount="1" falsecount="1"/>
      <line num="308" count="20" type="stmt"/>
      <line num="317" count="20" type="stmt"/>
      <line num="318" count="20" type="stmt"/>
      <line num="319" count="65" type="stmt"/>
      <line num="320" count="65" type="stmt"/>
      <line num="321" count="65" type="stmt"/>
      <line num="322" count="65" type="stmt"/>
      <line num="323" count="65" type="stmt"/>
      <line num="324" count="65" type="stmt"/>
      <line num="325" count="65" type="stmt"/>
      <line num="334" count="20" type="cond" truecount="4" falsecount="0"/>
      <line num="335" count="17" type="stmt"/>
      <line num="337" count="3" type="stmt"/>
      <line num="342" count="5" type="stmt"/>
      <line num="343" count="5" type="cond" truecount="1" falsecount="1"/>
      <line num="344" count="0" type="stmt"/>
      <line num="345" count="0" type="stmt"/>
      <line num="346" count="0" type="cond" truecount="0" falsecount="2"/>
      <line num="348" count="5" type="cond" truecount="1" falsecount="1"/>
      <line num="349" count="0" type="stmt"/>
      <line num="350" count="0" type="stmt"/>
      <line num="351" count="0" type="cond" truecount="0" falsecount="2"/>
      <line num="353" count="5" type="cond" truecount="2" falsecount="0"/>
      <line num="357" count="5" type="cond" truecount="2" falsecount="0"/>
      <line num="362" count="2" type="stmt"/>
      <line num="363" count="2" type="stmt"/>
      <line num="366" count="2" type="stmt"/>
      <line num="367" count="2" type="stmt"/>
      <line num="368" count="2" type="stmt"/>
      <line num="369" count="2" type="stmt"/>
      <line num="371" count="0" type="stmt"/>
      <line num="373" count="2" type="stmt"/>
      <line num="377" count="1" type="stmt"/>
      <line num="378" count="1" type="stmt"/>
      <line num="379" count="1" type="cond" truecount="1" falsecount="1"/>
      <line num="380" count="1" type="stmt"/>
      <line num="381" count="1" type="cond" truecount="1" falsecount="1"/>
      <line num="382" count="0" type="stmt"/>
      <line num="383" count="0" type="stmt"/>
      <line num="385" count="1" type="stmt"/>
      <line num="386" count="1" type="stmt"/>
      <line num="387" count="1" type="stmt"/>
      <line num="389" count="0" type="stmt"/>
      <line num="390" count="0" type="stmt"/>
      <line num="391" count="0" type="stmt"/>
      <line num="396" count="17" type="stmt"/>
      <line num="397" count="17" type="stmt"/>
      <line num="398" count="17" type="cond" truecount="2" falsecount="0"/>
      <line num="399" count="7" type="stmt"/>
      <line num="400" count="6" type="cond" truecount="2" falsecount="0"/>
      <line num="402" count="1" type="stmt"/>
      <line num="407" count="37" type="stmt"/>
      <line num="411" count="481" type="stmt"/>
      <line num="418" count="70" type="stmt"/>
      <line num="419" count="70" type="stmt"/>
      <line num="420" count="70" type="cond" truecount="2" falsecount="0"/>
      <line num="422" count="35" type="stmt"/>
      <line num="424" count="35" type="cond" truecount="2" falsecount="0"/>
      <line num="425" count="2" type="stmt"/>
      <line num="426" count="2" type="stmt"/>
      <line num="427" count="2" type="stmt"/>
      <line num="428" count="2" type="cond" truecount="2" falsecount="0"/>
      <line num="429" count="1" type="cond" truecount="1" falsecount="1"/>
      <line num="430" count="1" type="cond" truecount="1" falsecount="1"/>
      <line num="431" count="1" type="cond" truecount="1" falsecount="1"/>
      <line num="432" count="1" type="cond" truecount="1" falsecount="1"/>
      <line num="436" count="35" type="stmt"/>
      <line num="437" count="455" type="cond" truecount="1" falsecount="1"/>
      <line num="439" count="35" type="stmt"/>
      <line num="441" count="0" type="stmt"/>
      <line num="446" count="6" type="stmt"/>
      <line num="447" count="6" type="stmt"/>
      <line num="448" count="6" type="cond" truecount="2" falsecount="0"/>
      <line num="449" count="5" type="stmt"/>
      <line num="451" count="6" type="cond" truecount="2" falsecount="0"/>
      <line num="452" count="6" type="stmt"/>
      <line num="453" count="6" type="cond" truecount="2" falsecount="0"/>
      <line num="454" count="4" type="stmt"/>
      <line num="455" count="4" type="stmt"/>
      <line num="457" count="6" type="stmt"/>
      <line num="462" count="17" type="cond" truecount="2" falsecount="0"/>
      <line num="463" count="5" type="stmt"/>
      <line num="465" count="12" type="stmt"/>
      <line num="479" count="31" type="cond" truecount="2" falsecount="0"/>
      <line num="482" count="31" type="stmt"/>
      <line num="483" count="31" type="cond" truecount="2" falsecount="0"/>
      <line num="484" count="7" type="stmt"/>
      <line num="485" count="7" type="stmt"/>
      <line num="486" count="7" type="stmt"/>
      <line num="487" count="7" type="stmt"/>
      <line num="491" count="31" type="stmt"/>
      <line num="492" count="31" type="stmt"/>
      <line num="493" count="31" type="stmt"/>
      <line num="494" count="31" type="cond" truecount="1" falsecount="1"/>
      <line num="495" count="31" type="stmt"/>
      <line num="498" count="31" type="stmt"/>
      <line num="499" count="31" type="stmt"/>
      <line num="500" count="31" type="cond" truecount="1" falsecount="1"/>
      <line num="501" count="31" type="stmt"/>
      <line num="504" count="31" type="stmt"/>
      <line num="505" count="31" type="stmt"/>
      <line num="506" count="31" type="cond" truecount="3" falsecount="1"/>
      <line num="507" count="31" type="stmt"/>
      <line num="510" count="31" type="stmt"/>
      <line num="511" count="31" type="stmt"/>
      <line num="512" count="31" type="cond" truecount="4" falsecount="0"/>
      <line num="513" count="31" type="stmt"/>
      <line num="516" count="31" type="stmt"/>
      <line num="517" count="31" type="stmt"/>
      <line num="518" count="31" type="stmt"/>
      <line num="519" count="31" type="stmt"/>
      <line num="520" count="1" type="stmt"/>
      <line num="521" count="1" type="stmt"/>
      <line num="523" count="31" type="stmt"/>
      <line num="526" count="31" type="stmt"/>
      <line num="529" count="3" type="stmt"/>
      <line num="530" count="3" type="stmt"/>
      <line num="531" count="3" type="stmt"/>
      <line num="532" count="3" type="cond" truecount="1" falsecount="1"/>
      <line num="533" count="3" type="stmt"/>
      <line num="539" count="31" type="stmt"/>
      <line num="540" count="2" type="stmt"/>
      <line num="551" count="19" type="cond" truecount="4" falsecount="0"/>
      <line num="552" count="16" type="stmt"/>
      <line num="553" count="16" type="stmt"/>
      <line num="554" count="16" type="stmt"/>
      <line num="555" count="59" type="stmt"/>
      <line num="556" count="20" type="cond" truecount="4" falsecount="0"/>
      <line num="557" count="18" type="stmt"/>
      <line num="566" count="18" type="stmt"/>
      <line num="576" count="14" type="stmt"/>
      <line num="577" count="14" type="stmt"/>
      <line num="578" count="14" type="cond" truecount="2" falsecount="0"/>
      <line num="579" count="1" type="stmt"/>
      <line num="580" count="1" type="stmt"/>
      <line num="581" count="1" type="stmt"/>
      <line num="584" count="14" type="stmt"/>
      <line num="585" count="14" type="stmt"/>
      <line num="586" count="182" type="stmt"/>
      <line num="588" count="14" type="stmt"/>
      <line num="589" count="182" type="stmt"/>
      <line num="591" count="182" type="cond" truecount="4" falsecount="0"/>
      <line num="592" count="132" type="stmt"/>
      <line num="593" count="132" type="cond" truecount="2" falsecount="0"/>
      <line num="594" count="132" type="cond" truecount="2" falsecount="0"/>
      <line num="595" count="132" type="stmt"/>
      <line num="598" count="14" type="cond" truecount="2" falsecount="0"/>
      <line num="599" count="1" type="stmt"/>
      <line num="600" count="1" type="stmt"/>
      <line num="601" count="1" type="stmt"/>
      <line num="604" count="1" type="stmt"/>
      <line num="605" count="1" type="stmt"/>
      <line num="606" count="0" type="stmt"/>
      <line num="608" count="1" type="stmt"/>
      <line num="615" count="2" type="stmt"/>
      <line num="616" count="2" type="stmt"/>
      <line num="619" count="2" type="stmt"/>
      <line num="620" count="2" type="stmt"/>
      <line num="621" count="2" type="stmt"/>
      <line num="624" count="2" type="stmt"/>
      <line num="625" count="2" type="stmt"/>
      <line num="626" count="0" type="stmt"/>
      <line num="627" count="0" type="stmt"/>
      <line num="630" count="2" type="cond" truecount="1" falsecount="1"/>
      <line num="631" count="0" type="stmt"/>
      <line num="632" count="0" type="stmt"/>
      <line num="633" count="0" type="stmt"/>
      <line num="636" count="2" type="stmt"/>
      <line num="640" count="2" type="cond" truecount="1" falsecount="1"/>
      <line num="641" count="2" type="stmt"/>
      <line num="642" count="2" type="stmt"/>
      <line num="643" count="0" type="cond" truecount="0" falsecount="2"/>
      <line num="644" count="0" type="stmt"/>
      <line num="649" count="10" type="stmt"/>
      <line num="651" count="10" type="stmt"/>
      <line num="652" count="10" type="stmt"/>
      <line num="653" count="10" type="cond" truecount="2" falsecount="0"/>
      <line num="654" count="10" type="stmt"/>
      <line num="655" count="10" type="cond" truecount="2" falsecount="0"/>
      <line num="656" count="2" type="stmt"/>
      <line num="657" count="2" type="stmt"/>
      <line num="659" count="10" type="stmt"/>
      <line num="661" count="10" type="stmt"/>
      <line num="665" count="1" type="stmt"/>
      <line num="666" count="1" type="cond" truecount="1" falsecount="1"/>
      <line num="667" count="1" type="stmt"/>
      <line num="669" count="0" type="stmt"/>
      <line num="674" count="3" type="stmt"/>
      <line num="678" count="1" type="stmt"/>
      <line num="684" count="0" type="cond" truecount="0" falsecount="4"/>
      <line num="685" count="0" type="stmt"/>
      <line num="686" count="0" type="stmt"/>
      <line num="687" count="0" type="stmt"/>
      <line num="693" count="0" type="cond" truecount="0" falsecount="2"/>
      <line num="694" count="0" type="stmt"/>
      <line num="695" count="0" type="stmt"/>
      <line num="696" count="0" type="cond" truecount="0" falsecount="2"/>
      <line num="697" count="0" type="stmt"/>
      <line num="698" count="0" type="stmt"/>
      <line num="699" count="0" type="stmt"/>
      <line num="702" count="0" type="cond" truecount="0" falsecount="4"/>
      <line num="703" count="0" type="stmt"/>
      <line num="704" count="0" type="stmt"/>
      <line num="705" count="0" type="stmt"/>
      <line num="707" count="0" type="cond" truecount="0" falsecount="2"/>
      <line num="708" count="0" type="stmt"/>
      <line num="709" count="0" type="cond" truecount="0" falsecount="2"/>
      <line num="710" count="0" type="stmt"/>
      <line num="719" count="2" type="stmt"/>
      <line num="722" count="2" type="stmt"/>
      <line num="723" count="2" type="stmt"/>
      <line num="724" count="2" type="stmt"/>
      <line num="725" count="2" type="stmt"/>
      <line num="726" count="2" type="stmt"/>
      <line num="727" count="2" type="stmt"/>
      <line num="730" count="2" type="stmt"/>
      <line num="731" count="0" type="cond" truecount="0" falsecount="2"/>
      <line num="732" count="0" type="stmt"/>
      <line num="737" count="2" type="stmt"/>
      <line num="738" count="2" type="stmt"/>
      <line num="739" count="2" type="cond" truecount="2" falsecount="2"/>
      <line num="740" count="2" type="stmt"/>
      <line num="741" count="2" type="stmt"/>
      <line num="743" count="0" type="stmt"/>
      <line num="748" count="2" type="stmt"/>
      <line num="751" count="2" type="stmt"/>
      <line num="754" count="2" type="stmt"/>
      <line num="758" count="2" type="cond" truecount="1" falsecount="1"/>
      <line num="759" count="0" type="stmt"/>
      <line num="761" count="2" type="stmt"/>
    </file>
  </project>
</coverage>
