{"/workspace/project/web_adventure/game.js": {"path":"/workspace/project/web_adventure/game.js","statementMap":{"0":{"start":{"line":15,"column":23},"end":{"line":20,"column":1}},"1":{"start":{"line":22,"column":23},"end":{"line":27,"column":1}},"2":{"start":{"line":29,"column":21},"end":{"line":33,"column":1}},"3":{"start":{"line":35,"column":28},"end":{"line":35,"column":60}},"4":{"start":{"line":39,"column":22},"end":{"line":44,"column":1}},"5":{"start":{"line":46,"column":31},"end":{"line":60,"column":1}},"6":{"start":{"line":62,"column":32},"end":{"line":76,"column":1}},"7":{"start":{"line":86,"column":24},"end":{"line":86,"column":26}},"8":{"start":{"line":87,"column":12},"end":{"line":87,"column":43}},"9":{"start":{"line":89,"column":2},"end":{"line":95,"column":3}},"10":{"start":{"line":90,"column":4},"end":{"line":90,"column":70}},"11":{"start":{"line":90,"column":23},"end":{"line":90,"column":70}},"12":{"start":{"line":91,"column":4},"end":{"line":93,"column":5}},"13":{"start":{"line":92,"column":6},"end":{"line":92,"column":50}},"14":{"start":{"line":94,"column":4},"end":{"line":94,"column":37}},"15":{"start":{"line":97,"column":2},"end":{"line":100,"column":3}},"16":{"start":{"line":98,"column":4},"end":{"line":98,"column":91}},"17":{"start":{"line":98,"column":45},"end":{"line":98,"column":91}},"18":{"start":{"line":99,"column":4},"end":{"line":99,"column":93}},"19":{"start":{"line":99,"column":46},"end":{"line":99,"column":93}},"20":{"start":{"line":102,"column":2},"end":{"line":130,"column":3}},"21":{"start":{"line":103,"column":4},"end":{"line":103,"column":90}},"22":{"start":{"line":103,"column":46},"end":{"line":103,"column":90}},"23":{"start":{"line":104,"column":4},"end":{"line":104,"column":89}},"24":{"start":{"line":104,"column":46},"end":{"line":104,"column":89}},"25":{"start":{"line":105,"column":4},"end":{"line":105,"column":102}},"26":{"start":{"line":105,"column":54},"end":{"line":105,"column":102}},"27":{"start":{"line":106,"column":4},"end":{"line":106,"column":97}},"28":{"start":{"line":106,"column":51},"end":{"line":106,"column":97}},"29":{"start":{"line":108,"column":4},"end":{"line":112,"column":5}},"30":{"start":{"line":109,"column":6},"end":{"line":109,"column":77}},"31":{"start":{"line":110,"column":11},"end":{"line":112,"column":5}},"32":{"start":{"line":111,"column":6},"end":{"line":111,"column":39}},"33":{"start":{"line":113,"column":4},"end":{"line":115,"column":5}},"34":{"start":{"line":114,"column":6},"end":{"line":114,"column":48}},"35":{"start":{"line":117,"column":4},"end":{"line":119,"column":5}},"36":{"start":{"line":118,"column":6},"end":{"line":118,"column":51}},"37":{"start":{"line":122,"column":4},"end":{"line":129,"column":5}},"38":{"start":{"line":123,"column":6},"end":{"line":128,"column":52}},"39":{"start":{"line":124,"column":24},"end":{"line":124,"column":103}},"40":{"start":{"line":124,"column":51},"end":{"line":124,"column":102}},"41":{"start":{"line":125,"column":8},"end":{"line":127,"column":9}},"42":{"start":{"line":126,"column":10},"end":{"line":126,"column":55}},"43":{"start":{"line":132,"column":2},"end":{"line":140,"column":3}},"44":{"start":{"line":133,"column":4},"end":{"line":133,"column":71}},"45":{"start":{"line":133,"column":38},"end":{"line":133,"column":71}},"46":{"start":{"line":134,"column":4},"end":{"line":136,"column":5}},"47":{"start":{"line":135,"column":6},"end":{"line":135,"column":54}},"48":{"start":{"line":137,"column":21},"end":{"line":137,"column":62}},"49":{"start":{"line":138,"column":19},"end":{"line":138,"column":85}},"50":{"start":{"line":138,"column":42},"end":{"line":138,"column":84}},"51":{"start":{"line":139,"column":4},"end":{"line":139,"column":78}},"52":{"start":{"line":139,"column":32},"end":{"line":139,"column":78}},"53":{"start":{"line":143,"column":2},"end":{"line":152,"column":3}},"54":{"start":{"line":144,"column":19},"end":{"line":144,"column":54}},"55":{"start":{"line":144,"column":47},"end":{"line":144,"column":53}},"56":{"start":{"line":145,"column":24},"end":{"line":148,"column":6}},"57":{"start":{"line":146,"column":6},"end":{"line":146,"column":60}},"58":{"start":{"line":146,"column":48},"end":{"line":146,"column":60}},"59":{"start":{"line":147,"column":6},"end":{"line":147,"column":58}},"60":{"start":{"line":149,"column":4},"end":{"line":151,"column":5}},"61":{"start":{"line":150,"column":6},"end":{"line":150,"column":56}},"62":{"start":{"line":154,"column":2},"end":{"line":154,"column":23}},"63":{"start":{"line":164,"column":2},"end":{"line":173,"column":4}},"64":{"start":{"line":182,"column":2},"end":{"line":191,"column":4}},"65":{"start":{"line":200,"column":16},"end":{"line":200,"column":36}},"66":{"start":{"line":201,"column":2},"end":{"line":201,"column":38}},"67":{"start":{"line":202,"column":2},"end":{"line":202,"column":62}},"68":{"start":{"line":203,"column":2},"end":{"line":203,"column":42}},"69":{"start":{"line":204,"column":2},"end":{"line":204,"column":41}},"70":{"start":{"line":205,"column":2},"end":{"line":205,"column":68}},"71":{"start":{"line":206,"column":2},"end":{"line":206,"column":42}},"72":{"start":{"line":207,"column":2},"end":{"line":207,"column":50}},"73":{"start":{"line":208,"column":2},"end":{"line":208,"column":15}},"74":{"start":{"line":219,"column":2},"end":{"line":219,"column":23}},"75":{"start":{"line":220,"column":2},"end":{"line":220,"column":83}},"76":{"start":{"line":221,"column":2},"end":{"line":221,"column":64}},"77":{"start":{"line":222,"column":2},"end":{"line":222,"column":83}},"78":{"start":{"line":223,"column":2},"end":{"line":223,"column":23}},"79":{"start":{"line":239,"column":2},"end":{"line":252,"column":3}},"80":{"start":{"line":240,"column":4},"end":{"line":240,"column":25}},"81":{"start":{"line":241,"column":4},"end":{"line":241,"column":36}},"82":{"start":{"line":242,"column":4},"end":{"line":242,"column":29}},"83":{"start":{"line":243,"column":4},"end":{"line":245,"column":5}},"84":{"start":{"line":244,"column":6},"end":{"line":244,"column":32}},"85":{"start":{"line":246,"column":4},"end":{"line":246,"column":23}},"86":{"start":{"line":248,"column":4},"end":{"line":248,"column":25}},"87":{"start":{"line":249,"column":4},"end":{"line":249,"column":35}},"88":{"start":{"line":250,"column":4},"end":{"line":250,"column":30}},"89":{"start":{"line":251,"column":4},"end":{"line":251,"column":24}},"90":{"start":{"line":261,"column":13},"end":{"line":261,"column":30}},"91":{"start":{"line":262,"column":2},"end":{"line":262,"column":38}},"92":{"start":{"line":263,"column":2},"end":{"line":263,"column":36}},"93":{"start":{"line":265,"column":17},"end":{"line":274,"column":3}},"94":{"start":{"line":275,"column":2},"end":{"line":275,"column":25}},"95":{"start":{"line":276,"column":2},"end":{"line":276,"column":24}},"96":{"start":{"line":277,"column":2},"end":{"line":277,"column":19}},"97":{"start":{"line":278,"column":2},"end":{"line":278,"column":16}},"98":{"start":{"line":287,"column":13},"end":{"line":287,"column":30}},"99":{"start":{"line":288,"column":2},"end":{"line":288,"column":37}},"100":{"start":{"line":289,"column":2},"end":{"line":289,"column":34}},"101":{"start":{"line":291,"column":17},"end":{"line":296,"column":3}},"102":{"start":{"line":297,"column":2},"end":{"line":297,"column":25}},"103":{"start":{"line":298,"column":2},"end":{"line":298,"column":24}},"104":{"start":{"line":299,"column":2},"end":{"line":299,"column":19}},"105":{"start":{"line":300,"column":2},"end":{"line":300,"column":16}},"106":{"start":{"line":313,"column":2},"end":{"line":313,"column":23}},"107":{"start":{"line":314,"column":2},"end":{"line":314,"column":83}},"108":{"start":{"line":315,"column":2},"end":{"line":315,"column":61}},"109":{"start":{"line":316,"column":2},"end":{"line":316,"column":83}},"110":{"start":{"line":325,"column":13},"end":{"line":325,"column":30}},"111":{"start":{"line":326,"column":2},"end":{"line":326,"column":40}},"112":{"start":{"line":327,"column":2},"end":{"line":327,"column":14}},"113":{"start":{"line":328,"column":2},"end":{"line":328,"column":26}},"114":{"start":{"line":329,"column":2},"end":{"line":329,"column":34}},"115":{"start":{"line":330,"column":2},"end":{"line":330,"column":42}},"116":{"start":{"line":331,"column":2},"end":{"line":331,"column":38}},"117":{"start":{"line":332,"column":2},"end":{"line":332,"column":44}},"118":{"start":{"line":333,"column":2},"end":{"line":333,"column":14}},"119":{"start":{"line":334,"column":2},"end":{"line":334,"column":44}},"120":{"start":{"line":336,"column":2},"end":{"line":336,"column":34}},"121":{"start":{"line":337,"column":2},"end":{"line":337,"column":24}},"122":{"start":{"line":338,"column":2},"end":{"line":338,"column":19}},"123":{"start":{"line":339,"column":2},"end":{"line":339,"column":25}},"124":{"start":{"line":348,"column":13},"end":{"line":348,"column":30}},"125":{"start":{"line":349,"column":2},"end":{"line":349,"column":44}},"126":{"start":{"line":350,"column":2},"end":{"line":350,"column":14}},"127":{"start":{"line":351,"column":2},"end":{"line":351,"column":47}},"128":{"start":{"line":352,"column":2},"end":{"line":352,"column":36}},"129":{"start":{"line":353,"column":2},"end":{"line":353,"column":31}},"130":{"start":{"line":354,"column":2},"end":{"line":354,"column":49}},"131":{"start":{"line":355,"column":2},"end":{"line":355,"column":46}},"132":{"start":{"line":356,"column":2},"end":{"line":356,"column":14}},"133":{"start":{"line":357,"column":2},"end":{"line":357,"column":46}},"134":{"start":{"line":358,"column":2},"end":{"line":358,"column":31}},"135":{"start":{"line":359,"column":2},"end":{"line":359,"column":14}},"136":{"start":{"line":360,"column":2},"end":{"line":360,"column":46}},"137":{"start":{"line":362,"column":2},"end":{"line":362,"column":33}},"138":{"start":{"line":363,"column":2},"end":{"line":363,"column":24}},"139":{"start":{"line":364,"column":2},"end":{"line":364,"column":19}},"140":{"start":{"line":365,"column":2},"end":{"line":365,"column":24}},"141":{"start":{"line":376,"column":13},"end":{"line":376,"column":30}},"142":{"start":{"line":377,"column":2},"end":{"line":377,"column":32}},"143":{"start":{"line":378,"column":2},"end":{"line":378,"column":29}},"144":{"start":{"line":379,"column":2},"end":{"line":379,"column":34}},"145":{"start":{"line":380,"column":2},"end":{"line":380,"column":34}},"146":{"start":{"line":381,"column":2},"end":{"line":381,"column":34}},"147":{"start":{"line":382,"column":2},"end":{"line":382,"column":36}},"148":{"start":{"line":383,"column":2},"end":{"line":383,"column":24}},"149":{"start":{"line":394,"column":17},"end":{"line":394,"column":52}},"150":{"start":{"line":395,"column":17},"end":{"line":395,"column":52}},"151":{"start":{"line":396,"column":2},"end":{"line":406,"column":3}},"152":{"start":{"line":397,"column":15},"end":{"line":397,"column":32}},"153":{"start":{"line":398,"column":4},"end":{"line":398,"column":16}},"154":{"start":{"line":399,"column":4},"end":{"line":399,"column":52}},"155":{"start":{"line":400,"column":4},"end":{"line":404,"column":5}},"156":{"start":{"line":401,"column":6},"end":{"line":401,"column":26}},"157":{"start":{"line":402,"column":6},"end":{"line":402,"column":32}},"158":{"start":{"line":403,"column":6},"end":{"line":403,"column":18}},"159":{"start":{"line":405,"column":4},"end":{"line":405,"column":32}},"160":{"start":{"line":407,"column":2},"end":{"line":407,"column":15}},"161":{"start":{"line":418,"column":18},"end":{"line":422,"column":3}},"162":{"start":{"line":423,"column":2},"end":{"line":425,"column":3}},"163":{"start":{"line":424,"column":4},"end":{"line":424,"column":62}},"164":{"start":{"line":426,"column":2},"end":{"line":426,"column":17}},"165":{"start":{"line":437,"column":2},"end":{"line":437,"column":35}},"166":{"start":{"line":437,"column":22},"end":{"line":437,"column":35}},"167":{"start":{"line":439,"column":2},"end":{"line":444,"column":3}},"168":{"start":{"line":440,"column":4},"end":{"line":442,"column":5}},"169":{"start":{"line":441,"column":6},"end":{"line":441,"column":22}},"170":{"start":{"line":443,"column":4},"end":{"line":443,"column":17}},"171":{"start":{"line":446,"column":2},"end":{"line":451,"column":3}},"172":{"start":{"line":447,"column":4},"end":{"line":449,"column":5}},"173":{"start":{"line":448,"column":6},"end":{"line":448,"column":23}},"174":{"start":{"line":450,"column":4},"end":{"line":450,"column":17}},"175":{"start":{"line":453,"column":2},"end":{"line":456,"column":3}},"176":{"start":{"line":454,"column":4},"end":{"line":454,"column":25}},"177":{"start":{"line":455,"column":4},"end":{"line":455,"column":17}},"178":{"start":{"line":458,"column":2},"end":{"line":461,"column":3}},"179":{"start":{"line":459,"column":4},"end":{"line":459,"column":22}},"180":{"start":{"line":460,"column":4},"end":{"line":460,"column":16}},"181":{"start":{"line":464,"column":21},"end":{"line":464,"column":51}},"182":{"start":{"line":465,"column":2},"end":{"line":465,"column":66}},"183":{"start":{"line":466,"column":2},"end":{"line":466,"column":14}}},"fnMap":{"0":{"name":"checkAchievements","decl":{"start":{"line":85,"column":16},"end":{"line":85,"column":33}},"loc":{"start":{"line":85,"column":61},"end":{"line":155,"column":1}},"line":85},"1":{"name":"(anonymous_1)","decl":{"start":{"line":124,"column":46},"end":{"line":124,"column":47}},"loc":{"start":{"line":124,"column":51},"end":{"line":124,"column":102}},"line":124},"2":{"name":"(anonymous_2)","decl":{"start":{"line":138,"column":34},"end":{"line":138,"column":35}},"loc":{"start":{"line":138,"column":42},"end":{"line":138,"column":84}},"line":138},"3":{"name":"(anonymous_3)","decl":{"start":{"line":144,"column":40},"end":{"line":144,"column":41}},"loc":{"start":{"line":144,"column":47},"end":{"line":144,"column":53}},"line":144},"4":{"name":"(anonymous_4)","decl":{"start":{"line":145,"column":37},"end":{"line":145,"column":38}},"loc":{"start":{"line":145,"column":43},"end":{"line":148,"column":5}},"line":145},"5":{"name":"createInitialState","decl":{"start":{"line":163,"column":16},"end":{"line":163,"column":34}},"loc":{"start":{"line":163,"column":37},"end":{"line":174,"column":1}},"line":163},"6":{"name":"getState","decl":{"start":{"line":181,"column":16},"end":{"line":181,"column":24}},"loc":{"start":{"line":181,"column":32},"end":{"line":192,"column":1}},"line":181},"7":{"name":"restoreState","decl":{"start":{"line":199,"column":16},"end":{"line":199,"column":28}},"loc":{"start":{"line":199,"column":35},"end":{"line":209,"column":1}},"line":199},"8":{"name":"showDonation","decl":{"start":{"line":218,"column":16},"end":{"line":218,"column":28}},"loc":{"start":{"line":218,"column":42},"end":{"line":224,"column":1}},"line":218},"9":{"name":"randomOutcome","decl":{"start":{"line":238,"column":16},"end":{"line":238,"column":29}},"loc":{"start":{"line":238,"column":89},"end":{"line":253,"column":1}},"line":238},"10":{"name":"leftPath","decl":{"start":{"line":260,"column":16},"end":{"line":260,"column":24}},"loc":{"start":{"line":260,"column":32},"end":{"line":279,"column":1}},"line":260},"11":{"name":"rightPath","decl":{"start":{"line":286,"column":16},"end":{"line":286,"column":25}},"loc":{"start":{"line":286,"column":33},"end":{"line":301,"column":1}},"line":286},"12":{"name":"renderEndingHeader","decl":{"start":{"line":312,"column":16},"end":{"line":312,"column":34}},"loc":{"start":{"line":312,"column":75},"end":{"line":317,"column":1}},"line":312},"13":{"name":"neutralEnding","decl":{"start":{"line":324,"column":16},"end":{"line":324,"column":29}},"loc":{"start":{"line":324,"column":37},"end":{"line":340,"column":1}},"line":324},"14":{"name":"hiddenEnding","decl":{"start":{"line":347,"column":16},"end":{"line":347,"column":28}},"loc":{"start":{"line":347,"column":36},"end":{"line":366,"column":1}},"line":347},"15":{"name":"searchArea","decl":{"start":{"line":375,"column":16},"end":{"line":375,"column":26}},"loc":{"start":{"line":375,"column":34},"end":{"line":384,"column":1}},"line":375},"16":{"name":"checkHiddenPath","decl":{"start":{"line":393,"column":16},"end":{"line":393,"column":31}},"loc":{"start":{"line":393,"column":57},"end":{"line":408,"column":1}},"line":393},"17":{"name":"getChoices","decl":{"start":{"line":417,"column":16},"end":{"line":417,"column":26}},"loc":{"start":{"line":417,"column":34},"end":{"line":427,"column":1}},"line":417},"18":{"name":"handleChoice","decl":{"start":{"line":436,"column":16},"end":{"line":436,"column":28}},"loc":{"start":{"line":436,"column":62},"end":{"line":467,"column":1}},"line":436}},"branchMap":{"0":{"loc":{"start":{"line":87,"column":12},"end":{"line":87,"column":43}},"type":"binary-expr","locations":[{"start":{"line":87,"column":12},"end":{"line":87,"column":37}},{"start":{"line":87,"column":41},"end":{"line":87,"column":43}}],"line":87},"1":{"loc":{"start":{"line":89,"column":2},"end":{"line":95,"column":3}},"type":"if","locations":[{"start":{"line":89,"column":2},"end":{"line":95,"column":3}},{"start":{},"end":{}}],"line":89},"2":{"loc":{"start":{"line":90,"column":4},"end":{"line":90,"column":70}},"type":"if","locations":[{"start":{"line":90,"column":4},"end":{"line":90,"column":70}},{"start":{},"end":{}}],"line":90},"3":{"loc":{"start":{"line":91,"column":4},"end":{"line":93,"column":5}},"type":"if","locations":[{"start":{"line":91,"column":4},"end":{"line":93,"column":5}},{"start":{},"end":{}}],"line":91},"4":{"loc":{"start":{"line":91,"column":8},"end":{"line":91,"column":66}},"type":"binary-expr","locations":[{"start":{"line":91,"column":8},"end":{"line":91,"column":52}},{"start":{"line":91,"column":56},"end":{"line":91,"column":66}}],"line":91},"5":{"loc":{"start":{"line":91,"column":9},"end":{"line":91,"column":41}},"type":"binary-expr","locations":[{"start":{"line":91,"column":9},"end":{"line":91,"column":36}},{"start":{"line":91,"column":40},"end":{"line":91,"column":41}}],"line":91},"6":{"loc":{"start":{"line":97,"column":2},"end":{"line":100,"column":3}},"type":"if","locations":[{"start":{"line":97,"column":2},"end":{"line":100,"column":3}},{"start":{},"end":{}}],"line":97},"7":{"loc":{"start":{"line":98,"column":4},"end":{"line":98,"column":91}},"type":"if","locations":[{"start":{"line":98,"column":4},"end":{"line":98,"column":91}},{"start":{},"end":{}}],"line":98},"8":{"loc":{"start":{"line":98,"column":8},"end":{"line":98,"column":43}},"type":"binary-expr","locations":[{"start":{"line":98,"column":8},"end":{"line":98,"column":27}},{"start":{"line":98,"column":31},"end":{"line":98,"column":43}}],"line":98},"9":{"loc":{"start":{"line":99,"column":4},"end":{"line":99,"column":93}},"type":"if","locations":[{"start":{"line":99,"column":4},"end":{"line":99,"column":93}},{"start":{},"end":{}}],"line":99},"10":{"loc":{"start":{"line":99,"column":8},"end":{"line":99,"column":44}},"type":"binary-expr","locations":[{"start":{"line":99,"column":8},"end":{"line":99,"column":27}},{"start":{"line":99,"column":31},"end":{"line":99,"column":44}}],"line":99},"11":{"loc":{"start":{"line":102,"column":2},"end":{"line":130,"column":3}},"type":"if","locations":[{"start":{"line":102,"column":2},"end":{"line":130,"column":3}},{"start":{},"end":{}}],"line":102},"12":{"loc":{"start":{"line":103,"column":4},"end":{"line":103,"column":90}},"type":"if","locations":[{"start":{"line":103,"column":4},"end":{"line":103,"column":90}},{"start":{},"end":{}}],"line":103},"13":{"loc":{"start":{"line":103,"column":8},"end":{"line":103,"column":44}},"type":"binary-expr","locations":[{"start":{"line":103,"column":8},"end":{"line":103,"column":30}},{"start":{"line":103,"column":34},"end":{"line":103,"column":44}}],"line":103},"14":{"loc":{"start":{"line":104,"column":4},"end":{"line":104,"column":89}},"type":"if","locations":[{"start":{"line":104,"column":4},"end":{"line":104,"column":89}},{"start":{},"end":{}}],"line":104},"15":{"loc":{"start":{"line":104,"column":8},"end":{"line":104,"column":44}},"type":"binary-expr","locations":[{"start":{"line":104,"column":8},"end":{"line":104,"column":31}},{"start":{"line":104,"column":35},"end":{"line":104,"column":44}}],"line":104},"16":{"loc":{"start":{"line":105,"column":4},"end":{"line":105,"column":102}},"type":"if","locations":[{"start":{"line":105,"column":4},"end":{"line":105,"column":102}},{"start":{},"end":{}}],"line":105},"17":{"loc":{"start":{"line":105,"column":8},"end":{"line":105,"column":52}},"type":"binary-expr","locations":[{"start":{"line":105,"column":8},"end":{"line":105,"column":34}},{"start":{"line":105,"column":38},"end":{"line":105,"column":52}}],"line":105},"18":{"loc":{"start":{"line":106,"column":4},"end":{"line":106,"column":97}},"type":"if","locations":[{"start":{"line":106,"column":4},"end":{"line":106,"column":97}},{"start":{},"end":{}}],"line":106},"19":{"loc":{"start":{"line":106,"column":8},"end":{"line":106,"column":49}},"type":"binary-expr","locations":[{"start":{"line":106,"column":8},"end":{"line":106,"column":33}},{"start":{"line":106,"column":37},"end":{"line":106,"column":49}}],"line":106},"20":{"loc":{"start":{"line":108,"column":4},"end":{"line":112,"column":5}},"type":"if","locations":[{"start":{"line":108,"column":4},"end":{"line":112,"column":5}},{"start":{"line":110,"column":11},"end":{"line":112,"column":5}}],"line":108},"21":{"loc":{"start":{"line":109,"column":38},"end":{"line":109,"column":71}},"type":"binary-expr","locations":[{"start":{"line":109,"column":38},"end":{"line":109,"column":66}},{"start":{"line":109,"column":70},"end":{"line":109,"column":71}}],"line":109},"22":{"loc":{"start":{"line":110,"column":11},"end":{"line":112,"column":5}},"type":"if","locations":[{"start":{"line":110,"column":11},"end":{"line":112,"column":5}},{"start":{},"end":{}}],"line":110},"23":{"loc":{"start":{"line":113,"column":4},"end":{"line":115,"column":5}},"type":"if","locations":[{"start":{"line":113,"column":4},"end":{"line":115,"column":5}},{"start":{},"end":{}}],"line":113},"24":{"loc":{"start":{"line":113,"column":8},"end":{"line":113,"column":53}},"type":"binary-expr","locations":[{"start":{"line":113,"column":8},"end":{"line":113,"column":41}},{"start":{"line":113,"column":45},"end":{"line":113,"column":53}}],"line":113},"25":{"loc":{"start":{"line":117,"column":4},"end":{"line":119,"column":5}},"type":"if","locations":[{"start":{"line":117,"column":4},"end":{"line":119,"column":5}},{"start":{},"end":{}}],"line":117},"26":{"loc":{"start":{"line":117,"column":8},"end":{"line":117,"column":71}},"type":"binary-expr","locations":[{"start":{"line":117,"column":8},"end":{"line":117,"column":56}},{"start":{"line":117,"column":60},"end":{"line":117,"column":71}}],"line":117},"27":{"loc":{"start":{"line":117,"column":9},"end":{"line":117,"column":50}},"type":"binary-expr","locations":[{"start":{"line":117,"column":9},"end":{"line":117,"column":45}},{"start":{"line":117,"column":49},"end":{"line":117,"column":50}}],"line":117},"28":{"loc":{"start":{"line":122,"column":4},"end":{"line":129,"column":5}},"type":"if","locations":[{"start":{"line":122,"column":4},"end":{"line":129,"column":5}},{"start":{},"end":{}}],"line":122},"29":{"loc":{"start":{"line":125,"column":8},"end":{"line":127,"column":9}},"type":"if","locations":[{"start":{"line":125,"column":8},"end":{"line":127,"column":9}},{"start":{},"end":{}}],"line":125},"30":{"loc":{"start":{"line":132,"column":2},"end":{"line":140,"column":3}},"type":"if","locations":[{"start":{"line":132,"column":2},"end":{"line":140,"column":3}},{"start":{},"end":{}}],"line":132},"31":{"loc":{"start":{"line":133,"column":4},"end":{"line":133,"column":71}},"type":"if","locations":[{"start":{"line":133,"column":4},"end":{"line":133,"column":71}},{"start":{},"end":{}}],"line":133},"32":{"loc":{"start":{"line":134,"column":4},"end":{"line":136,"column":5}},"type":"if","locations":[{"start":{"line":134,"column":4},"end":{"line":136,"column":5}},{"start":{},"end":{}}],"line":134},"33":{"loc":{"start":{"line":139,"column":4},"end":{"line":139,"column":78}},"type":"if","locations":[{"start":{"line":139,"column":4},"end":{"line":139,"column":78}},{"start":{},"end":{}}],"line":139},"34":{"loc":{"start":{"line":139,"column":8},"end":{"line":139,"column":30}},"type":"binary-expr","locations":[{"start":{"line":139,"column":8},"end":{"line":139,"column":14}},{"start":{"line":139,"column":18},"end":{"line":139,"column":30}}],"line":139},"35":{"loc":{"start":{"line":143,"column":2},"end":{"line":152,"column":3}},"type":"if","locations":[{"start":{"line":143,"column":2},"end":{"line":152,"column":3}},{"start":{},"end":{}}],"line":143},"36":{"loc":{"start":{"line":146,"column":6},"end":{"line":146,"column":60}},"type":"if","locations":[{"start":{"line":146,"column":6},"end":{"line":146,"column":60}},{"start":{},"end":{}}],"line":146},"37":{"loc":{"start":{"line":147,"column":13},"end":{"line":147,"column":57}},"type":"binary-expr","locations":[{"start":{"line":147,"column":13},"end":{"line":147,"column":39}},{"start":{"line":147,"column":43},"end":{"line":147,"column":57}}],"line":147},"38":{"loc":{"start":{"line":149,"column":4},"end":{"line":151,"column":5}},"type":"if","locations":[{"start":{"line":149,"column":4},"end":{"line":151,"column":5}},{"start":{},"end":{}}],"line":149},"39":{"loc":{"start":{"line":149,"column":8},"end":{"line":149,"column":39}},"type":"binary-expr","locations":[{"start":{"line":149,"column":8},"end":{"line":149,"column":19}},{"start":{"line":149,"column":23},"end":{"line":149,"column":39}}],"line":149},"40":{"loc":{"start":{"line":201,"column":16},"end":{"line":201,"column":37}},"type":"binary-expr","locations":[{"start":{"line":201,"column":16},"end":{"line":201,"column":26}},{"start":{"line":201,"column":30},"end":{"line":201,"column":37}}],"line":201},"41":{"loc":{"start":{"line":202,"column":20},"end":{"line":202,"column":61}},"type":"cond-expr","locations":[{"start":{"line":202,"column":37},"end":{"line":202,"column":56}},{"start":{"line":202,"column":59},"end":{"line":202,"column":61}}],"line":202},"42":{"loc":{"start":{"line":203,"column":19},"end":{"line":203,"column":41}},"type":"binary-expr","locations":[{"start":{"line":203,"column":19},"end":{"line":203,"column":32}},{"start":{"line":203,"column":36},"end":{"line":203,"column":41}}],"line":203},"43":{"loc":{"start":{"line":204,"column":18},"end":{"line":204,"column":40}},"type":"binary-expr","locations":[{"start":{"line":204,"column":18},"end":{"line":204,"column":30}},{"start":{"line":204,"column":34},"end":{"line":204,"column":40}}],"line":204},"44":{"loc":{"start":{"line":205,"column":22},"end":{"line":205,"column":67}},"type":"cond-expr","locations":[{"start":{"line":205,"column":41},"end":{"line":205,"column":62}},{"start":{"line":205,"column":65},"end":{"line":205,"column":67}}],"line":205},"45":{"loc":{"start":{"line":206,"column":19},"end":{"line":206,"column":41}},"type":"binary-expr","locations":[{"start":{"line":206,"column":19},"end":{"line":206,"column":32}},{"start":{"line":206,"column":36},"end":{"line":206,"column":41}}],"line":206},"46":{"loc":{"start":{"line":207,"column":23},"end":{"line":207,"column":49}},"type":"binary-expr","locations":[{"start":{"line":207,"column":23},"end":{"line":207,"column":40}},{"start":{"line":207,"column":44},"end":{"line":207,"column":49}}],"line":207},"47":{"loc":{"start":{"line":238,"column":71},"end":{"line":238,"column":87}},"type":"default-arg","locations":[{"start":{"line":238,"column":83},"end":{"line":238,"column":87}}],"line":238},"48":{"loc":{"start":{"line":239,"column":2},"end":{"line":252,"column":3}},"type":"if","locations":[{"start":{"line":239,"column":2},"end":{"line":252,"column":3}},{"start":{"line":247,"column":9},"end":{"line":252,"column":3}}],"line":239},"49":{"loc":{"start":{"line":243,"column":4},"end":{"line":245,"column":5}},"type":"if","locations":[{"start":{"line":243,"column":4},"end":{"line":245,"column":5}},{"start":{},"end":{}}],"line":243},"50":{"loc":{"start":{"line":312,"column":55},"end":{"line":312,"column":73}},"type":"default-arg","locations":[{"start":{"line":312,"column":68},"end":{"line":312,"column":73}}],"line":312},"51":{"loc":{"start":{"line":393,"column":39},"end":{"line":393,"column":55}},"type":"default-arg","locations":[{"start":{"line":393,"column":51},"end":{"line":393,"column":55}}],"line":393},"52":{"loc":{"start":{"line":396,"column":2},"end":{"line":406,"column":3}},"type":"if","locations":[{"start":{"line":396,"column":2},"end":{"line":406,"column":3}},{"start":{},"end":{}}],"line":396},"53":{"loc":{"start":{"line":396,"column":6},"end":{"line":396,"column":22}},"type":"binary-expr","locations":[{"start":{"line":396,"column":6},"end":{"line":396,"column":12}},{"start":{"line":396,"column":16},"end":{"line":396,"column":22}}],"line":396},"54":{"loc":{"start":{"line":400,"column":4},"end":{"line":404,"column":5}},"type":"if","locations":[{"start":{"line":400,"column":4},"end":{"line":404,"column":5}},{"start":{},"end":{}}],"line":400},"55":{"loc":{"start":{"line":423,"column":2},"end":{"line":425,"column":3}},"type":"if","locations":[{"start":{"line":423,"column":2},"end":{"line":425,"column":3}},{"start":{},"end":{}}],"line":423},"56":{"loc":{"start":{"line":436,"column":44},"end":{"line":436,"column":60}},"type":"default-arg","locations":[{"start":{"line":436,"column":56},"end":{"line":436,"column":60}}],"line":436},"57":{"loc":{"start":{"line":437,"column":2},"end":{"line":437,"column":35}},"type":"if","locations":[{"start":{"line":437,"column":2},"end":{"line":437,"column":35}},{"start":{},"end":{}}],"line":437},"58":{"loc":{"start":{"line":439,"column":2},"end":{"line":444,"column":3}},"type":"if","locations":[{"start":{"line":439,"column":2},"end":{"line":444,"column":3}},{"start":{},"end":{}}],"line":439},"59":{"loc":{"start":{"line":440,"column":4},"end":{"line":442,"column":5}},"type":"if","locations":[{"start":{"line":440,"column":4},"end":{"line":442,"column":5}},{"start":{},"end":{}}],"line":440},"60":{"loc":{"start":{"line":446,"column":2},"end":{"line":451,"column":3}},"type":"if","locations":[{"start":{"line":446,"column":2},"end":{"line":451,"column":3}},{"start":{},"end":{}}],"line":446},"61":{"loc":{"start":{"line":447,"column":4},"end":{"line":449,"column":5}},"type":"if","locations":[{"start":{"line":447,"column":4},"end":{"line":449,"column":5}},{"start":{},"end":{}}],"line":447},"62":{"loc":{"start":{"line":453,"column":2},"end":{"line":456,"column":3}},"type":"if","locations":[{"start":{"line":453,"column":2},"end":{"line":456,"column":3}},{"start":{},"end":{}}],"line":453},"63":{"loc":{"start":{"line":458,"column":2},"end":{"line":461,"column":3}},"type":"if","locations":[{"start":{"line":458,"column":2},"end":{"line":461,"column":3}},{"start":{},"end":{}}],"line":458},"64":{"loc":{"start":{"line":458,"column":6},"end":{"line":458,"column":50}},"type":"binary-expr","locations":[{"start":{"line":458,"column":6},"end":{"line":458,"column":31}},{"start":{"line":458,"column":35},"end":{"line":458,"column":50}}],"line":458},"65":{"loc":{"start":{"line":464,"column":21},"end":{"line":464,"column":51}},"type":"cond-expr","locations":[{"start":{"line":464,"column":38},"end":{"line":464,"column":43}},{"start":{"line":464,"column":46},"end":{"line":464,"column":51}}],"line":464}},"s":{"0":3,"1":3,"2":3,"3":3,"4":3,"5":3,"6":3,"7":45,"8":45,"9":45,"10":17,"11":6,"12":17,"13":1,"14":17,"15":45,"16":4,"17":1,"18":4,"19":1,"20":45,"21":20,"22":10,"23":20,"24":3,"25":20,"26":2,"27":20,"28":2,"29":20,"30":11,"31":9,"32":3,"33":20,"34":1,"35":20,"36":1,"37":20,"38":18,"39":18,"40":29,"41":18,"42":2,"43":45,"44":3,"45":0,"46":3,"47":3,"48":3,"49":3,"50":8,"51":3,"52":1,"53":45,"54":27,"55":351,"56":27,"57":45,"58":1,"59":44,"60":27,"61":1,"62":45,"63":53,"64":2,"65":1,"66":1,"67":1,"68":1,"69":1,"70":1,"71":1,"72":1,"73":1,"74":25,"75":25,"76":25,"77":25,"78":25,"79":14,"80":4,"81":4,"82":4,"83":4,"84":2,"85":4,"86":10,"87":10,"88":10,"89":10,"90":7,"91":7,"92":7,"93":7,"94":7,"95":7,"96":7,"97":7,"98":4,"99":4,"100":4,"101":4,"102":4,"103":4,"104":4,"105":4,"106":15,"107":15,"108":15,"109":15,"110":6,"111":6,"112":6,"113":6,"114":6,"115":6,"116":6,"117":6,"118":6,"119":6,"120":6,"121":6,"122":6,"123":6,"124":7,"125":7,"126":7,"127":7,"128":7,"129":7,"130":7,"131":7,"132":7,"133":7,"134":7,"135":7,"136":7,"137":7,"138":7,"139":7,"140":7,"141":7,"142":7,"143":7,"144":7,"145":7,"146":7,"147":7,"148":7,"149":13,"150":13,"151":13,"152":8,"153":8,"154":8,"155":8,"156":5,"157":5,"158":5,"159":3,"160":8,"161":18,"162":18,"163":17,"164":18,"165":23,"166":1,"167":22,"168":6,"169":4,"170":6,"171":16,"172":3,"173":2,"174":3,"175":13,"176":4,"177":4,"178":9,"179":4,"180":4,"181":5,"182":5,"183":5},"f":{"0":45,"1":29,"2":8,"3":351,"4":45,"5":53,"6":2,"7":1,"8":25,"9":14,"10":7,"11":4,"12":15,"13":6,"14":7,"15":7,"16":13,"17":18,"18":23},"b":{"0":[45,0],"1":[17,28],"2":[6,11],"3":[1,16],"4":[17,2],"5":[17,5],"6":[4,41],"7":[1,3],"8":[4,1],"9":[1,3],"10":[4,1],"11":[20,25],"12":[10,10],"13":[20,11],"14":[3,17],"15":[20,3],"16":[2,18],"17":[20,4],"18":[2,18],"19":[20,2],"20":[11,9],"21":[11,8],"22":[3,6],"23":[1,19],"24":[20,1],"25":[1,19],"26":[20,1],"27":[20,13],"28":[18,2],"29":[2,16],"30":[3,42],"31":[0,3],"32":[3,0],"33":[1,2],"34":[3,1],"35":[27,18],"36":[1,44],"37":[44,38],"38":[1,26],"39":[27,1],"40":[1,0],"41":[1,0],"42":[1,1],"43":[1,0],"44":[1,0],"45":[1,1],"46":[1,1],"47":[4],"48":[4,10],"49":[2,2],"50":[7],"51":[1],"52":[8,5],"53":[13,8],"54":[5,3],"55":[17,1],"56":[16],"57":[1,22],"58":[6,16],"59":[4,2],"60":[3,13],"61":[2,1],"62":[4,9],"63":[4,5],"64":[9,6],"65":[3,2]},"_coverageSchema":"1a1c01bbd47fc00a2c39e90264f33305004495a9","hash":"3bdff51d87b0f935335791aeeffefc8b29303439"}
,"/workspace/project/web_adventure/renderer.js": {"path":"/workspace/project/web_adventure/renderer.js","statementMap":{"0":{"start":{"line":29,"column":10},"end":{"line":29,"column":45}},"1":{"start":{"line":29,"column":18},"end":{"line":29,"column":45}},"2":{"start":{"line":31,"column":16},"end":{"line":35,"column":1}},"3":{"start":{"line":37,"column":18},"end":{"line":37,"column":33}},"4":{"start":{"line":38,"column":25},"end":{"line":38,"column":37}},"5":{"start":{"line":39,"column":23},"end":{"line":39,"column":43}},"6":{"start":{"line":41,"column":20},"end":{"line":41,"column":37}},"7":{"start":{"line":42,"column":25},"end":{"line":42,"column":47}},"8":{"start":{"line":43,"column":20},"end":{"line":43,"column":37}},"9":{"start":{"line":44,"column":20},"end":{"line":44,"column":37}},"10":{"start":{"line":45,"column":21},"end":{"line":45,"column":39}},"11":{"start":{"line":46,"column":24},"end":{"line":46,"column":45}},"12":{"start":{"line":48,"column":19},"end":{"line":48,"column":36}},"13":{"start":{"line":49,"column":20},"end":{"line":49,"column":37}},"14":{"start":{"line":50,"column":19},"end":{"line":50,"column":36}},"15":{"start":{"line":51,"column":21},"end":{"line":51,"column":40}},"16":{"start":{"line":52,"column":16},"end":{"line":52,"column":29}},"17":{"start":{"line":53,"column":16},"end":{"line":53,"column":29}},"18":{"start":{"line":54,"column":23},"end":{"line":54,"column":44}},"19":{"start":{"line":55,"column":28},"end":{"line":55,"column":54}},"20":{"start":{"line":57,"column":16},"end":{"line":57,"column":26}},"21":{"start":{"line":60,"column":12},"end":{"line":60,"column":32}},"22":{"start":{"line":63,"column":22},"end":{"line":68,"column":1}},"23":{"start":{"line":70,"column":27},"end":{"line":75,"column":1}},"24":{"start":{"line":84,"column":2},"end":{"line":84,"column":30}},"25":{"start":{"line":85,"column":2},"end":{"line":85,"column":23}},"26":{"start":{"line":86,"column":2},"end":{"line":86,"column":46}},"27":{"start":{"line":94,"column":2},"end":{"line":94,"column":30}},"28":{"start":{"line":95,"column":2},"end":{"line":95,"column":23}},"29":{"start":{"line":96,"column":2},"end":{"line":96,"column":47}},"30":{"start":{"line":102,"column":2},"end":{"line":111,"column":5}},"31":{"start":{"line":103,"column":15},"end":{"line":103,"column":26}},"32":{"start":{"line":104,"column":4},"end":{"line":110,"column":5}},"33":{"start":{"line":105,"column":6},"end":{"line":105,"column":33}},"34":{"start":{"line":106,"column":6},"end":{"line":106,"column":17}},"35":{"start":{"line":108,"column":6},"end":{"line":108,"column":36}},"36":{"start":{"line":109,"column":6},"end":{"line":109,"column":30}},"37":{"start":{"line":112,"column":2},"end":{"line":112,"column":26}},"38":{"start":{"line":113,"column":2},"end":{"line":113,"column":29}},"39":{"start":{"line":120,"column":20},"end":{"line":120,"column":73}},"40":{"start":{"line":121,"column":2},"end":{"line":123,"column":5}},"41":{"start":{"line":122,"column":4},"end":{"line":122,"column":47}},"42":{"start":{"line":131,"column":2},"end":{"line":131,"column":22}},"43":{"start":{"line":132,"column":2},"end":{"line":132,"column":25}},"44":{"start":{"line":133,"column":2},"end":{"line":133,"column":37}},"45":{"start":{"line":133,"column":18},"end":{"line":133,"column":37}},"46":{"start":{"line":142,"column":2},"end":{"line":147,"column":3}},"47":{"start":{"line":143,"column":4},"end":{"line":143,"column":54}},"48":{"start":{"line":144,"column":4},"end":{"line":144,"column":59}},"49":{"start":{"line":145,"column":4},"end":{"line":145,"column":31}},"50":{"start":{"line":146,"column":4},"end":{"line":146,"column":38}},"51":{"start":{"line":148,"column":2},"end":{"line":148,"column":21}},"52":{"start":{"line":149,"column":2},"end":{"line":149,"column":33}},"53":{"start":{"line":150,"column":18},"end":{"line":150,"column":35}},"54":{"start":{"line":151,"column":2},"end":{"line":151,"column":25}},"55":{"start":{"line":152,"column":2},"end":{"line":152,"column":35}},"56":{"start":{"line":154,"column":22},"end":{"line":154,"column":67}},"57":{"start":{"line":155,"column":2},"end":{"line":155,"column":39}},"58":{"start":{"line":155,"column":19},"end":{"line":155,"column":39}},"59":{"start":{"line":163,"column":18},"end":{"line":163,"column":31}},"60":{"start":{"line":164,"column":18},"end":{"line":164,"column":39}},"61":{"start":{"line":165,"column":2},"end":{"line":169,"column":3}},"62":{"start":{"line":166,"column":4},"end":{"line":166,"column":51}},"63":{"start":{"line":168,"column":4},"end":{"line":168,"column":53}},"64":{"start":{"line":170,"column":2},"end":{"line":170,"column":99}},"65":{"start":{"line":173,"column":21},"end":{"line":173,"column":23}},"66":{"start":{"line":174,"column":17},"end":{"line":174,"column":22}},"67":{"start":{"line":175,"column":2},"end":{"line":182,"column":5}},"68":{"start":{"line":176,"column":4},"end":{"line":179,"column":5}},"69":{"start":{"line":177,"column":6},"end":{"line":177,"column":27}},"70":{"start":{"line":178,"column":6},"end":{"line":178,"column":13}},"71":{"start":{"line":180,"column":4},"end":{"line":180,"column":25}},"72":{"start":{"line":180,"column":18},"end":{"line":180,"column":25}},"73":{"start":{"line":181,"column":4},"end":{"line":181,"column":26}},"74":{"start":{"line":184,"column":2},"end":{"line":184,"column":29}},"75":{"start":{"line":185,"column":2},"end":{"line":189,"column":5}},"76":{"start":{"line":186,"column":14},"end":{"line":186,"column":41}},"77":{"start":{"line":187,"column":4},"end":{"line":187,"column":25}},"78":{"start":{"line":188,"column":4},"end":{"line":188,"column":31}},"79":{"start":{"line":192,"column":23},"end":{"line":192,"column":40}},"80":{"start":{"line":193,"column":19},"end":{"line":193,"column":54}},"81":{"start":{"line":194,"column":14},"end":{"line":194,"column":46}},"82":{"start":{"line":195,"column":2},"end":{"line":195,"column":37}},"83":{"start":{"line":196,"column":2},"end":{"line":196,"column":39}},"84":{"start":{"line":197,"column":2},"end":{"line":197,"column":42}},"85":{"start":{"line":198,"column":2},"end":{"line":200,"column":3}},"86":{"start":{"line":199,"column":4},"end":{"line":199,"column":66}},"87":{"start":{"line":202,"column":2},"end":{"line":202,"column":23}},"88":{"start":{"line":208,"column":2},"end":{"line":210,"column":3}},"89":{"start":{"line":209,"column":4},"end":{"line":209,"column":18}},"90":{"start":{"line":211,"column":2},"end":{"line":211,"column":17}},"91":{"start":{"line":219,"column":18},"end":{"line":219,"column":69}},"92":{"start":{"line":220,"column":15},"end":{"line":220,"column":52}},"93":{"start":{"line":221,"column":2},"end":{"line":221,"column":60}},"94":{"start":{"line":222,"column":2},"end":{"line":224,"column":30}},"95":{"start":{"line":223,"column":4},"end":{"line":223,"column":51}},"96":{"start":{"line":232,"column":16},"end":{"line":234,"column":6}},"97":{"start":{"line":233,"column":4},"end":{"line":233,"column":87}},"98":{"start":{"line":233,"column":10},"end":{"line":233,"column":58}},"99":{"start":{"line":233,"column":73},"end":{"line":233,"column":85}},"100":{"start":{"line":235,"column":16},"end":{"line":235,"column":44}},"101":{"start":{"line":236,"column":2},"end":{"line":238,"column":3}},"102":{"start":{"line":237,"column":4},"end":{"line":237,"column":64}},"103":{"start":{"line":249,"column":2},"end":{"line":249,"column":32}},"104":{"start":{"line":250,"column":2},"end":{"line":250,"column":34}},"105":{"start":{"line":251,"column":2},"end":{"line":251,"column":18}},"106":{"start":{"line":252,"column":2},"end":{"line":254,"column":15}},"107":{"start":{"line":253,"column":4},"end":{"line":253,"column":35}},"108":{"start":{"line":264,"column":2},"end":{"line":264,"column":27}},"109":{"start":{"line":265,"column":2},"end":{"line":271,"column":3}},"110":{"start":{"line":266,"column":14},"end":{"line":266,"column":41}},"111":{"start":{"line":267,"column":4},"end":{"line":267,"column":36}},"112":{"start":{"line":268,"column":4},"end":{"line":268,"column":40}},"113":{"start":{"line":269,"column":4},"end":{"line":269,"column":29}},"114":{"start":{"line":270,"column":4},"end":{"line":270,"column":11}},"115":{"start":{"line":272,"column":2},"end":{"line":281,"column":5}},"116":{"start":{"line":273,"column":14},"end":{"line":273,"column":41}},"117":{"start":{"line":274,"column":4},"end":{"line":274,"column":36}},"118":{"start":{"line":275,"column":4},"end":{"line":279,"column":5}},"119":{"start":{"line":276,"column":6},"end":{"line":276,"column":29}},"120":{"start":{"line":278,"column":6},"end":{"line":278,"column":27}},"121":{"start":{"line":280,"column":4},"end":{"line":280,"column":29}},"122":{"start":{"line":283,"column":22},"end":{"line":283,"column":39}},"123":{"start":{"line":284,"column":2},"end":{"line":286,"column":3}},"124":{"start":{"line":285,"column":4},"end":{"line":285,"column":53}},"125":{"start":{"line":294,"column":2},"end":{"line":294,"column":34}},"126":{"start":{"line":295,"column":2},"end":{"line":303,"column":5}},"127":{"start":{"line":296,"column":16},"end":{"line":296,"column":48}},"128":{"start":{"line":297,"column":4},"end":{"line":297,"column":37}},"129":{"start":{"line":298,"column":4},"end":{"line":298,"column":49}},"130":{"start":{"line":299,"column":4},"end":{"line":299,"column":49}},"131":{"start":{"line":300,"column":4},"end":{"line":300,"column":57}},"132":{"start":{"line":301,"column":4},"end":{"line":301,"column":64}},"133":{"start":{"line":301,"column":40},"end":{"line":301,"column":62}},"134":{"start":{"line":302,"column":4},"end":{"line":302,"column":38}},"135":{"start":{"line":311,"column":2},"end":{"line":315,"column":3}},"136":{"start":{"line":312,"column":4},"end":{"line":312,"column":38}},"137":{"start":{"line":314,"column":4},"end":{"line":314,"column":50}},"138":{"start":{"line":319,"column":18},"end":{"line":319,"column":31}},"139":{"start":{"line":320,"column":2},"end":{"line":324,"column":3}},"140":{"start":{"line":321,"column":17},"end":{"line":321,"column":44}},"141":{"start":{"line":322,"column":19},"end":{"line":322,"column":39}},"142":{"start":{"line":323,"column":4},"end":{"line":323,"column":87}},"143":{"start":{"line":325,"column":2},"end":{"line":329,"column":3}},"144":{"start":{"line":326,"column":17},"end":{"line":326,"column":44}},"145":{"start":{"line":327,"column":19},"end":{"line":327,"column":39}},"146":{"start":{"line":328,"column":4},"end":{"line":328,"column":89}},"147":{"start":{"line":330,"column":2},"end":{"line":330,"column":44}},"148":{"start":{"line":334,"column":2},"end":{"line":334,"column":46}},"149":{"start":{"line":339,"column":17},"end":{"line":339,"column":37}},"150":{"start":{"line":340,"column":24},"end":{"line":340,"column":52}},"151":{"start":{"line":343,"column":2},"end":{"line":349,"column":3}},"152":{"start":{"line":344,"column":17},"end":{"line":344,"column":32}},"153":{"start":{"line":345,"column":4},"end":{"line":345,"column":57}},"154":{"start":{"line":346,"column":4},"end":{"line":346,"column":35}},"155":{"start":{"line":348,"column":4},"end":{"line":348,"column":37}},"156":{"start":{"line":350,"column":2},"end":{"line":350,"column":25}},"157":{"start":{"line":354,"column":2},"end":{"line":369,"column":3}},"158":{"start":{"line":355,"column":16},"end":{"line":355,"column":46}},"159":{"start":{"line":356,"column":4},"end":{"line":356,"column":26}},"160":{"start":{"line":356,"column":14},"end":{"line":356,"column":26}},"161":{"start":{"line":357,"column":17},"end":{"line":357,"column":32}},"162":{"start":{"line":358,"column":4},"end":{"line":361,"column":5}},"163":{"start":{"line":359,"column":6},"end":{"line":359,"column":40}},"164":{"start":{"line":360,"column":6},"end":{"line":360,"column":18}},"165":{"start":{"line":362,"column":4},"end":{"line":362,"column":31}},"166":{"start":{"line":363,"column":4},"end":{"line":363,"column":26}},"167":{"start":{"line":364,"column":4},"end":{"line":364,"column":17}},"168":{"start":{"line":366,"column":4},"end":{"line":366,"column":38}},"169":{"start":{"line":367,"column":4},"end":{"line":367,"column":49}},"170":{"start":{"line":368,"column":4},"end":{"line":368,"column":16}},"171":{"start":{"line":373,"column":2},"end":{"line":380,"column":3}},"172":{"start":{"line":374,"column":16},"end":{"line":374,"column":46}},"173":{"start":{"line":375,"column":4},"end":{"line":375,"column":27}},"174":{"start":{"line":375,"column":14},"end":{"line":375,"column":27}},"175":{"start":{"line":376,"column":17},"end":{"line":376,"column":32}},"176":{"start":{"line":377,"column":4},"end":{"line":377,"column":38}},"177":{"start":{"line":379,"column":4},"end":{"line":379,"column":17}},"178":{"start":{"line":384,"column":2},"end":{"line":391,"column":4}},"179":{"start":{"line":388,"column":63},"end":{"line":388,"column":76}},"180":{"start":{"line":395,"column":2},"end":{"line":419,"column":3}},"181":{"start":{"line":396,"column":16},"end":{"line":396,"column":53}},"182":{"start":{"line":397,"column":4},"end":{"line":397,"column":46}},"183":{"start":{"line":397,"column":14},"end":{"line":397,"column":46}},"184":{"start":{"line":399,"column":17},"end":{"line":399,"column":32}},"185":{"start":{"line":401,"column":4},"end":{"line":411,"column":5}},"186":{"start":{"line":402,"column":6},"end":{"line":402,"column":64}},"187":{"start":{"line":403,"column":6},"end":{"line":403,"column":31}},"188":{"start":{"line":404,"column":6},"end":{"line":404,"column":31}},"189":{"start":{"line":405,"column":6},"end":{"line":410,"column":7}},"190":{"start":{"line":406,"column":8},"end":{"line":406,"column":83}},"191":{"start":{"line":406,"column":50},"end":{"line":406,"column":83}},"192":{"start":{"line":407,"column":8},"end":{"line":407,"column":83}},"193":{"start":{"line":407,"column":51},"end":{"line":407,"column":83}},"194":{"start":{"line":408,"column":8},"end":{"line":408,"column":91}},"195":{"start":{"line":408,"column":54},"end":{"line":408,"column":91}},"196":{"start":{"line":409,"column":8},"end":{"line":409,"column":88}},"197":{"start":{"line":409,"column":53},"end":{"line":409,"column":88}},"198":{"start":{"line":413,"column":4},"end":{"line":415,"column":7}},"199":{"start":{"line":414,"column":6},"end":{"line":414,"column":76}},"200":{"start":{"line":414,"column":42},"end":{"line":414,"column":76}},"201":{"start":{"line":416,"column":4},"end":{"line":416,"column":16}},"202":{"start":{"line":418,"column":4},"end":{"line":418,"column":36}},"203":{"start":{"line":423,"column":2},"end":{"line":435,"column":30}},"204":{"start":{"line":424,"column":25},"end":{"line":424,"column":42}},"205":{"start":{"line":425,"column":4},"end":{"line":427,"column":5}},"206":{"start":{"line":426,"column":6},"end":{"line":426,"column":50}},"207":{"start":{"line":428,"column":4},"end":{"line":428,"column":73}},"208":{"start":{"line":429,"column":20},"end":{"line":429,"column":97}},"209":{"start":{"line":430,"column":4},"end":{"line":433,"column":5}},"210":{"start":{"line":431,"column":6},"end":{"line":431,"column":40}},"211":{"start":{"line":432,"column":6},"end":{"line":432,"column":71}},"212":{"start":{"line":432,"column":30},"end":{"line":432,"column":67}},"213":{"start":{"line":434,"column":4},"end":{"line":434,"column":72}},"214":{"start":{"line":439,"column":2},"end":{"line":443,"column":3}},"215":{"start":{"line":440,"column":4},"end":{"line":440,"column":35}},"216":{"start":{"line":442,"column":4},"end":{"line":442,"column":39}},"217":{"start":{"line":456,"column":19},"end":{"line":456,"column":48}},"218":{"start":{"line":459,"column":14},"end":{"line":459,"column":58}},"219":{"start":{"line":460,"column":2},"end":{"line":465,"column":3}},"220":{"start":{"line":461,"column":4},"end":{"line":461,"column":42}},"221":{"start":{"line":462,"column":4},"end":{"line":462,"column":35}},"222":{"start":{"line":463,"column":4},"end":{"line":463,"column":42}},"223":{"start":{"line":464,"column":4},"end":{"line":464,"column":37}},"224":{"start":{"line":468,"column":2},"end":{"line":468,"column":33}},"225":{"start":{"line":469,"column":2},"end":{"line":469,"column":40}},"226":{"start":{"line":470,"column":2},"end":{"line":470,"column":31}},"227":{"start":{"line":471,"column":2},"end":{"line":471,"column":66}},"228":{"start":{"line":472,"column":2},"end":{"line":472,"column":23}},"229":{"start":{"line":475,"column":17},"end":{"line":475,"column":47}},"230":{"start":{"line":476,"column":2},"end":{"line":476,"column":40}},"231":{"start":{"line":477,"column":2},"end":{"line":477,"column":48}},"232":{"start":{"line":478,"column":2},"end":{"line":478,"column":28}},"233":{"start":{"line":481,"column":18},"end":{"line":481,"column":46}},"234":{"start":{"line":482,"column":2},"end":{"line":482,"column":42}},"235":{"start":{"line":483,"column":2},"end":{"line":483,"column":69}},"236":{"start":{"line":484,"column":2},"end":{"line":484,"column":29}},"237":{"start":{"line":487,"column":17},"end":{"line":487,"column":44}},"238":{"start":{"line":488,"column":2},"end":{"line":488,"column":47}},"239":{"start":{"line":489,"column":2},"end":{"line":489,"column":75}},"240":{"start":{"line":490,"column":2},"end":{"line":490,"column":28}},"241":{"start":{"line":493,"column":16},"end":{"line":493,"column":48}},"242":{"start":{"line":494,"column":2},"end":{"line":494,"column":45}},"243":{"start":{"line":495,"column":2},"end":{"line":495,"column":27}},"244":{"start":{"line":496,"column":2},"end":{"line":499,"column":5}},"245":{"start":{"line":497,"column":4},"end":{"line":497,"column":34}},"246":{"start":{"line":498,"column":4},"end":{"line":498,"column":19}},"247":{"start":{"line":500,"column":2},"end":{"line":500,"column":27}},"248":{"start":{"line":503,"column":2},"end":{"line":503,"column":49}},"249":{"start":{"line":506,"column":4},"end":{"line":506,"column":54}},"250":{"start":{"line":507,"column":4},"end":{"line":507,"column":36}},"251":{"start":{"line":508,"column":4},"end":{"line":512,"column":12}},"252":{"start":{"line":509,"column":6},"end":{"line":511,"column":7}},"253":{"start":{"line":510,"column":8},"end":{"line":510,"column":44}},"254":{"start":{"line":516,"column":26},"end":{"line":518,"column":10}},"255":{"start":{"line":517,"column":4},"end":{"line":517,"column":19}},"256":{"start":{"line":528,"column":2},"end":{"line":528,"column":59}},"257":{"start":{"line":528,"column":52},"end":{"line":528,"column":59}},"258":{"start":{"line":529,"column":23},"end":{"line":529,"column":40}},"259":{"start":{"line":530,"column":18},"end":{"line":530,"column":20}},"260":{"start":{"line":531,"column":2},"end":{"line":542,"column":5}},"261":{"start":{"line":532,"column":16},"end":{"line":532,"column":55}},"262":{"start":{"line":532,"column":43},"end":{"line":532,"column":54}},"263":{"start":{"line":533,"column":4},"end":{"line":541,"column":5}},"264":{"start":{"line":534,"column":6},"end":{"line":540,"column":9}},"265":{"start":{"line":543,"column":2},"end":{"line":543,"column":52}},"266":{"start":{"line":543,"column":25},"end":{"line":543,"column":50}},"267":{"start":{"line":553,"column":23},"end":{"line":553,"column":40}},"268":{"start":{"line":554,"column":18},"end":{"line":554,"column":61}},"269":{"start":{"line":555,"column":2},"end":{"line":559,"column":3}},"270":{"start":{"line":556,"column":4},"end":{"line":556,"column":46}},"271":{"start":{"line":557,"column":4},"end":{"line":557,"column":38}},"272":{"start":{"line":558,"column":4},"end":{"line":558,"column":41}},"273":{"start":{"line":561,"column":2},"end":{"line":561,"column":27}},"274":{"start":{"line":562,"column":16},"end":{"line":562,"column":39}},"275":{"start":{"line":563,"column":24},"end":{"line":563,"column":105}},"276":{"start":{"line":563,"column":55},"end":{"line":563,"column":97}},"277":{"start":{"line":565,"column":2},"end":{"line":573,"column":5}},"278":{"start":{"line":566,"column":23},"end":{"line":566,"column":65}},"279":{"start":{"line":568,"column":4},"end":{"line":568,"column":42}},"280":{"start":{"line":568,"column":35},"end":{"line":568,"column":42}},"281":{"start":{"line":569,"column":17},"end":{"line":569,"column":46}},"282":{"start":{"line":570,"column":4},"end":{"line":570,"column":72}},"283":{"start":{"line":571,"column":4},"end":{"line":571,"column":53}},"284":{"start":{"line":572,"column":4},"end":{"line":572,"column":32}},"285":{"start":{"line":575,"column":2},"end":{"line":586,"column":3}},"286":{"start":{"line":576,"column":21},"end":{"line":576,"column":53}},"287":{"start":{"line":577,"column":4},"end":{"line":577,"column":63}},"288":{"start":{"line":578,"column":22},"end":{"line":580,"column":5}},"289":{"start":{"line":581,"column":4},"end":{"line":581,"column":41}},"290":{"start":{"line":582,"column":4},"end":{"line":584,"column":7}},"291":{"start":{"line":583,"column":6},"end":{"line":583,"column":82}},"292":{"start":{"line":585,"column":4},"end":{"line":585,"column":36}},"293":{"start":{"line":592,"column":24},"end":{"line":592,"column":44}},"294":{"start":{"line":593,"column":23},"end":{"line":593,"column":55}},"295":{"start":{"line":596,"column":2},"end":{"line":615,"column":30}},"296":{"start":{"line":597,"column":25},"end":{"line":597,"column":42}},"297":{"start":{"line":598,"column":18},"end":{"line":598,"column":88}},"298":{"start":{"line":601,"column":21},"end":{"line":601,"column":82}},"299":{"start":{"line":601,"column":52},"end":{"line":601,"column":81}},"300":{"start":{"line":602,"column":4},"end":{"line":605,"column":7}},"301":{"start":{"line":603,"column":22},"end":{"line":603,"column":92}},"302":{"start":{"line":604,"column":6},"end":{"line":604,"column":41}},"303":{"start":{"line":607,"column":4},"end":{"line":614,"column":5}},"304":{"start":{"line":608,"column":6},"end":{"line":608,"column":40}},"305":{"start":{"line":609,"column":6},"end":{"line":609,"column":71}},"306":{"start":{"line":609,"column":30},"end":{"line":609,"column":67}},"307":{"start":{"line":610,"column":6},"end":{"line":610,"column":74}},"308":{"start":{"line":613,"column":6},"end":{"line":613,"column":74}},"309":{"start":{"line":617,"column":2},"end":{"line":622,"column":3}},"310":{"start":{"line":618,"column":4},"end":{"line":618,"column":32}},"311":{"start":{"line":619,"column":4},"end":{"line":619,"column":23}},"312":{"start":{"line":620,"column":9},"end":{"line":622,"column":3}},"313":{"start":{"line":621,"column":4},"end":{"line":621,"column":21}},"314":{"start":{"line":626,"column":2},"end":{"line":626,"column":31}},"315":{"start":{"line":628,"column":2},"end":{"line":637,"column":30}},"316":{"start":{"line":629,"column":25},"end":{"line":629,"column":42}},"317":{"start":{"line":630,"column":4},"end":{"line":630,"column":73}},"318":{"start":{"line":631,"column":20},"end":{"line":631,"column":74}},"319":{"start":{"line":632,"column":4},"end":{"line":635,"column":5}},"320":{"start":{"line":633,"column":6},"end":{"line":633,"column":40}},"321":{"start":{"line":634,"column":6},"end":{"line":634,"column":71}},"322":{"start":{"line":634,"column":30},"end":{"line":634,"column":67}},"323":{"start":{"line":636,"column":4},"end":{"line":636,"column":72}},"324":{"start":{"line":638,"column":2},"end":{"line":638,"column":19}},"325":{"start":{"line":642,"column":17},"end":{"line":642,"column":27}},"326":{"start":{"line":643,"column":2},"end":{"line":647,"column":3}},"327":{"start":{"line":644,"column":4},"end":{"line":644,"column":21}},"328":{"start":{"line":646,"column":4},"end":{"line":646,"column":37}},"329":{"start":{"line":651,"column":2},"end":{"line":651,"column":20}},"330":{"start":{"line":655,"column":2},"end":{"line":655,"column":17}},"331":{"start":{"line":661,"column":2},"end":{"line":690,"column":3}},"332":{"start":{"line":662,"column":16},"end":{"line":662,"column":21}},"333":{"start":{"line":663,"column":20},"end":{"line":663,"column":37}},"334":{"start":{"line":664,"column":22},"end":{"line":669,"column":5}},"335":{"start":{"line":670,"column":4},"end":{"line":678,"column":5}},"336":{"start":{"line":671,"column":20},"end":{"line":671,"column":34}},"337":{"start":{"line":672,"column":20},"end":{"line":672,"column":58}},"338":{"start":{"line":672,"column":40},"end":{"line":672,"column":57}},"339":{"start":{"line":673,"column":6},"end":{"line":677,"column":7}},"340":{"start":{"line":674,"column":8},"end":{"line":674,"column":27}},"341":{"start":{"line":675,"column":8},"end":{"line":675,"column":24}},"342":{"start":{"line":676,"column":8},"end":{"line":676,"column":15}},"343":{"start":{"line":679,"column":4},"end":{"line":683,"column":5}},"344":{"start":{"line":680,"column":6},"end":{"line":680,"column":25}},"345":{"start":{"line":681,"column":6},"end":{"line":681,"column":17}},"346":{"start":{"line":682,"column":6},"end":{"line":682,"column":13}},"347":{"start":{"line":684,"column":4},"end":{"line":689,"column":5}},"348":{"start":{"line":685,"column":6},"end":{"line":685,"column":25}},"349":{"start":{"line":686,"column":6},"end":{"line":688,"column":7}},"350":{"start":{"line":687,"column":8},"end":{"line":687,"column":20}},"351":{"start":{"line":696,"column":2},"end":{"line":696,"column":14}},"352":{"start":{"line":699,"column":2},"end":{"line":699,"column":53}},"353":{"start":{"line":700,"column":2},"end":{"line":700,"column":54}},"354":{"start":{"line":701,"column":2},"end":{"line":701,"column":50}},"355":{"start":{"line":702,"column":2},"end":{"line":702,"column":52}},"356":{"start":{"line":703,"column":2},"end":{"line":703,"column":46}},"357":{"start":{"line":704,"column":2},"end":{"line":704,"column":56}},"358":{"start":{"line":707,"column":2},"end":{"line":711,"column":5}},"359":{"start":{"line":708,"column":4},"end":{"line":710,"column":5}},"360":{"start":{"line":709,"column":6},"end":{"line":709,"column":18}},"361":{"start":{"line":714,"column":2},"end":{"line":722,"column":5}},"362":{"start":{"line":715,"column":17},"end":{"line":715,"column":38}},"363":{"start":{"line":716,"column":4},"end":{"line":721,"column":5}},"364":{"start":{"line":717,"column":6},"end":{"line":717,"column":30}},"365":{"start":{"line":718,"column":6},"end":{"line":718,"column":35}},"366":{"start":{"line":720,"column":6},"end":{"line":720,"column":34}},"367":{"start":{"line":725,"column":2},"end":{"line":725,"column":54}},"368":{"start":{"line":728,"column":2},"end":{"line":728,"column":25}},"369":{"start":{"line":731,"column":2},"end":{"line":731,"column":20}},"370":{"start":{"line":735,"column":0},"end":{"line":739,"column":1}},"371":{"start":{"line":736,"column":2},"end":{"line":736,"column":54}},"372":{"start":{"line":738,"column":2},"end":{"line":738,"column":9}}},"fnMap":{"0":{"name":"(anonymous_0)","decl":{"start":{"line":29,"column":10},"end":{"line":29,"column":11}},"loc":{"start":{"line":29,"column":18},"end":{"line":29,"column":45}},"line":29},"1":{"name":"fadeIn","decl":{"start":{"line":83,"column":16},"end":{"line":83,"column":22}},"loc":{"start":{"line":83,"column":27},"end":{"line":87,"column":1}},"line":83},"2":{"name":"fadeOut","decl":{"start":{"line":93,"column":16},"end":{"line":93,"column":23}},"loc":{"start":{"line":93,"column":28},"end":{"line":97,"column":1}},"line":93},"3":{"name":"showScreen","decl":{"start":{"line":101,"column":9},"end":{"line":101,"column":19}},"loc":{"start":{"line":101,"column":30},"end":{"line":114,"column":1}},"line":101},"4":{"name":"(anonymous_4)","decl":{"start":{"line":102,"column":31},"end":{"line":102,"column":32}},"loc":{"start":{"line":102,"column":39},"end":{"line":111,"column":3}},"line":102},"5":{"name":"updateDonationVisibility","decl":{"start":{"line":119,"column":9},"end":{"line":119,"column":33}},"loc":{"start":{"line":119,"column":36},"end":{"line":124,"column":1}},"line":119},"6":{"name":"(anonymous_6)","decl":{"start":{"line":121,"column":117},"end":{"line":121,"column":118}},"loc":{"start":{"line":121,"column":125},"end":{"line":123,"column":3}},"line":121},"7":{"name":"showTitleScreen","decl":{"start":{"line":130,"column":16},"end":{"line":130,"column":31}},"loc":{"start":{"line":130,"column":34},"end":{"line":134,"column":1}},"line":130},"8":{"name":"showGameScreen","decl":{"start":{"line":140,"column":16},"end":{"line":140,"column":30}},"loc":{"start":{"line":140,"column":33},"end":{"line":156,"column":1}},"line":140},"9":{"name":"showEndingScreen","decl":{"start":{"line":162,"column":16},"end":{"line":162,"column":32}},"loc":{"start":{"line":162,"column":35},"end":{"line":203,"column":1}},"line":162},"10":{"name":"(anonymous_10)","decl":{"start":{"line":175,"column":28},"end":{"line":175,"column":29}},"loc":{"start":{"line":175,"column":38},"end":{"line":182,"column":3}},"line":175},"11":{"name":"(anonymous_11)","decl":{"start":{"line":185,"column":21},"end":{"line":185,"column":22}},"loc":{"start":{"line":185,"column":31},"end":{"line":189,"column":3}},"line":185},"12":{"name":"getPreferredTheme","decl":{"start":{"line":207,"column":9},"end":{"line":207,"column":26}},"loc":{"start":{"line":207,"column":29},"end":{"line":212,"column":1}},"line":207},"13":{"name":"toggleTheme","decl":{"start":{"line":218,"column":16},"end":{"line":218,"column":27}},"loc":{"start":{"line":218,"column":30},"end":{"line":225,"column":1}},"line":218},"14":{"name":"initTheme","decl":{"start":{"line":231,"column":16},"end":{"line":231,"column":25}},"loc":{"start":{"line":231,"column":28},"end":{"line":239,"column":1}},"line":231},"15":{"name":"(anonymous_15)","decl":{"start":{"line":232,"column":17},"end":{"line":232,"column":18}},"loc":{"start":{"line":232,"column":23},"end":{"line":234,"column":3}},"line":232},"16":{"name":"showNotification","decl":{"start":{"line":248,"column":16},"end":{"line":248,"column":32}},"loc":{"start":{"line":248,"column":59},"end":{"line":255,"column":1}},"line":248},"17":{"name":"(anonymous_17)","decl":{"start":{"line":252,"column":13},"end":{"line":252,"column":14}},"loc":{"start":{"line":252,"column":19},"end":{"line":254,"column":3}},"line":252},"18":{"name":"updateStory","decl":{"start":{"line":263,"column":16},"end":{"line":263,"column":27}},"loc":{"start":{"line":263,"column":39},"end":{"line":287,"column":1}},"line":263},"19":{"name":"(anonymous_19)","decl":{"start":{"line":272,"column":20},"end":{"line":272,"column":21}},"loc":{"start":{"line":272,"column":30},"end":{"line":281,"column":3}},"line":272},"20":{"name":"updateChoices","decl":{"start":{"line":293,"column":16},"end":{"line":293,"column":29}},"loc":{"start":{"line":293,"column":39},"end":{"line":304,"column":1}},"line":293},"21":{"name":"(anonymous_21)","decl":{"start":{"line":295,"column":18},"end":{"line":295,"column":19}},"loc":{"start":{"line":295,"column":30},"end":{"line":303,"column":3}},"line":295},"22":{"name":"(anonymous_22)","decl":{"start":{"line":301,"column":34},"end":{"line":301,"column":35}},"loc":{"start":{"line":301,"column":40},"end":{"line":301,"column":62}},"line":301},"23":{"name":"updateInventory","decl":{"start":{"line":310,"column":16},"end":{"line":310,"column":31}},"loc":{"start":{"line":310,"column":39},"end":{"line":316,"column":1}},"line":310},"24":{"name":"getEndingTitle","decl":{"start":{"line":318,"column":9},"end":{"line":318,"column":23}},"loc":{"start":{"line":318,"column":31},"end":{"line":331,"column":1}},"line":318},"25":{"name":"getEndingDecoration","decl":{"start":{"line":333,"column":9},"end":{"line":333,"column":28}},"loc":{"start":{"line":333,"column":38},"end":{"line":335,"column":1}},"line":333},"26":{"name":"saveGame","decl":{"start":{"line":342,"column":9},"end":{"line":342,"column":17}},"loc":{"start":{"line":342,"column":20},"end":{"line":351,"column":1}},"line":342},"27":{"name":"loadGame","decl":{"start":{"line":353,"column":9},"end":{"line":353,"column":17}},"loc":{"start":{"line":353,"column":20},"end":{"line":370,"column":1}},"line":353},"28":{"name":"hasSaveData","decl":{"start":{"line":372,"column":9},"end":{"line":372,"column":20}},"loc":{"start":{"line":372,"column":23},"end":{"line":381,"column":1}},"line":372},"29":{"name":"defaultAchievementData","decl":{"start":{"line":383,"column":9},"end":{"line":383,"column":31}},"loc":{"start":{"line":383,"column":34},"end":{"line":392,"column":1}},"line":383},"30":{"name":"(anonymous_30)","decl":{"start":{"line":388,"column":58},"end":{"line":388,"column":59}},"loc":{"start":{"line":388,"column":63},"end":{"line":388,"column":76}},"line":388},"31":{"name":"getAchievements","decl":{"start":{"line":394,"column":16},"end":{"line":394,"column":31}},"loc":{"start":{"line":394,"column":34},"end":{"line":420,"column":1}},"line":394},"32":{"name":"(anonymous_32)","decl":{"start":{"line":413,"column":29},"end":{"line":413,"column":30}},"loc":{"start":{"line":413,"column":36},"end":{"line":415,"column":5}},"line":413},"33":{"name":"recordEnding","decl":{"start":{"line":422,"column":16},"end":{"line":422,"column":28}},"loc":{"start":{"line":422,"column":39},"end":{"line":436,"column":1}},"line":422},"34":{"name":"(anonymous_34)","decl":{"start":{"line":432,"column":22},"end":{"line":432,"column":23}},"loc":{"start":{"line":432,"column":28},"end":{"line":432,"column":69}},"line":432},"35":{"name":"updateContinueButton","decl":{"start":{"line":438,"column":9},"end":{"line":438,"column":29}},"loc":{"start":{"line":438,"column":32},"end":{"line":444,"column":1}},"line":438},"36":{"name":"showAchievementPopup","decl":{"start":{"line":455,"column":16},"end":{"line":455,"column":36}},"loc":{"start":{"line":455,"column":50},"end":{"line":519,"column":1}},"line":455},"37":{"name":"(anonymous_37)","decl":{"start":{"line":496,"column":34},"end":{"line":496,"column":35}},"loc":{"start":{"line":496,"column":40},"end":{"line":499,"column":3}},"line":496},"38":{"name":"dismissPopup","decl":{"start":{"line":505,"column":11},"end":{"line":505,"column":23}},"loc":{"start":{"line":505,"column":26},"end":{"line":513,"column":3}},"line":505},"39":{"name":"(anonymous_39)","decl":{"start":{"line":508,"column":15},"end":{"line":508,"column":16}},"loc":{"start":{"line":508,"column":21},"end":{"line":512,"column":5}},"line":508},"40":{"name":"(anonymous_40)","decl":{"start":{"line":516,"column":37},"end":{"line":516,"column":38}},"loc":{"start":{"line":516,"column":43},"end":{"line":518,"column":3}},"line":516},"41":{"name":"checkAndShowAchievements","decl":{"start":{"line":527,"column":16},"end":{"line":527,"column":40}},"loc":{"start":{"line":527,"column":56},"end":{"line":544,"column":1}},"line":527},"42":{"name":"(anonymous_42)","decl":{"start":{"line":531,"column":24},"end":{"line":531,"column":25}},"loc":{"start":{"line":531,"column":30},"end":{"line":542,"column":3}},"line":531},"43":{"name":"(anonymous_43)","decl":{"start":{"line":532,"column":38},"end":{"line":532,"column":39}},"loc":{"start":{"line":532,"column":43},"end":{"line":532,"column":54}},"line":532},"44":{"name":"(anonymous_44)","decl":{"start":{"line":543,"column":18},"end":{"line":543,"column":19}},"loc":{"start":{"line":543,"column":25},"end":{"line":543,"column":50}},"line":543},"45":{"name":"renderAchievementList","decl":{"start":{"line":552,"column":16},"end":{"line":552,"column":37}},"loc":{"start":{"line":552,"column":40},"end":{"line":587,"column":1}},"line":552},"46":{"name":"(anonymous_46)","decl":{"start":{"line":563,"column":48},"end":{"line":563,"column":49}},"loc":{"start":{"line":563,"column":55},"end":{"line":563,"column":97}},"line":563},"47":{"name":"(anonymous_47)","decl":{"start":{"line":565,"column":27},"end":{"line":565,"column":28}},"loc":{"start":{"line":565,"column":34},"end":{"line":573,"column":3}},"line":565},"48":{"name":"(anonymous_48)","decl":{"start":{"line":582,"column":39},"end":{"line":582,"column":40}},"loc":{"start":{"line":582,"column":45},"end":{"line":584,"column":5}},"line":582},"49":{"name":"onChoice","decl":{"start":{"line":591,"column":9},"end":{"line":591,"column":17}},"loc":{"start":{"line":591,"column":25},"end":{"line":623,"column":1}},"line":591},"50":{"name":"(anonymous_50)","decl":{"start":{"line":601,"column":44},"end":{"line":601,"column":45}},"loc":{"start":{"line":601,"column":52},"end":{"line":601,"column":81}},"line":601},"51":{"name":"(anonymous_51)","decl":{"start":{"line":602,"column":21},"end":{"line":602,"column":22}},"loc":{"start":{"line":602,"column":29},"end":{"line":605,"column":5}},"line":602},"52":{"name":"(anonymous_52)","decl":{"start":{"line":609,"column":22},"end":{"line":609,"column":23}},"loc":{"start":{"line":609,"column":28},"end":{"line":609,"column":69}},"line":609},"53":{"name":"startNewGame","decl":{"start":{"line":625,"column":9},"end":{"line":625,"column":21}},"loc":{"start":{"line":625,"column":24},"end":{"line":639,"column":1}},"line":625},"54":{"name":"(anonymous_54)","decl":{"start":{"line":634,"column":22},"end":{"line":634,"column":23}},"loc":{"start":{"line":634,"column":28},"end":{"line":634,"column":69}},"line":634},"55":{"name":"continueGame","decl":{"start":{"line":641,"column":9},"end":{"line":641,"column":21}},"loc":{"start":{"line":641,"column":24},"end":{"line":648,"column":1}},"line":641},"56":{"name":"goToTitle","decl":{"start":{"line":650,"column":9},"end":{"line":650,"column":18}},"loc":{"start":{"line":650,"column":21},"end":{"line":652,"column":1}},"line":650},"57":{"name":"playAgain","decl":{"start":{"line":654,"column":9},"end":{"line":654,"column":18}},"loc":{"start":{"line":654,"column":21},"end":{"line":656,"column":1}},"line":654},"58":{"name":"handleKeyDown","decl":{"start":{"line":660,"column":9},"end":{"line":660,"column":22}},"loc":{"start":{"line":660,"column":26},"end":{"line":691,"column":1}},"line":660},"59":{"name":"(anonymous_59)","decl":{"start":{"line":672,"column":33},"end":{"line":672,"column":34}},"loc":{"start":{"line":672,"column":40},"end":{"line":672,"column":57}},"line":672},"60":{"name":"init","decl":{"start":{"line":695,"column":9},"end":{"line":695,"column":13}},"loc":{"start":{"line":695,"column":16},"end":{"line":732,"column":1}},"line":695},"61":{"name":"(anonymous_61)","decl":{"start":{"line":707,"column":36},"end":{"line":707,"column":37}},"loc":{"start":{"line":707,"column":42},"end":{"line":711,"column":3}},"line":707},"62":{"name":"(anonymous_62)","decl":{"start":{"line":714,"column":48},"end":{"line":714,"column":49}},"loc":{"start":{"line":714,"column":54},"end":{"line":722,"column":3}},"line":714}},"branchMap":{"0":{"loc":{"start":{"line":104,"column":4},"end":{"line":110,"column":5}},"type":"if","locations":[{"start":{"line":104,"column":4},"end":{"line":110,"column":5}},{"start":{"line":107,"column":11},"end":{"line":110,"column":5}}],"line":104},"1":{"loc":{"start":{"line":120,"column":20},"end":{"line":120,"column":73}},"type":"binary-expr","locations":[{"start":{"line":120,"column":20},"end":{"line":120,"column":44}},{"start":{"line":120,"column":48},"end":{"line":120,"column":73}}],"line":120},"2":{"loc":{"start":{"line":122,"column":23},"end":{"line":122,"column":46}},"type":"cond-expr","locations":[{"start":{"line":122,"column":35},"end":{"line":122,"column":37}},{"start":{"line":122,"column":40},"end":{"line":122,"column":46}}],"line":122},"3":{"loc":{"start":{"line":133,"column":2},"end":{"line":133,"column":37}},"type":"if","locations":[{"start":{"line":133,"column":2},"end":{"line":133,"column":37}},{"start":{},"end":{}}],"line":133},"4":{"loc":{"start":{"line":142,"column":2},"end":{"line":147,"column":3}},"type":"if","locations":[{"start":{"line":142,"column":2},"end":{"line":147,"column":3}},{"start":{},"end":{}}],"line":142},"5":{"loc":{"start":{"line":155,"column":2},"end":{"line":155,"column":39}},"type":"if","locations":[{"start":{"line":155,"column":2},"end":{"line":155,"column":39}},{"start":{},"end":{}}],"line":155},"6":{"loc":{"start":{"line":165,"column":2},"end":{"line":169,"column":3}},"type":"if","locations":[{"start":{"line":165,"column":2},"end":{"line":169,"column":3}},{"start":{"line":167,"column":9},"end":{"line":169,"column":3}}],"line":165},"7":{"loc":{"start":{"line":176,"column":4},"end":{"line":179,"column":5}},"type":"if","locations":[{"start":{"line":176,"column":4},"end":{"line":179,"column":5}},{"start":{},"end":{}}],"line":176},"8":{"loc":{"start":{"line":180,"column":4},"end":{"line":180,"column":25}},"type":"if","locations":[{"start":{"line":180,"column":4},"end":{"line":180,"column":25}},{"start":{},"end":{}}],"line":180},"9":{"loc":{"start":{"line":198,"column":2},"end":{"line":200,"column":3}},"type":"if","locations":[{"start":{"line":198,"column":2},"end":{"line":200,"column":3}},{"start":{},"end":{}}],"line":198},"10":{"loc":{"start":{"line":208,"column":2},"end":{"line":210,"column":3}},"type":"if","locations":[{"start":{"line":208,"column":2},"end":{"line":210,"column":3}},{"start":{},"end":{}}],"line":208},"11":{"loc":{"start":{"line":220,"column":15},"end":{"line":220,"column":52}},"type":"cond-expr","locations":[{"start":{"line":220,"column":36},"end":{"line":220,"column":43}},{"start":{"line":220,"column":46},"end":{"line":220,"column":52}}],"line":220},"12":{"loc":{"start":{"line":235,"column":16},"end":{"line":235,"column":44}},"type":"binary-expr","locations":[{"start":{"line":235,"column":16},"end":{"line":235,"column":21}},{"start":{"line":235,"column":25},"end":{"line":235,"column":44}}],"line":235},"13":{"loc":{"start":{"line":236,"column":2},"end":{"line":238,"column":3}},"type":"if","locations":[{"start":{"line":236,"column":2},"end":{"line":238,"column":3}},{"start":{},"end":{}}],"line":236},"14":{"loc":{"start":{"line":248,"column":42},"end":{"line":248,"column":57}},"type":"default-arg","locations":[{"start":{"line":248,"column":53},"end":{"line":248,"column":57}}],"line":248},"15":{"loc":{"start":{"line":265,"column":2},"end":{"line":271,"column":3}},"type":"if","locations":[{"start":{"line":265,"column":2},"end":{"line":271,"column":3}},{"start":{},"end":{}}],"line":265},"16":{"loc":{"start":{"line":275,"column":4},"end":{"line":279,"column":5}},"type":"if","locations":[{"start":{"line":275,"column":4},"end":{"line":279,"column":5}},{"start":{"line":277,"column":11},"end":{"line":279,"column":5}}],"line":275},"17":{"loc":{"start":{"line":284,"column":2},"end":{"line":286,"column":3}},"type":"if","locations":[{"start":{"line":284,"column":2},"end":{"line":286,"column":3}},{"start":{},"end":{}}],"line":284},"18":{"loc":{"start":{"line":311,"column":2},"end":{"line":315,"column":3}},"type":"if","locations":[{"start":{"line":311,"column":2},"end":{"line":315,"column":3}},{"start":{"line":313,"column":9},"end":{"line":315,"column":3}}],"line":311},"19":{"loc":{"start":{"line":311,"column":6},"end":{"line":311,"column":34}},"type":"binary-expr","locations":[{"start":{"line":311,"column":6},"end":{"line":311,"column":12}},{"start":{"line":311,"column":16},"end":{"line":311,"column":34}}],"line":311},"20":{"loc":{"start":{"line":320,"column":2},"end":{"line":324,"column":3}},"type":"if","locations":[{"start":{"line":320,"column":2},"end":{"line":324,"column":3}},{"start":{},"end":{}}],"line":320},"21":{"loc":{"start":{"line":323,"column":11},"end":{"line":323,"column":86}},"type":"cond-expr","locations":[{"start":{"line":323,"column":20},"end":{"line":323,"column":51}},{"start":{"line":323,"column":54},"end":{"line":323,"column":86}}],"line":323},"22":{"loc":{"start":{"line":325,"column":2},"end":{"line":329,"column":3}},"type":"if","locations":[{"start":{"line":325,"column":2},"end":{"line":329,"column":3}},{"start":{},"end":{}}],"line":325},"23":{"loc":{"start":{"line":328,"column":11},"end":{"line":328,"column":88}},"type":"cond-expr","locations":[{"start":{"line":328,"column":20},"end":{"line":328,"column":52}},{"start":{"line":328,"column":55},"end":{"line":328,"column":88}}],"line":328},"24":{"loc":{"start":{"line":330,"column":9},"end":{"line":330,"column":43}},"type":"binary-expr","locations":[{"start":{"line":330,"column":9},"end":{"line":330,"column":31}},{"start":{"line":330,"column":35},"end":{"line":330,"column":43}}],"line":330},"25":{"loc":{"start":{"line":334,"column":9},"end":{"line":334,"column":45}},"type":"binary-expr","locations":[{"start":{"line":334,"column":9},"end":{"line":334,"column":36}},{"start":{"line":334,"column":40},"end":{"line":334,"column":45}}],"line":334},"26":{"loc":{"start":{"line":356,"column":4},"end":{"line":356,"column":26}},"type":"if","locations":[{"start":{"line":356,"column":4},"end":{"line":356,"column":26}},{"start":{},"end":{}}],"line":356},"27":{"loc":{"start":{"line":358,"column":4},"end":{"line":361,"column":5}},"type":"if","locations":[{"start":{"line":358,"column":4},"end":{"line":361,"column":5}},{"start":{},"end":{}}],"line":358},"28":{"loc":{"start":{"line":375,"column":4},"end":{"line":375,"column":27}},"type":"if","locations":[{"start":{"line":375,"column":4},"end":{"line":375,"column":27}},{"start":{},"end":{}}],"line":375},"29":{"loc":{"start":{"line":377,"column":11},"end":{"line":377,"column":37}},"type":"binary-expr","locations":[{"start":{"line":377,"column":11},"end":{"line":377,"column":15}},{"start":{"line":377,"column":19},"end":{"line":377,"column":37}}],"line":377},"30":{"loc":{"start":{"line":397,"column":4},"end":{"line":397,"column":46}},"type":"if","locations":[{"start":{"line":397,"column":4},"end":{"line":397,"column":46}},{"start":{},"end":{}}],"line":397},"31":{"loc":{"start":{"line":401,"column":4},"end":{"line":411,"column":5}},"type":"if","locations":[{"start":{"line":401,"column":4},"end":{"line":411,"column":5}},{"start":{},"end":{}}],"line":401},"32":{"loc":{"start":{"line":405,"column":6},"end":{"line":410,"column":7}},"type":"if","locations":[{"start":{"line":405,"column":6},"end":{"line":410,"column":7}},{"start":{},"end":{}}],"line":405},"33":{"loc":{"start":{"line":406,"column":8},"end":{"line":406,"column":83}},"type":"if","locations":[{"start":{"line":406,"column":8},"end":{"line":406,"column":83}},{"start":{},"end":{}}],"line":406},"34":{"loc":{"start":{"line":407,"column":8},"end":{"line":407,"column":83}},"type":"if","locations":[{"start":{"line":407,"column":8},"end":{"line":407,"column":83}},{"start":{},"end":{}}],"line":407},"35":{"loc":{"start":{"line":408,"column":8},"end":{"line":408,"column":91}},"type":"if","locations":[{"start":{"line":408,"column":8},"end":{"line":408,"column":91}},{"start":{},"end":{}}],"line":408},"36":{"loc":{"start":{"line":409,"column":8},"end":{"line":409,"column":88}},"type":"if","locations":[{"start":{"line":409,"column":8},"end":{"line":409,"column":88}},{"start":{},"end":{}}],"line":409},"37":{"loc":{"start":{"line":414,"column":6},"end":{"line":414,"column":76}},"type":"if","locations":[{"start":{"line":414,"column":6},"end":{"line":414,"column":76}},{"start":{},"end":{}}],"line":414},"38":{"loc":{"start":{"line":425,"column":4},"end":{"line":427,"column":5}},"type":"if","locations":[{"start":{"line":425,"column":4},"end":{"line":427,"column":5}},{"start":{},"end":{}}],"line":425},"39":{"loc":{"start":{"line":428,"column":35},"end":{"line":428,"column":67}},"type":"binary-expr","locations":[{"start":{"line":428,"column":35},"end":{"line":428,"column":62}},{"start":{"line":428,"column":66},"end":{"line":428,"column":67}}],"line":428},"40":{"loc":{"start":{"line":430,"column":4},"end":{"line":433,"column":5}},"type":"if","locations":[{"start":{"line":430,"column":4},"end":{"line":433,"column":5}},{"start":{},"end":{}}],"line":430},"41":{"loc":{"start":{"line":439,"column":2},"end":{"line":443,"column":3}},"type":"if","locations":[{"start":{"line":439,"column":2},"end":{"line":443,"column":3}},{"start":{"line":441,"column":9},"end":{"line":443,"column":3}}],"line":439},"42":{"loc":{"start":{"line":456,"column":19},"end":{"line":456,"column":48}},"type":"binary-expr","locations":[{"start":{"line":456,"column":19},"end":{"line":456,"column":39}},{"start":{"line":456,"column":43},"end":{"line":456,"column":48}}],"line":456},"43":{"loc":{"start":{"line":460,"column":2},"end":{"line":465,"column":3}},"type":"if","locations":[{"start":{"line":460,"column":2},"end":{"line":465,"column":3}},{"start":{},"end":{}}],"line":460},"44":{"loc":{"start":{"line":471,"column":44},"end":{"line":471,"column":64}},"type":"binary-expr","locations":[{"start":{"line":471,"column":44},"end":{"line":471,"column":58}},{"start":{"line":471,"column":62},"end":{"line":471,"column":64}}],"line":471},"45":{"loc":{"start":{"line":477,"column":23},"end":{"line":477,"column":47}},"type":"binary-expr","locations":[{"start":{"line":477,"column":23},"end":{"line":477,"column":39}},{"start":{"line":477,"column":43},"end":{"line":477,"column":47}}],"line":477},"46":{"loc":{"start":{"line":483,"column":24},"end":{"line":483,"column":68}},"type":"cond-expr","locations":[{"start":{"line":483,"column":35},"end":{"line":483,"column":40}},{"start":{"line":483,"column":44},"end":{"line":483,"column":67}}],"line":483},"47":{"loc":{"start":{"line":483,"column":44},"end":{"line":483,"column":67}},"type":"binary-expr","locations":[{"start":{"line":483,"column":44},"end":{"line":483,"column":61}},{"start":{"line":483,"column":65},"end":{"line":483,"column":67}}],"line":483},"48":{"loc":{"start":{"line":489,"column":23},"end":{"line":489,"column":74}},"type":"cond-expr","locations":[{"start":{"line":489,"column":34},"end":{"line":489,"column":36}},{"start":{"line":489,"column":40},"end":{"line":489,"column":73}}],"line":489},"49":{"loc":{"start":{"line":489,"column":40},"end":{"line":489,"column":73}},"type":"binary-expr","locations":[{"start":{"line":489,"column":40},"end":{"line":489,"column":63}},{"start":{"line":489,"column":67},"end":{"line":489,"column":73}}],"line":489},"50":{"loc":{"start":{"line":509,"column":6},"end":{"line":511,"column":7}},"type":"if","locations":[{"start":{"line":509,"column":6},"end":{"line":511,"column":7}},{"start":{},"end":{}}],"line":509},"51":{"loc":{"start":{"line":528,"column":2},"end":{"line":528,"column":59}},"type":"if","locations":[{"start":{"line":528,"column":2},"end":{"line":528,"column":59}},{"start":{},"end":{}}],"line":528},"52":{"loc":{"start":{"line":528,"column":6},"end":{"line":528,"column":50}},"type":"binary-expr","locations":[{"start":{"line":528,"column":6},"end":{"line":528,"column":20}},{"start":{"line":528,"column":24},"end":{"line":528,"column":50}}],"line":528},"53":{"loc":{"start":{"line":533,"column":4},"end":{"line":541,"column":5}},"type":"if","locations":[{"start":{"line":533,"column":4},"end":{"line":541,"column":5}},{"start":{},"end":{}}],"line":533},"54":{"loc":{"start":{"line":533,"column":8},"end":{"line":533,"column":45}},"type":"binary-expr","locations":[{"start":{"line":533,"column":8},"end":{"line":533,"column":11}},{"start":{"line":533,"column":15},"end":{"line":533,"column":45}}],"line":533},"55":{"loc":{"start":{"line":538,"column":14},"end":{"line":538,"column":51}},"type":"binary-expr","locations":[{"start":{"line":538,"column":14},"end":{"line":538,"column":43}},{"start":{"line":538,"column":47},"end":{"line":538,"column":51}}],"line":538},"56":{"loc":{"start":{"line":555,"column":2},"end":{"line":559,"column":3}},"type":"if","locations":[{"start":{"line":555,"column":2},"end":{"line":559,"column":3}},{"start":{},"end":{}}],"line":555},"57":{"loc":{"start":{"line":568,"column":4},"end":{"line":568,"column":42}},"type":"if","locations":[{"start":{"line":568,"column":4},"end":{"line":568,"column":42}},{"start":{},"end":{}}],"line":568},"58":{"loc":{"start":{"line":568,"column":8},"end":{"line":568,"column":33}},"type":"binary-expr","locations":[{"start":{"line":568,"column":8},"end":{"line":568,"column":19}},{"start":{"line":568,"column":23},"end":{"line":568,"column":33}}],"line":568},"59":{"loc":{"start":{"line":570,"column":40},"end":{"line":570,"column":69}},"type":"cond-expr","locations":[{"start":{"line":570,"column":53},"end":{"line":570,"column":64}},{"start":{"line":570,"column":67},"end":{"line":570,"column":69}}],"line":570},"60":{"loc":{"start":{"line":571,"column":23},"end":{"line":571,"column":52}},"type":"cond-expr","locations":[{"start":{"line":571,"column":36},"end":{"line":571,"column":44}},{"start":{"line":571,"column":47},"end":{"line":571,"column":52}}],"line":571},"61":{"loc":{"start":{"line":575,"column":2},"end":{"line":586,"column":3}},"type":"if","locations":[{"start":{"line":575,"column":2},"end":{"line":586,"column":3}},{"start":{},"end":{}}],"line":575},"62":{"loc":{"start":{"line":607,"column":4},"end":{"line":614,"column":5}},"type":"if","locations":[{"start":{"line":607,"column":4},"end":{"line":614,"column":5}},{"start":{"line":611,"column":11},"end":{"line":614,"column":5}}],"line":607},"63":{"loc":{"start":{"line":617,"column":2},"end":{"line":622,"column":3}},"type":"if","locations":[{"start":{"line":617,"column":2},"end":{"line":622,"column":3}},{"start":{"line":620,"column":9},"end":{"line":622,"column":3}}],"line":617},"64":{"loc":{"start":{"line":620,"column":9},"end":{"line":622,"column":3}},"type":"if","locations":[{"start":{"line":620,"column":9},"end":{"line":622,"column":3}},{"start":{},"end":{}}],"line":620},"65":{"loc":{"start":{"line":630,"column":35},"end":{"line":630,"column":67}},"type":"binary-expr","locations":[{"start":{"line":630,"column":35},"end":{"line":630,"column":62}},{"start":{"line":630,"column":66},"end":{"line":630,"column":67}}],"line":630},"66":{"loc":{"start":{"line":632,"column":4},"end":{"line":635,"column":5}},"type":"if","locations":[{"start":{"line":632,"column":4},"end":{"line":635,"column":5}},{"start":{},"end":{}}],"line":632},"67":{"loc":{"start":{"line":643,"column":2},"end":{"line":647,"column":3}},"type":"if","locations":[{"start":{"line":643,"column":2},"end":{"line":647,"column":3}},{"start":{"line":645,"column":9},"end":{"line":647,"column":3}}],"line":643},"68":{"loc":{"start":{"line":661,"column":2},"end":{"line":690,"column":3}},"type":"if","locations":[{"start":{"line":661,"column":2},"end":{"line":690,"column":3}},{"start":{},"end":{}}],"line":661},"69":{"loc":{"start":{"line":661,"column":6},"end":{"line":661,"column":48}},"type":"binary-expr","locations":[{"start":{"line":661,"column":6},"end":{"line":661,"column":29}},{"start":{"line":661,"column":33},"end":{"line":661,"column":48}}],"line":661},"70":{"loc":{"start":{"line":670,"column":4},"end":{"line":678,"column":5}},"type":"if","locations":[{"start":{"line":670,"column":4},"end":{"line":678,"column":5}},{"start":{},"end":{}}],"line":670},"71":{"loc":{"start":{"line":673,"column":6},"end":{"line":677,"column":7}},"type":"if","locations":[{"start":{"line":673,"column":6},"end":{"line":677,"column":7}},{"start":{},"end":{}}],"line":673},"72":{"loc":{"start":{"line":679,"column":4},"end":{"line":683,"column":5}},"type":"if","locations":[{"start":{"line":679,"column":4},"end":{"line":683,"column":5}},{"start":{},"end":{}}],"line":679},"73":{"loc":{"start":{"line":679,"column":8},"end":{"line":679,"column":34}},"type":"binary-expr","locations":[{"start":{"line":679,"column":8},"end":{"line":679,"column":19}},{"start":{"line":679,"column":23},"end":{"line":679,"column":34}}],"line":679},"74":{"loc":{"start":{"line":684,"column":4},"end":{"line":689,"column":5}},"type":"if","locations":[{"start":{"line":684,"column":4},"end":{"line":689,"column":5}},{"start":{},"end":{}}],"line":684},"75":{"loc":{"start":{"line":686,"column":6},"end":{"line":688,"column":7}},"type":"if","locations":[{"start":{"line":686,"column":6},"end":{"line":688,"column":7}},{"start":{},"end":{}}],"line":686},"76":{"loc":{"start":{"line":708,"column":4},"end":{"line":710,"column":5}},"type":"if","locations":[{"start":{"line":708,"column":4},"end":{"line":710,"column":5}},{"start":{},"end":{}}],"line":708},"77":{"loc":{"start":{"line":716,"column":4},"end":{"line":721,"column":5}},"type":"if","locations":[{"start":{"line":716,"column":4},"end":{"line":721,"column":5}},{"start":{"line":719,"column":11},"end":{"line":721,"column":5}}],"line":716},"78":{"loc":{"start":{"line":716,"column":8},"end":{"line":716,"column":66}},"type":"binary-expr","locations":[{"start":{"line":716,"column":8},"end":{"line":716,"column":37}},{"start":{"line":716,"column":41},"end":{"line":716,"column":66}}],"line":716},"79":{"loc":{"start":{"line":735,"column":0},"end":{"line":739,"column":1}},"type":"if","locations":[{"start":{"line":735,"column":0},"end":{"line":739,"column":1}},{"start":{"line":737,"column":7},"end":{"line":739,"column":1}}],"line":735}},"s":{"0":2,"1":64,"2":2,"3":2,"4":2,"5":2,"6":2,"7":2,"8":2,"9":2,"10":2,"11":2,"12":2,"13":2,"14":2,"15":2,"16":2,"17":2,"18":2,"19":2,"20":2,"21":2,"22":2,"23":2,"24":43,"25":43,"26":43,"27":2,"28":2,"29":2,"30":33,"31":99,"32":99,"33":33,"34":33,"35":66,"36":66,"37":33,"38":33,"39":33,"40":33,"41":66,"42":13,"43":13,"44":13,"45":13,"46":15,"47":11,"48":11,"49":11,"50":11,"51":15,"52":15,"53":15,"54":15,"55":15,"56":15,"57":15,"58":15,"59":5,"60":5,"61":5,"62":0,"63":5,"64":5,"65":5,"66":5,"67":5,"68":54,"69":8,"70":8,"71":46,"72":4,"73":42,"74":5,"75":5,"76":42,"77":42,"78":42,"79":5,"80":5,"81":5,"82":5,"83":5,"84":5,"85":5,"86":5,"87":5,"88":4,"89":1,"90":3,"91":6,"92":6,"93":6,"94":6,"95":6,"96":6,"97":6,"98":6,"99":0,"100":6,"101":6,"102":2,"103":7,"104":7,"105":7,"106":7,"107":3,"108":21,"109":21,"110":1,"111":1,"112":1,"113":1,"114":1,"115":20,"116":168,"117":168,"118":168,"119":16,"120":152,"121":168,"122":20,"123":20,"124":20,"125":20,"126":20,"127":65,"128":65,"129":65,"130":65,"131":65,"132":65,"133":2,"134":65,"135":20,"136":17,"137":3,"138":5,"139":5,"140":0,"141":0,"142":0,"143":5,"144":0,"145":0,"146":0,"147":5,"148":5,"149":2,"150":2,"151":2,"152":2,"153":2,"154":2,"155":0,"156":2,"157":1,"158":1,"159":1,"160":0,"161":1,"162":1,"163":0,"164":0,"165":1,"166":1,"167":1,"168":0,"169":0,"170":0,"171":17,"172":17,"173":17,"174":10,"175":7,"176":6,"177":1,"178":35,"179":455,"180":68,"181":68,"182":68,"183":35,"184":33,"185":33,"186":0,"187":0,"188":0,"189":0,"190":0,"191":0,"192":0,"193":0,"194":0,"195":0,"196":0,"197":0,"198":33,"199":429,"200":0,"201":33,"202":0,"203":6,"204":6,"205":6,"206":5,"207":6,"208":6,"209":6,"210":4,"211":4,"212":4,"213":6,"214":17,"215":5,"216":12,"217":28,"218":28,"219":28,"220":5,"221":5,"222":5,"223":5,"224":28,"225":28,"226":28,"227":28,"228":28,"229":28,"230":28,"231":28,"232":28,"233":28,"234":28,"235":28,"236":28,"237":28,"238":28,"239":28,"240":28,"241":28,"242":28,"243":28,"244":28,"245":1,"246":1,"247":28,"248":28,"249":3,"250":3,"251":3,"252":3,"253":3,"254":28,"255":2,"256":19,"257":3,"258":16,"259":16,"260":16,"261":20,"262":59,"263":20,"264":18,"265":16,"266":18,"267":14,"268":14,"269":14,"270":1,"271":1,"272":1,"273":14,"274":14,"275":14,"276":182,"277":14,"278":182,"279":182,"280":50,"281":132,"282":132,"283":132,"284":132,"285":14,"286":1,"287":1,"288":1,"289":1,"290":1,"291":0,"292":1,"293":2,"294":2,"295":2,"296":2,"297":2,"298":2,"299":0,"300":2,"301":0,"302":0,"303":2,"304":0,"305":0,"306":0,"307":0,"308":2,"309":2,"310":2,"311":2,"312":0,"313":0,"314":10,"315":10,"316":10,"317":10,"318":10,"319":10,"320":2,"321":2,"322":2,"323":10,"324":10,"325":1,"326":1,"327":1,"328":0,"329":3,"330":1,"331":0,"332":0,"333":0,"334":0,"335":0,"336":0,"337":0,"338":0,"339":0,"340":0,"341":0,"342":0,"343":0,"344":0,"345":0,"346":0,"347":0,"348":0,"349":0,"350":0,"351":2,"352":2,"353":2,"354":2,"355":2,"356":2,"357":2,"358":2,"359":0,"360":0,"361":2,"362":2,"363":2,"364":2,"365":2,"366":0,"367":2,"368":2,"369":2,"370":2,"371":0,"372":2},"f":{"0":64,"1":43,"2":2,"3":33,"4":99,"5":33,"6":66,"7":13,"8":15,"9":5,"10":54,"11":42,"12":4,"13":6,"14":6,"15":6,"16":7,"17":3,"18":21,"19":168,"20":20,"21":65,"22":2,"23":20,"24":5,"25":5,"26":2,"27":1,"28":17,"29":35,"30":455,"31":68,"32":429,"33":6,"34":4,"35":17,"36":28,"37":1,"38":3,"39":3,"40":2,"41":19,"42":20,"43":59,"44":18,"45":14,"46":182,"47":182,"48":0,"49":2,"50":0,"51":0,"52":0,"53":10,"54":2,"55":1,"56":3,"57":1,"58":0,"59":0,"60":2,"61":0,"62":2},"b":{"0":[33,66],"1":[33,20],"2":[36,30],"3":[13,0],"4":[11,4],"5":[15,0],"6":[0,5],"7":[8,46],"8":[4,42],"9":[5,0],"10":[1,3],"11":[3,3],"12":[6,4],"13":[2,4],"14":[5],"15":[1,20],"16":[16,152],"17":[20,0],"18":[17,3],"19":[20,19],"20":[0,5],"21":[0,0],"22":[0,5],"23":[0,0],"24":[5,3],"25":[5,3],"26":[0,1],"27":[0,1],"28":[10,7],"29":[6,6],"30":[35,33],"31":[0,33],"32":[0,0],"33":[0,0],"34":[0,0],"35":[0,0],"36":[0,0],"37":[0,429],"38":[5,1],"39":[6,4],"40":[4,2],"41":[5,12],"42":[28,24],"43":[5,23],"44":[28,0],"45":[28,0],"46":[4,24],"47":[24,0],"48":[4,24],"49":[24,19],"50":[3,0],"51":[3,16],"52":[19,17],"53":[18,2],"54":[20,20],"55":[18,0],"56":[1,13],"57":[50,132],"58":[182,157],"59":[25,107],"60":[25,107],"61":[1,13],"62":[0,2],"63":[2,0],"64":[0,0],"65":[10,3],"66":[2,8],"67":[1,0],"68":[0,0],"69":[0,0],"70":[0,0],"71":[0,0],"72":[0,0],"73":[0,0],"74":[0,0],"75":[0,0],"76":[0,0],"77":[2,0],"78":[2,0],"79":[0,2]},"_coverageSchema":"1a1c01bbd47fc00a2c39e90264f33305004495a9","hash":"a84a8e1517628fc91525e46c39421bf2b2f0973a"}
}
