{"/workspace/project/web_adventure/game.js": {"path":"/workspace/project/web_adventure/game.js","statementMap":{"0":{"start":{"line":15,"column":23},"end":{"line":20,"column":1}},"1":{"start":{"line":22,"column":23},"end":{"line":27,"column":1}},"2":{"start":{"line":29,"column":21},"end":{"line":33,"column":1}},"3":{"start":{"line":35,"column":28},"end":{"line":35,"column":60}},"4":{"start":{"line":39,"column":22},"end":{"line":44,"column":1}},"5":{"start":{"line":46,"column":31},"end":{"line":60,"column":1}},"6":{"start":{"line":62,"column":32},"end":{"line":76,"column":1}},"7":{"start":{"line":86,"column":24},"end":{"line":86,"column":26}},"8":{"start":{"line":87,"column":12},"end":{"line":87,"column":43}},"9":{"start":{"line":89,"column":2},"end":{"line":95,"column":3}},"10":{"start":{"line":90,"column":4},"end":{"line":90,"column":70}},"11":{"start":{"line":90,"column":23},"end":{"line":90,"column":70}},"12":{"start":{"line":91,"column":4},"end":{"line":93,"column":5}},"13":{"start":{"line":92,"column":6},"end":{"line":92,"column":50}},"14":{"start":{"line":94,"column":4},"end":{"line":94,"column":37}},"15":{"start":{"line":97,"column":2},"end":{"line":100,"column":3}},"16":{"start":{"line":98,"column":4},"end":{"line":98,"column":91}},"17":{"start":{"line":98,"column":45},"end":{"line":98,"column":91}},"18":{"start":{"line":99,"column":4},"end":{"line":99,"column":93}},"19":{"start":{"line":99,"column":46},"end":{"line":99,"column":93}},"20":{"start":{"line":102,"column":2},"end":{"line":130,"column":3}},"21":{"start":{"line":103,"column":4},"end":{"line":103,"column":90}},"22":{"start":{"line":103,"column":46},"end":{"line":103,"column":90}},"23":{"start":{"line":104,"column":4},"end":{"line":104,"column":89}},"24":{"start":{"line":104,"column":46},"end":{"line":104,"column":89}},"25":{"start":{"line":105,"column":4},"end":{"line":105,"column":102}},"26":{"start":{"line":105,"column":54},"end":{"line":105,"column":102}},"27":{"start":{"line":106,"column":4},"end":{"line":106,"column":97}},"28":{"start":{"line":106,"column":51},"end":{"line":106,"column":97}},"29":{"start":{"line":108,"column":4},"end":{"line":112,"column":5}},"30":{"start":{"line":109,"column":6},"end":{"line":109,"column":77}},"31":{"start":{"line":110,"column":11},"end":{"line":112,"column":5}},"32":{"start":{"line":111,"column":6},"end":{"line":111,"column":39}},"33":{"start":{"line":113,"column":4},"end":{"line":115,"column":5}},"34":{"start":{"line":114,"column":6},"end":{"line":114,"column":48}},"35":{"start":{"line":117,"column":4},"end":{"line":119,"column":5}},"36":{"start":{"line":118,"column":6},"end":{"line":118,"column":51}},"37":{"start":{"line":122,"column":4},"end":{"line":129,"column":5}},"38":{"start":{"line":123,"column":6},"end":{"line":128,"column":52}},"39":{"start":{"line":124,"column":24},"end":{"line":124,"column":103}},"40":{"start":{"line":124,"column":51},"end":{"line":124,"column":102}},"41":{"start":{"line":125,"column":8},"end":{"line":127,"column":9}},"42":{"start":{"line":126,"column":10},"end":{"line":126,"column":55}},"43":{"start":{"line":132,"column":2},"end":{"line":140,"column":3}},"44":{"start":{"line":133,"column":4},"end":{"line":133,"column":71}},"45":{"start":{"line":133,"column":38},"end":{"line":133,"column":71}},"46":{"start":{"line":134,"column":4},"end":{"line":136,"column":5}},"47":{"start":{"line":135,"column":6},"end":{"line":135,"column":54}},"48":{"start":{"line":137,"column":21},"end":{"line":137,"column":62}},"49":{"start":{"line":138,"column":19},"end":{"line":138,"column":85}},"50":{"start":{"line":138,"column":42},"end":{"line":138,"column":84}},"51":{"start":{"line":139,"column":4},"end":{"line":139,"column":78}},"52":{"start":{"line":139,"column":32},"end":{"line":139,"column":78}},"53":{"start":{"line":143,"column":2},"end":{"line":152,"column":3}},"54":{"start":{"line":144,"column":19},"end":{"line":144,"column":54}},"55":{"start":{"line":144,"column":47},"end":{"line":144,"column":53}},"56":{"start":{"line":145,"column":24},"end":{"line":148,"column":6}},"57":{"start":{"line":146,"column":6},"end":{"line":146,"column":60}},"58":{"start":{"line":146,"column":48},"end":{"line":146,"column":60}},"59":{"start":{"line":147,"column":6},"end":{"line":147,"column":58}},"60":{"start":{"line":149,"column":4},"end":{"line":151,"column":5}},"61":{"start":{"line":150,"column":6},"end":{"line":150,"column":56}},"62":{"start":{"line":154,"column":2},"end":{"line":154,"column":23}},"63":{"start":{"line":164,"column":2},"end":{"line":173,"column":4}},"64":{"start":{"line":182,"column":2},"end":{"line":191,"column":4}},"65":{"start":{"line":200,"column":16},"end":{"line":200,"column":36}},"66":{"start":{"line":201,"column":2},"end":{"line":201,"column":38}},"67":{"start":{"line":202,"column":2},"end":{"line":202,"column":62}},"68":{"start":{"line":203,"column":2},"end":{"line":203,"column":42}},"69":{"start":{"line":204,"column":2},"end":{"line":204,"column":41}},"70":{"start":{"line":205,"column":2},"end":{"line":205,"column":68}},"71":{"start":{"line":206,"column":2},"end":{"line":206,"column":42}},"72":{"start":{"line":207,"column":2},"end":{"line":207,"column":50}},"73":{"start":{"line":208,"column":2},"end":{"line":208,"column":15}},"74":{"start":{"line":219,"column":2},"end":{"line":219,"column":23}},"75":{"start":{"line":220,"column":2},"end":{"line":220,"column":83}},"76":{"start":{"line":221,"column":2},"end":{"line":221,"column":64}},"77":{"start":{"line":222,"column":2},"end":{"line":222,"column":83}},"78":{"start":{"line":223,"column":2},"end":{"line":223,"column":23}},"79":{"start":{"line":239,"column":2},"end":{"line":252,"column":3}},"80":{"start":{"line":240,"column":4},"end":{"line":240,"column":25}},"81":{"start":{"line":241,"column":4},"end":{"line":241,"column":36}},"82":{"start":{"line":242,"column":4},"end":{"line":242,"column":29}},"83":{"start":{"line":243,"column":4},"end":{"line":245,"column":5}},"84":{"start":{"line":244,"column":6},"end":{"line":244,"column":32}},"85":{"start":{"line":246,"column":4},"end":{"line":246,"column":23}},"86":{"start":{"line":248,"column":4},"end":{"line":248,"column":25}},"87":{"start":{"line":249,"column":4},"end":{"line":249,"column":35}},"88":{"start":{"line":250,"column":4},"end":{"line":250,"column":30}},"89":{"start":{"line":251,"column":4},"end":{"line":251,"column":24}},"90":{"start":{"line":261,"column":13},"end":{"line":261,"column":30}},"91":{"start":{"line":262,"column":2},"end":{"line":262,"column":38}},"92":{"start":{"line":263,"column":2},"end":{"line":263,"column":36}},"93":{"start":{"line":265,"column":17},"end":{"line":274,"column":3}},"94":{"start":{"line":275,"column":2},"end":{"line":275,"column":25}},"95":{"start":{"line":276,"column":2},"end":{"line":276,"column":24}},"96":{"start":{"line":277,"column":2},"end":{"line":277,"column":19}},"97":{"start":{"line":278,"column":2},"end":{"line":278,"column":16}},"98":{"start":{"line":287,"column":13},"end":{"line":287,"column":30}},"99":{"start":{"line":288,"column":2},"end":{"line":288,"column":37}},"100":{"start":{"line":289,"column":2},"end":{"line":289,"column":34}},"101":{"start":{"line":291,"column":17},"end":{"line":296,"column":3}},"102":{"start":{"line":297,"column":2},"end":{"line":297,"column":25}},"103":{"start":{"line":298,"column":2},"end":{"line":298,"column":24}},"104":{"start":{"line":299,"column":2},"end":{"line":299,"column":19}},"105":{"start":{"line":300,"column":2},"end":{"line":300,"column":16}},"106":{"start":{"line":313,"column":2},"end":{"line":313,"column":23}},"107":{"start":{"line":314,"column":2},"end":{"line":314,"column":83}},"108":{"start":{"line":315,"column":2},"end":{"line":315,"column":61}},"109":{"start":{"line":316,"column":2},"end":{"line":316,"column":83}},"110":{"start":{"line":325,"column":13},"end":{"line":325,"column":30}},"111":{"start":{"line":326,"column":2},"end":{"line":326,"column":40}},"112":{"start":{"line":327,"column":2},"end":{"line":327,"column":14}},"113":{"start":{"line":328,"column":2},"end":{"line":328,"column":26}},"114":{"start":{"line":329,"column":2},"end":{"line":329,"column":34}},"115":{"start":{"line":330,"column":2},"end":{"line":330,"column":42}},"116":{"start":{"line":331,"column":2},"end":{"line":331,"column":38}},"117":{"start":{"line":332,"column":2},"end":{"line":332,"column":44}},"118":{"start":{"line":333,"column":2},"end":{"line":333,"column":14}},"119":{"start":{"line":334,"column":2},"end":{"line":334,"column":44}},"120":{"start":{"line":336,"column":2},"end":{"line":336,"column":34}},"121":{"start":{"line":337,"column":2},"end":{"line":337,"column":24}},"122":{"start":{"line":338,"column":2},"end":{"line":338,"column":19}},"123":{"start":{"line":339,"column":2},"end":{"line":339,"column":25}},"124":{"start":{"line":348,"column":13},"end":{"line":348,"column":30}},"125":{"start":{"line":349,"column":2},"end":{"line":349,"column":44}},"126":{"start":{"line":350,"column":2},"end":{"line":350,"column":14}},"127":{"start":{"line":351,"column":2},"end":{"line":351,"column":47}},"128":{"start":{"line":352,"column":2},"end":{"line":352,"column":36}},"129":{"start":{"line":353,"column":2},"end":{"line":353,"column":31}},"130":{"start":{"line":354,"column":2},"end":{"line":354,"column":49}},"131":{"start":{"line":355,"column":2},"end":{"line":355,"column":46}},"132":{"start":{"line":356,"column":2},"end":{"line":356,"column":14}},"133":{"start":{"line":357,"column":2},"end":{"line":357,"column":46}},"134":{"start":{"line":358,"column":2},"end":{"line":358,"column":31}},"135":{"start":{"line":359,"column":2},"end":{"line":359,"column":14}},"136":{"start":{"line":360,"column":2},"end":{"line":360,"column":46}},"137":{"start":{"line":362,"column":2},"end":{"line":362,"column":33}},"138":{"start":{"line":363,"column":2},"end":{"line":363,"column":24}},"139":{"start":{"line":364,"column":2},"end":{"line":364,"column":19}},"140":{"start":{"line":365,"column":2},"end":{"line":365,"column":24}},"141":{"start":{"line":376,"column":13},"end":{"line":376,"column":30}},"142":{"start":{"line":377,"column":2},"end":{"line":377,"column":32}},"143":{"start":{"line":378,"column":2},"end":{"line":378,"column":29}},"144":{"start":{"line":379,"column":2},"end":{"line":379,"column":34}},"145":{"start":{"line":380,"column":2},"end":{"line":380,"column":34}},"146":{"start":{"line":381,"column":2},"end":{"line":381,"column":34}},"147":{"start":{"line":382,"column":2},"end":{"line":382,"column":36}},"148":{"start":{"line":383,"column":2},"end":{"line":383,"column":24}},"149":{"start":{"line":394,"column":17},"end":{"line":394,"column":52}},"150":{"start":{"line":395,"column":17},"end":{"line":395,"column":52}},"151":{"start":{"line":396,"column":2},"end":{"line":406,"column":3}},"152":{"start":{"line":397,"column":15},"end":{"line":397,"column":32}},"153":{"start":{"line":398,"column":4},"end":{"line":398,"column":16}},"154":{"start":{"line":399,"column":4},"end":{"line":399,"column":52}},"155":{"start":{"line":400,"column":4},"end":{"line":404,"column":5}},"156":{"start":{"line":401,"column":6},"end":{"line":401,"column":26}},"157":{"start":{"line":402,"column":6},"end":{"line":402,"column":32}},"158":{"start":{"line":403,"column":6},"end":{"line":403,"column":18}},"159":{"start":{"line":405,"column":4},"end":{"line":405,"column":32}},"160":{"start":{"line":407,"column":2},"end":{"line":407,"column":15}},"161":{"start":{"line":418,"column":18},"end":{"line":422,"column":3}},"162":{"start":{"line":423,"column":2},"end":{"line":425,"column":3}},"163":{"start":{"line":424,"column":4},"end":{"line":424,"column":62}},"164":{"start":{"line":426,"column":2},"end":{"line":426,"column":17}},"165":{"start":{"line":437,"column":2},"end":{"line":437,"column":35}},"166":{"start":{"line":437,"column":22},"end":{"line":437,"column":35}},"167":{"start":{"line":439,"column":2},"end":{"line":444,"column":3}},"168":{"start":{"line":440,"column":4},"end":{"line":442,"column":5}},"169":{"start":{"line":441,"column":6},"end":{"line":441,"column":22}},"170":{"start":{"line":443,"column":4},"end":{"line":443,"column":17}},"171":{"start":{"line":446,"column":2},"end":{"line":451,"column":3}},"172":{"start":{"line":447,"column":4},"end":{"line":449,"column":5}},"173":{"start":{"line":448,"column":6},"end":{"line":448,"column":23}},"174":{"start":{"line":450,"column":4},"end":{"line":450,"column":17}},"175":{"start":{"line":453,"column":2},"end":{"line":456,"column":3}},"176":{"start":{"line":454,"column":4},"end":{"line":454,"column":25}},"177":{"start":{"line":455,"column":4},"end":{"line":455,"column":17}},"178":{"start":{"line":458,"column":2},"end":{"line":461,"column":3}},"179":{"start":{"line":459,"column":4},"end":{"line":459,"column":22}},"180":{"start":{"line":460,"column":4},"end":{"line":460,"column":16}},"181":{"start":{"line":464,"column":21},"end":{"line":464,"column":51}},"182":{"start":{"line":465,"column":2},"end":{"line":465,"column":66}},"183":{"start":{"line":466,"column":2},"end":{"line":466,"column":14}}},"fnMap":{"0":{"name":"checkAchievements","decl":{"start":{"line":85,"column":16},"end":{"line":85,"column":33}},"loc":{"start":{"line":85,"column":61},"end":{"line":155,"column":1}},"line":85},"1":{"name":"(anonymous_1)","decl":{"start":{"line":124,"column":46},"end":{"line":124,"column":47}},"loc":{"start":{"line":124,"column":51},"end":{"line":124,"column":102}},"line":124},"2":{"name":"(anonymous_2)","decl":{"start":{"line":138,"column":34},"end":{"line":138,"column":35}},"loc":{"start":{"line":138,"column":42},"end":{"line":138,"column":84}},"line":138},"3":{"name":"(anonymous_3)","decl":{"start":{"line":144,"column":40},"end":{"line":144,"column":41}},"loc":{"start":{"line":144,"column":47},"end":{"line":144,"column":53}},"line":144},"4":{"name":"(anonymous_4)","decl":{"start":{"line":145,"column":37},"end":{"line":145,"column":38}},"loc":{"start":{"line":145,"column":43},"end":{"line":148,"column":5}},"line":145},"5":{"name":"createInitialState","decl":{"start":{"line":163,"column":16},"end":{"line":163,"column":34}},"loc":{"start":{"line":163,"column":37},"end":{"line":174,"column":1}},"line":163},"6":{"name":"getState","decl":{"start":{"line":181,"column":16},"end":{"line":181,"column":24}},"loc":{"start":{"line":181,"column":32},"end":{"line":192,"column":1}},"line":181},"7":{"name":"restoreState","decl":{"start":{"line":199,"column":16},"end":{"line":199,"column":28}},"loc":{"start":{"line":199,"column":35},"end":{"line":209,"column":1}},"line":199},"8":{"name":"showDonation","decl":{"start":{"line":218,"column":16},"end":{"line":218,"column":28}},"loc":{"start":{"line":218,"column":42},"end":{"line":224,"column":1}},"line":218},"9":{"name":"randomOutcome","decl":{"start":{"line":238,"column":16},"end":{"line":238,"column":29}},"loc":{"start":{"line":238,"column":89},"end":{"line":253,"column":1}},"line":238},"10":{"name":"leftPath","decl":{"start":{"line":260,"column":16},"end":{"line":260,"column":24}},"loc":{"start":{"line":260,"column":32},"end":{"line":279,"column":1}},"line":260},"11":{"name":"rightPath","decl":{"start":{"line":286,"column":16},"end":{"line":286,"column":25}},"loc":{"start":{"line":286,"column":33},"end":{"line":301,"column":1}},"line":286},"12":{"name":"renderEndingHeader","decl":{"start":{"line":312,"column":16},"end":{"line":312,"column":34}},"loc":{"start":{"line":312,"column":75},"end":{"line":317,"column":1}},"line":312},"13":{"name":"neutralEnding","decl":{"start":{"line":324,"column":16},"end":{"line":324,"column":29}},"loc":{"start":{"line":324,"column":37},"end":{"line":340,"column":1}},"line":324},"14":{"name":"hiddenEnding","decl":{"start":{"line":347,"column":16},"end":{"line":347,"column":28}},"loc":{"start":{"line":347,"column":36},"end":{"line":366,"column":1}},"line":347},"15":{"name":"searchArea","decl":{"start":{"line":375,"column":16},"end":{"line":375,"column":26}},"loc":{"start":{"line":375,"column":34},"end":{"line":384,"column":1}},"line":375},"16":{"name":"checkHiddenPath","decl":{"start":{"line":393,"column":16},"end":{"line":393,"column":31}},"loc":{"start":{"line":393,"column":57},"end":{"line":408,"column":1}},"line":393},"17":{"name":"getChoices","decl":{"start":{"line":417,"column":16},"end":{"line":417,"column":26}},"loc":{"start":{"line":417,"column":34},"end":{"line":427,"column":1}},"line":417},"18":{"name":"handleChoice","decl":{"start":{"line":436,"column":16},"end":{"line":436,"column":28}},"loc":{"start":{"line":436,"column":62},"end":{"line":467,"column":1}},"line":436}},"branchMap":{"0":{"loc":{"start":{"line":87,"column":12},"end":{"line":87,"column":43}},"type":"binary-expr","locations":[{"start":{"line":87,"column":12},"end":{"line":87,"column":37}},{"start":{"line":87,"column":41},"end":{"line":87,"column":43}}],"line":87},"1":{"loc":{"start":{"line":89,"column":2},"end":{"line":95,"column":3}},"type":"if","locations":[{"start":{"line":89,"column":2},"end":{"line":95,"column":3}},{"start":{},"end":{}}],"line":89},"2":{"loc":{"start":{"line":90,"column":4},"end":{"line":90,"column":70}},"type":"if","locations":[{"start":{"line":90,"column":4},"end":{"line":90,"column":70}},{"start":{},"end":{}}],"line":90},"3":{"loc":{"start":{"line":91,"column":4},"end":{"line":93,"column":5}},"type":"if","locations":[{"start":{"line":91,"column":4},"end":{"line":93,"column":5}},{"start":{},"end":{}}],"line":91},"4":{"loc":{"start":{"line":91,"column":8},"end":{"line":91,"column":66}},"type":"binary-expr","locations":[{"start":{"line":91,"column":8},"end":{"line":91,"column":52}},{"start":{"line":91,"column":56},"end":{"line":91,"column":66}}],"line":91},"5":{"loc":{"start":{"line":91,"column":9},"end":{"line":91,"column":41}},"type":"binary-expr","locations":[{"start":{"line":91,"column":9},"end":{"line":91,"column":36}},{"start":{"line":91,"column":40},"end":{"line":91,"column":41}}],"line":91},"6":{"loc":{"start":{"line":97,"column":2},"end":{"line":100,"column":3}},"type":"if","locations":[{"start":{"line":97,"column":2},"end":{"line":100,"column":3}},{"start":{},"end":{}}],"line":97},"7":{"loc":{"start":{"line":98,"column":4},"end":{"line":98,"column":91}},"type":"if","locations":[{"start":{"line":98,"column":4},"end":{"line":98,"column":91}},{"start":{},"end":{}}],"line":98},"8":{"loc":{"start":{"line":98,"column":8},"end":{"line":98,"column":43}},"type":"binary-expr","locations":[{"start":{"line":98,"column":8},"end":{"line":98,"column":27}},{"start":{"line":98,"column":31},"end":{"line":98,"column":43}}],"line":98},"9":{"loc":{"start":{"line":99,"column":4},"end":{"line":99,"column":93}},"type":"if","locations":[{"start":{"line":99,"column":4},"end":{"line":99,"column":93}},{"start":{},"end":{}}],"line":99},"10":{"loc":{"start":{"line":99,"column":8},"end":{"line":99,"column":44}},"type":"binary-expr","locations":[{"start":{"line":99,"column":8},"end":{"line":99,"column":27}},{"start":{"line":99,"column":31},"end":{"line":99,"column":44}}],"line":99},"11":{"loc":{"start":{"line":102,"column":2},"end":{"line":130,"column":3}},"type":"if","locations":[{"start":{"line":102,"column":2},"end":{"line":130,"column":3}},{"start":{},"end":{}}],"line":102},"12":{"loc":{"start":{"line":103,"column":4},"end":{"line":103,"column":90}},"type":"if","locations":[{"start":{"line":103,"column":4},"end":{"line":103,"column":90}},{"start":{},"end":{}}],"line":103},"13":{"loc":{"start":{"line":103,"column":8},"end":{"line":103,"column":44}},"type":"binary-expr","locations":[{"start":{"line":103,"column":8},"end":{"line":103,"column":30}},{"start":{"line":103,"column":34},"end":{"line":103,"column":44}}],"line":103},"14":{"loc":{"start":{"line":104,"column":4},"end":{"line":104,"column":89}},"type":"if","locations":[{"start":{"line":104,"column":4},"end":{"line":104,"column":89}},{"start":{},"end":{}}],"line":104},"15":{"loc":{"start":{"line":104,"column":8},"end":{"line":104,"column":44}},"type":"binary-expr","locations":[{"start":{"line":104,"column":8},"end":{"line":104,"column":31}},{"start":{"line":104,"column":35},"end":{"line":104,"column":44}}],"line":104},"16":{"loc":{"start":{"line":105,"column":4},"end":{"line":105,"column":102}},"type":"if","locations":[{"start":{"line":105,"column":4},"end":{"line":105,"column":102}},{"start":{},"end":{}}],"line":105},"17":{"loc":{"start":{"line":105,"column":8},"end":{"line":105,"column":52}},"type":"binary-expr","locations":[{"start":{"line":105,"column":8},"end":{"line":105,"column":34}},{"start":{"line":105,"column":38},"end":{"line":105,"column":52}}],"line":105},"18":{"loc":{"start":{"line":106,"column":4},"end":{"line":106,"column":97}},"type":"if","locations":[{"start":{"line":106,"column":4},"end":{"line":106,"column":97}},{"start":{},"end":{}}],"line":106},"19":{"loc":{"start":{"line":106,"column":8},"end":{"line":106,"column":49}},"type":"binary-expr","locations":[{"start":{"line":106,"column":8},"end":{"line":106,"column":33}},{"start":{"line":106,"column":37},"end":{"line":106,"column":49}}],"line":106},"20":{"loc":{"start":{"line":108,"column":4},"end":{"line":112,"column":5}},"type":"if","locations":[{"start":{"line":108,"column":4},"end":{"line":112,"column":5}},{"start":{"line":110,"column":11},"end":{"line":112,"column":5}}],"line":108},"21":{"loc":{"start":{"line":109,"column":38},"end":{"line":109,"column":71}},"type":"binary-expr","locations":[{"start":{"line":109,"column":38},"end":{"line":109,"column":66}},{"start":{"line":109,"column":70},"end":{"line":109,"column":71}}],"line":109},"22":{"loc":{"start":{"line":110,"column":11},"end":{"line":112,"column":5}},"type":"if","locations":[{"start":{"line":110,"column":11},"end":{"line":112,"column":5}},{"start":{},"end":{}}],"line":110},"23":{"loc":{"start":{"line":113,"column":4},"end":{"line":115,"column":5}},"type":"if","locations":[{"start":{"line":113,"column":4},"end":{"line":115,"column":5}},{"start":{},"end":{}}],"line":113},"24":{"loc":{"start":{"line":113,"column":8},"end":{"line":113,"column":53}},"type":"binary-expr","locations":[{"start":{"line":113,"column":8},"end":{"line":113,"column":41}},{"start":{"line":113,"column":45},"end":{"line":113,"column":53}}],"line":113},"25":{"loc":{"start":{"line":117,"column":4},"end":{"line":119,"column":5}},"type":"if","locations":[{"start":{"line":117,"column":4},"end":{"line":119,"column":5}},{"start":{},"end":{}}],"line":117},"26":{"loc":{"start":{"line":117,"column":8},"end":{"line":117,"column":71}},"type":"binary-expr","locations":[{"start":{"line":117,"column":8},"end":{"line":117,"column":56}},{"start":{"line":117,"column":60},"end":{"line":117,"column":71}}],"line":117},"27":{"loc":{"start":{"line":117,"column":9},"end":{"line":117,"column":50}},"type":"binary-expr","locations":[{"start":{"line":117,"column":9},"end":{"line":117,"column":45}},{"start":{"line":117,"column":49},"end":{"line":117,"column":50}}],"line":117},"28":{"loc":{"start":{"line":122,"column":4},"end":{"line":129,"column":5}},"type":"if","locations":[{"start":{"line":122,"column":4},"end":{"line":129,"column":5}},{"start":{},"end":{}}],"line":122},"29":{"loc":{"start":{"line":125,"column":8},"end":{"line":127,"column":9}},"type":"if","locations":[{"start":{"line":125,"column":8},"end":{"line":127,"column":9}},{"start":{},"end":{}}],"line":125},"30":{"loc":{"start":{"line":132,"column":2},"end":{"line":140,"column":3}},"type":"if","locations":[{"start":{"line":132,"column":2},"end":{"line":140,"column":3}},{"start":{},"end":{}}],"line":132},"31":{"loc":{"start":{"line":133,"column":4},"end":{"line":133,"column":71}},"type":"if","locations":[{"start":{"line":133,"column":4},"end":{"line":133,"column":71}},{"start":{},"end":{}}],"line":133},"32":{"loc":{"start":{"line":134,"column":4},"end":{"line":136,"column":5}},"type":"if","locations":[{"start":{"line":134,"column":4},"end":{"line":136,"column":5}},{"start":{},"end":{}}],"line":134},"33":{"loc":{"start":{"line":139,"column":4},"end":{"line":139,"column":78}},"type":"if","locations":[{"start":{"line":139,"column":4},"end":{"line":139,"column":78}},{"start":{},"end":{}}],"line":139},"34":{"loc":{"start":{"line":139,"column":8},"end":{"line":139,"column":30}},"type":"binary-expr","locations":[{"start":{"line":139,"column":8},"end":{"line":139,"column":14}},{"start":{"line":139,"column":18},"end":{"line":139,"column":30}}],"line":139},"35":{"loc":{"start":{"line":143,"column":2},"end":{"line":152,"column":3}},"type":"if","locations":[{"start":{"line":143,"column":2},"end":{"line":152,"column":3}},{"start":{},"end":{}}],"line":143},"36":{"loc":{"start":{"line":146,"column":6},"end":{"line":146,"column":60}},"type":"if","locations":[{"start":{"line":146,"column":6},"end":{"line":146,"column":60}},{"start":{},"end":{}}],"line":146},"37":{"loc":{"start":{"line":147,"column":13},"end":{"line":147,"column":57}},"type":"binary-expr","locations":[{"start":{"line":147,"column":13},"end":{"line":147,"column":39}},{"start":{"line":147,"column":43},"end":{"line":147,"column":57}}],"line":147},"38":{"loc":{"start":{"line":149,"column":4},"end":{"line":151,"column":5}},"type":"if","locations":[{"start":{"line":149,"column":4},"end":{"line":151,"column":5}},{"start":{},"end":{}}],"line":149},"39":{"loc":{"start":{"line":149,"column":8},"end":{"line":149,"column":39}},"type":"binary-expr","locations":[{"start":{"line":149,"column":8},"end":{"line":149,"column":19}},{"start":{"line":149,"column":23},"end":{"line":149,"column":39}}],"line":149},"40":{"loc":{"start":{"line":201,"column":16},"end":{"line":201,"column":37}},"type":"binary-expr","locations":[{"start":{"line":201,"column":16},"end":{"line":201,"column":26}},{"start":{"line":201,"column":30},"end":{"line":201,"column":37}}],"line":201},"41":{"loc":{"start":{"line":202,"column":20},"end":{"line":202,"column":61}},"type":"cond-expr","locations":[{"start":{"line":202,"column":37},"end":{"line":202,"column":56}},{"start":{"line":202,"column":59},"end":{"line":202,"column":61}}],"line":202},"42":{"loc":{"start":{"line":203,"column":19},"end":{"line":203,"column":41}},"type":"binary-expr","locations":[{"start":{"line":203,"column":19},"end":{"line":203,"column":32}},{"start":{"line":203,"column":36},"end":{"line":203,"column":41}}],"line":203},"43":{"loc":{"start":{"line":204,"column":18},"end":{"line":204,"column":40}},"type":"binary-expr","locations":[{"start":{"line":204,"column":18},"end":{"line":204,"column":30}},{"start":{"line":204,"column":34},"end":{"line":204,"column":40}}],"line":204},"44":{"loc":{"start":{"line":205,"column":22},"end":{"line":205,"column":67}},"type":"cond-expr","locations":[{"start":{"line":205,"column":41},"end":{"line":205,"column":62}},{"start":{"line":205,"column":65},"end":{"line":205,"column":67}}],"line":205},"45":{"loc":{"start":{"line":206,"column":19},"end":{"line":206,"column":41}},"type":"binary-expr","locations":[{"start":{"line":206,"column":19},"end":{"line":206,"column":32}},{"start":{"line":206,"column":36},"end":{"line":206,"column":41}}],"line":206},"46":{"loc":{"start":{"line":207,"column":23},"end":{"line":207,"column":49}},"type":"binary-expr","locations":[{"start":{"line":207,"column":23},"end":{"line":207,"column":40}},{"start":{"line":207,"column":44},"end":{"line":207,"column":49}}],"line":207},"47":{"loc":{"start":{"line":238,"column":71},"end":{"line":238,"column":87}},"type":"default-arg","locations":[{"start":{"line":238,"column":83},"end":{"line":238,"column":87}}],"line":238},"48":{"loc":{"start":{"line":239,"column":2},"end":{"line":252,"column":3}},"type":"if","locations":[{"start":{"line":239,"column":2},"end":{"line":252,"column":3}},{"start":{"line":247,"column":9},"end":{"line":252,"column":3}}],"line":239},"49":{"loc":{"start":{"line":243,"column":4},"end":{"line":245,"column":5}},"type":"if","locations":[{"start":{"line":243,"column":4},"end":{"line":245,"column":5}},{"start":{},"end":{}}],"line":243},"50":{"loc":{"start":{"line":312,"column":55},"end":{"line":312,"column":73}},"type":"default-arg","locations":[{"start":{"line":312,"column":68},"end":{"line":312,"column":73}}],"line":312},"51":{"loc":{"start":{"line":393,"column":39},"end":{"line":393,"column":55}},"type":"default-arg","locations":[{"start":{"line":393,"column":51},"end":{"line":393,"column":55}}],"line":393},"52":{"loc":{"start":{"line":396,"column":2},"end":{"line":406,"column":3}},"type":"if","locations":[{"start":{"line":396,"column":2},"end":{"line":406,"column":3}},{"start":{},"end":{}}],"line":396},"53":{"loc":{"start":{"line":396,"column":6},"end":{"line":396,"column":22}},"type":"binary-expr","locations":[{"start":{"line":396,"column":6},"end":{"line":396,"column":12}},{"start":{"line":396,"column":16},"end":{"line":396,"column":22}}],"line":396},"54":{"loc":{"start":{"line":400,"column":4},"end":{"line":404,"column":5}},"type":"if","locations":[{"start":{"line":400,"column":4},"end":{"line":404,"column":5}},{"start":{},"end":{}}],"line":400},"55":{"loc":{"start":{"line":423,"column":2},"end":{"line":425,"column":3}},"type":"if","locations":[{"start":{"line":423,"column":2},"end":{"line":425,"column":3}},{"start":{},"end":{}}],"line":423},"56":{"loc":{"start":{"line":436,"column":44},"end":{"line":436,"column":60}},"type":"default-arg","locations":[{"start":{"line":436,"column":56},"end":{"line":436,"column":60}}],"line":436},"57":{"loc":{"start":{"line":437,"column":2},"end":{"line":437,"column":35}},"type":"if","locations":[{"start":{"line":437,"column":2},"end":{"line":437,"column":35}},{"start":{},"end":{}}],"line":437},"58":{"loc":{"start":{"line":439,"column":2},"end":{"line":444,"column":3}},"type":"if","locations":[{"start":{"line":439,"column":2},"end":{"line":444,"column":3}},{"start":{},"end":{}}],"line":439},"59":{"loc":{"start":{"line":440,"column":4},"end":{"line":442,"column":5}},"type":"if","locations":[{"start":{"line":440,"column":4},"end":{"line":442,"column":5}},{"start":{},"end":{}}],"line":440},"60":{"loc":{"start":{"line":446,"column":2},"end":{"line":451,"column":3}},"type":"if","locations":[{"start":{"line":446,"column":2},"end":{"line":451,"column":3}},{"start":{},"end":{}}],"line":446},"61":{"loc":{"start":{"line":447,"column":4},"end":{"line":449,"column":5}},"type":"if","locations":[{"start":{"line":447,"column":4},"end":{"line":449,"column":5}},{"start":{},"end":{}}],"line":447},"62":{"loc":{"start":{"line":453,"column":2},"end":{"line":456,"column":3}},"type":"if","locations":[{"start":{"line":453,"column":2},"end":{"line":456,"column":3}},{"start":{},"end":{}}],"line":453},"63":{"loc":{"start":{"line":458,"column":2},"end":{"line":461,"column":3}},"type":"if","locations":[{"start":{"line":458,"column":2},"end":{"line":461,"column":3}},{"start":{},"end":{}}],"line":458},"64":{"loc":{"start":{"line":458,"column":6},"end":{"line":458,"column":50}},"type":"binary-expr","locations":[{"start":{"line":458,"column":6},"end":{"line":458,"column":31}},{"start":{"line":458,"column":35},"end":{"line":458,"column":50}}],"line":458},"65":{"loc":{"start":{"line":464,"column":21},"end":{"line":464,"column":51}},"type":"cond-expr","locations":[{"start":{"line":464,"column":38},"end":{"line":464,"column":43}},{"start":{"line":464,"column":46},"end":{"line":464,"column":51}}],"line":464}},"s":{"0":3,"1":3,"2":3,"3":3,"4":3,"5":3,"6":3,"7":72,"8":72,"9":72,"10":28,"11":7,"12":28,"13":1,"14":28,"15":72,"16":10,"17":1,"18":10,"19":1,"20":72,"21":25,"22":10,"23":25,"24":3,"25":25,"26":2,"27":25,"28":2,"29":25,"30":14,"31":11,"32":5,"33":25,"34":1,"35":25,"36":1,"37":25,"38":18,"39":18,"40":29,"41":18,"42":2,"43":72,"44":8,"45":0,"46":8,"47":6,"48":8,"49":8,"50":20,"51":8,"52":1,"53":72,"54":28,"55":364,"56":28,"57":47,"58":1,"59":46,"60":28,"61":1,"62":72,"63":68,"64":6,"65":1,"66":1,"67":1,"68":1,"69":1,"70":1,"71":1,"72":1,"73":1,"74":30,"75":30,"76":30,"77":30,"78":30,"79":19,"80":7,"81":7,"82":7,"83":7,"84":5,"85":7,"86":12,"87":12,"88":12,"89":12,"90":12,"91":12,"92":12,"93":12,"94":12,"95":12,"96":12,"97":12,"98":4,"99":4,"100":4,"101":4,"102":4,"103":4,"104":4,"105":4,"106":15,"107":15,"108":15,"109":15,"110":6,"111":6,"112":6,"113":6,"114":6,"115":6,"116":6,"117":6,"118":6,"119":6,"120":6,"121":6,"122":6,"123":6,"124":7,"125":7,"126":7,"127":7,"128":7,"129":7,"130":7,"131":7,"132":7,"133":7,"134":7,"135":7,"136":7,"137":7,"138":7,"139":7,"140":7,"141":8,"142":8,"143":8,"144":8,"145":8,"146":8,"147":8,"148":8,"149":18,"150":18,"151":18,"152":8,"153":8,"154":8,"155":8,"156":5,"157":5,"158":5,"159":3,"160":13,"161":44,"162":44,"163":42,"164":44,"165":29,"166":1,"167":28,"168":11,"169":9,"170":11,"171":17,"172":3,"173":2,"174":3,"175":14,"176":4,"177":4,"178":10,"179":5,"180":5,"181":5,"182":5,"183":5},"f":{"0":72,"1":29,"2":20,"3":364,"4":47,"5":68,"6":6,"7":1,"8":30,"9":19,"10":12,"11":4,"12":15,"13":6,"14":7,"15":8,"16":18,"17":44,"18":29},"b":{"0":[72,0],"1":[28,44],"2":[7,21],"3":[1,27],"4":[28,8],"5":[28,5],"6":[10,62],"7":[1,9],"8":[10,6],"9":[1,9],"10":[10,1],"11":[25,47],"12":[10,15],"13":[25,14],"14":[3,22],"15":[25,5],"16":[2,23],"17":[25,4],"18":[2,23],"19":[25,2],"20":[14,11],"21":[14,11],"22":[5,6],"23":[1,24],"24":[25,1],"25":[1,24],"26":[25,1],"27":[25,13],"28":[18,7],"29":[2,16],"30":[8,64],"31":[0,8],"32":[6,2],"33":[1,7],"34":[8,2],"35":[28,44],"36":[1,46],"37":[46,39],"38":[1,27],"39":[28,1],"40":[1,0],"41":[1,0],"42":[1,1],"43":[1,0],"44":[1,0],"45":[1,1],"46":[1,1],"47":[4],"48":[7,12],"49":[5,2],"50":[7],"51":[1],"52":[8,10],"53":[18,8],"54":[5,3],"55":[42,2],"56":[16],"57":[1,28],"58":[11,17],"59":[9,2],"60":[3,14],"61":[2,1],"62":[4,10],"63":[5,5],"64":[10,7],"65":[3,2]},"_coverageSchema":"1a1c01bbd47fc00a2c39e90264f33305004495a9","hash":"3bdff51d87b0f935335791aeeffefc8b29303439"}
,"/workspace/project/web_adventure/renderer.js": {"path":"/workspace/project/web_adventure/renderer.js","statementMap":{"0":{"start":{"line":29,"column":10},"end":{"line":29,"column":45}},"1":{"start":{"line":29,"column":18},"end":{"line":29,"column":45}},"2":{"start":{"line":31,"column":16},"end":{"line":35,"column":1}},"3":{"start":{"line":37,"column":18},"end":{"line":37,"column":33}},"4":{"start":{"line":38,"column":25},"end":{"line":38,"column":37}},"5":{"start":{"line":39,"column":23},"end":{"line":39,"column":43}},"6":{"start":{"line":41,"column":20},"end":{"line":41,"column":37}},"7":{"start":{"line":42,"column":25},"end":{"line":42,"column":47}},"8":{"start":{"line":43,"column":20},"end":{"line":43,"column":37}},"9":{"start":{"line":44,"column":20},"end":{"line":44,"column":37}},"10":{"start":{"line":45,"column":21},"end":{"line":45,"column":39}},"11":{"start":{"line":46,"column":24},"end":{"line":46,"column":45}},"12":{"start":{"line":48,"column":19},"end":{"line":48,"column":36}},"13":{"start":{"line":49,"column":20},"end":{"line":49,"column":37}},"14":{"start":{"line":50,"column":19},"end":{"line":50,"column":36}},"15":{"start":{"line":51,"column":21},"end":{"line":51,"column":40}},"16":{"start":{"line":52,"column":16},"end":{"line":52,"column":29}},"17":{"start":{"line":53,"column":16},"end":{"line":53,"column":29}},"18":{"start":{"line":54,"column":23},"end":{"line":54,"column":44}},"19":{"start":{"line":55,"column":28},"end":{"line":55,"column":54}},"20":{"start":{"line":57,"column":16},"end":{"line":57,"column":26}},"21":{"start":{"line":60,"column":19},"end":{"line":60,"column":39}},"22":{"start":{"line":63,"column":22},"end":{"line":68,"column":1}},"23":{"start":{"line":70,"column":27},"end":{"line":75,"column":1}},"24":{"start":{"line":84,"column":2},"end":{"line":84,"column":30}},"25":{"start":{"line":85,"column":2},"end":{"line":85,"column":23}},"26":{"start":{"line":86,"column":2},"end":{"line":86,"column":46}},"27":{"start":{"line":94,"column":2},"end":{"line":94,"column":30}},"28":{"start":{"line":95,"column":2},"end":{"line":95,"column":23}},"29":{"start":{"line":96,"column":2},"end":{"line":96,"column":47}},"30":{"start":{"line":102,"column":2},"end":{"line":111,"column":5}},"31":{"start":{"line":103,"column":15},"end":{"line":103,"column":26}},"32":{"start":{"line":104,"column":4},"end":{"line":110,"column":5}},"33":{"start":{"line":105,"column":6},"end":{"line":105,"column":33}},"34":{"start":{"line":106,"column":6},"end":{"line":106,"column":17}},"35":{"start":{"line":108,"column":6},"end":{"line":108,"column":36}},"36":{"start":{"line":109,"column":6},"end":{"line":109,"column":30}},"37":{"start":{"line":112,"column":2},"end":{"line":112,"column":26}},"38":{"start":{"line":113,"column":2},"end":{"line":113,"column":29}},"39":{"start":{"line":120,"column":20},"end":{"line":120,"column":73}},"40":{"start":{"line":121,"column":2},"end":{"line":123,"column":5}},"41":{"start":{"line":122,"column":4},"end":{"line":122,"column":47}},"42":{"start":{"line":131,"column":2},"end":{"line":131,"column":22}},"43":{"start":{"line":132,"column":2},"end":{"line":132,"column":25}},"44":{"start":{"line":133,"column":2},"end":{"line":133,"column":37}},"45":{"start":{"line":133,"column":18},"end":{"line":133,"column":37}},"46":{"start":{"line":142,"column":2},"end":{"line":147,"column":3}},"47":{"start":{"line":143,"column":4},"end":{"line":143,"column":54}},"48":{"start":{"line":144,"column":4},"end":{"line":144,"column":59}},"49":{"start":{"line":145,"column":4},"end":{"line":145,"column":31}},"50":{"start":{"line":146,"column":4},"end":{"line":146,"column":38}},"51":{"start":{"line":148,"column":2},"end":{"line":148,"column":21}},"52":{"start":{"line":149,"column":2},"end":{"line":149,"column":33}},"53":{"start":{"line":150,"column":18},"end":{"line":150,"column":35}},"54":{"start":{"line":151,"column":2},"end":{"line":151,"column":25}},"55":{"start":{"line":152,"column":2},"end":{"line":152,"column":35}},"56":{"start":{"line":154,"column":22},"end":{"line":154,"column":67}},"57":{"start":{"line":155,"column":2},"end":{"line":155,"column":39}},"58":{"start":{"line":155,"column":19},"end":{"line":155,"column":39}},"59":{"start":{"line":163,"column":18},"end":{"line":163,"column":31}},"60":{"start":{"line":164,"column":18},"end":{"line":164,"column":39}},"61":{"start":{"line":165,"column":2},"end":{"line":169,"column":3}},"62":{"start":{"line":166,"column":4},"end":{"line":166,"column":51}},"63":{"start":{"line":168,"column":4},"end":{"line":168,"column":53}},"64":{"start":{"line":170,"column":2},"end":{"line":170,"column":99}},"65":{"start":{"line":173,"column":21},"end":{"line":173,"column":23}},"66":{"start":{"line":174,"column":17},"end":{"line":174,"column":22}},"67":{"start":{"line":175,"column":2},"end":{"line":182,"column":5}},"68":{"start":{"line":176,"column":4},"end":{"line":179,"column":5}},"69":{"start":{"line":177,"column":6},"end":{"line":177,"column":27}},"70":{"start":{"line":178,"column":6},"end":{"line":178,"column":13}},"71":{"start":{"line":180,"column":4},"end":{"line":180,"column":25}},"72":{"start":{"line":180,"column":18},"end":{"line":180,"column":25}},"73":{"start":{"line":181,"column":4},"end":{"line":181,"column":26}},"74":{"start":{"line":184,"column":2},"end":{"line":184,"column":29}},"75":{"start":{"line":185,"column":2},"end":{"line":189,"column":5}},"76":{"start":{"line":186,"column":14},"end":{"line":186,"column":41}},"77":{"start":{"line":187,"column":4},"end":{"line":187,"column":25}},"78":{"start":{"line":188,"column":4},"end":{"line":188,"column":31}},"79":{"start":{"line":192,"column":23},"end":{"line":192,"column":40}},"80":{"start":{"line":193,"column":19},"end":{"line":193,"column":54}},"81":{"start":{"line":194,"column":14},"end":{"line":194,"column":46}},"82":{"start":{"line":195,"column":2},"end":{"line":195,"column":37}},"83":{"start":{"line":196,"column":2},"end":{"line":196,"column":39}},"84":{"start":{"line":197,"column":2},"end":{"line":197,"column":42}},"85":{"start":{"line":198,"column":2},"end":{"line":200,"column":3}},"86":{"start":{"line":199,"column":4},"end":{"line":199,"column":66}},"87":{"start":{"line":202,"column":2},"end":{"line":202,"column":23}},"88":{"start":{"line":211,"column":2},"end":{"line":217,"column":3}},"89":{"start":{"line":212,"column":4},"end":{"line":212,"column":25}},"90":{"start":{"line":213,"column":4},"end":{"line":213,"column":44}},"91":{"start":{"line":214,"column":4},"end":{"line":214,"column":73}},"92":{"start":{"line":215,"column":4},"end":{"line":215,"column":54}},"93":{"start":{"line":216,"column":4},"end":{"line":216,"column":11}},"94":{"start":{"line":218,"column":18},"end":{"line":218,"column":36}},"95":{"start":{"line":219,"column":18},"end":{"line":219,"column":51}},"96":{"start":{"line":220,"column":15},"end":{"line":220,"column":43}},"97":{"start":{"line":221,"column":2},"end":{"line":221,"column":51}},"98":{"start":{"line":222,"column":2},"end":{"line":222,"column":75}},"99":{"start":{"line":223,"column":16},"end":{"line":223,"column":47}},"100":{"start":{"line":224,"column":2},"end":{"line":224,"column":32}},"101":{"start":{"line":225,"column":2},"end":{"line":225,"column":23}},"102":{"start":{"line":231,"column":2},"end":{"line":233,"column":3}},"103":{"start":{"line":232,"column":4},"end":{"line":232,"column":18}},"104":{"start":{"line":234,"column":2},"end":{"line":234,"column":17}},"105":{"start":{"line":242,"column":18},"end":{"line":242,"column":69}},"106":{"start":{"line":243,"column":15},"end":{"line":243,"column":52}},"107":{"start":{"line":244,"column":2},"end":{"line":244,"column":60}},"108":{"start":{"line":245,"column":2},"end":{"line":247,"column":30}},"109":{"start":{"line":246,"column":4},"end":{"line":246,"column":51}},"110":{"start":{"line":255,"column":16},"end":{"line":257,"column":6}},"111":{"start":{"line":256,"column":4},"end":{"line":256,"column":87}},"112":{"start":{"line":256,"column":10},"end":{"line":256,"column":58}},"113":{"start":{"line":256,"column":73},"end":{"line":256,"column":85}},"114":{"start":{"line":258,"column":16},"end":{"line":258,"column":44}},"115":{"start":{"line":259,"column":2},"end":{"line":261,"column":3}},"116":{"start":{"line":260,"column":4},"end":{"line":260,"column":64}},"117":{"start":{"line":272,"column":2},"end":{"line":272,"column":32}},"118":{"start":{"line":273,"column":2},"end":{"line":273,"column":34}},"119":{"start":{"line":274,"column":2},"end":{"line":274,"column":18}},"120":{"start":{"line":275,"column":2},"end":{"line":277,"column":15}},"121":{"start":{"line":276,"column":4},"end":{"line":276,"column":35}},"122":{"start":{"line":287,"column":2},"end":{"line":287,"column":27}},"123":{"start":{"line":288,"column":2},"end":{"line":294,"column":3}},"124":{"start":{"line":289,"column":14},"end":{"line":289,"column":41}},"125":{"start":{"line":290,"column":4},"end":{"line":290,"column":36}},"126":{"start":{"line":291,"column":4},"end":{"line":291,"column":40}},"127":{"start":{"line":292,"column":4},"end":{"line":292,"column":29}},"128":{"start":{"line":293,"column":4},"end":{"line":293,"column":11}},"129":{"start":{"line":295,"column":2},"end":{"line":304,"column":5}},"130":{"start":{"line":296,"column":14},"end":{"line":296,"column":41}},"131":{"start":{"line":297,"column":4},"end":{"line":297,"column":36}},"132":{"start":{"line":298,"column":4},"end":{"line":302,"column":5}},"133":{"start":{"line":299,"column":6},"end":{"line":299,"column":29}},"134":{"start":{"line":301,"column":6},"end":{"line":301,"column":27}},"135":{"start":{"line":303,"column":4},"end":{"line":303,"column":29}},"136":{"start":{"line":306,"column":22},"end":{"line":306,"column":39}},"137":{"start":{"line":307,"column":2},"end":{"line":309,"column":3}},"138":{"start":{"line":308,"column":4},"end":{"line":308,"column":53}},"139":{"start":{"line":317,"column":2},"end":{"line":317,"column":34}},"140":{"start":{"line":318,"column":2},"end":{"line":326,"column":5}},"141":{"start":{"line":319,"column":16},"end":{"line":319,"column":48}},"142":{"start":{"line":320,"column":4},"end":{"line":320,"column":37}},"143":{"start":{"line":321,"column":4},"end":{"line":321,"column":49}},"144":{"start":{"line":322,"column":4},"end":{"line":322,"column":49}},"145":{"start":{"line":323,"column":4},"end":{"line":323,"column":57}},"146":{"start":{"line":324,"column":4},"end":{"line":324,"column":64}},"147":{"start":{"line":324,"column":40},"end":{"line":324,"column":62}},"148":{"start":{"line":325,"column":4},"end":{"line":325,"column":38}},"149":{"start":{"line":334,"column":2},"end":{"line":338,"column":3}},"150":{"start":{"line":335,"column":4},"end":{"line":335,"column":38}},"151":{"start":{"line":337,"column":4},"end":{"line":337,"column":50}},"152":{"start":{"line":342,"column":18},"end":{"line":342,"column":31}},"153":{"start":{"line":343,"column":2},"end":{"line":347,"column":3}},"154":{"start":{"line":344,"column":17},"end":{"line":344,"column":44}},"155":{"start":{"line":345,"column":19},"end":{"line":345,"column":39}},"156":{"start":{"line":346,"column":4},"end":{"line":346,"column":87}},"157":{"start":{"line":348,"column":2},"end":{"line":352,"column":3}},"158":{"start":{"line":349,"column":17},"end":{"line":349,"column":44}},"159":{"start":{"line":350,"column":19},"end":{"line":350,"column":39}},"160":{"start":{"line":351,"column":4},"end":{"line":351,"column":89}},"161":{"start":{"line":353,"column":2},"end":{"line":353,"column":44}},"162":{"start":{"line":357,"column":2},"end":{"line":357,"column":46}},"163":{"start":{"line":362,"column":17},"end":{"line":362,"column":37}},"164":{"start":{"line":363,"column":24},"end":{"line":363,"column":52}},"165":{"start":{"line":366,"column":2},"end":{"line":372,"column":3}},"166":{"start":{"line":367,"column":17},"end":{"line":367,"column":32}},"167":{"start":{"line":368,"column":4},"end":{"line":368,"column":57}},"168":{"start":{"line":369,"column":4},"end":{"line":369,"column":35}},"169":{"start":{"line":371,"column":4},"end":{"line":371,"column":37}},"170":{"start":{"line":373,"column":2},"end":{"line":373,"column":25}},"171":{"start":{"line":377,"column":2},"end":{"line":384,"column":3}},"172":{"start":{"line":378,"column":16},"end":{"line":378,"column":46}},"173":{"start":{"line":379,"column":4},"end":{"line":379,"column":27}},"174":{"start":{"line":379,"column":14},"end":{"line":379,"column":27}},"175":{"start":{"line":380,"column":17},"end":{"line":380,"column":32}},"176":{"start":{"line":381,"column":4},"end":{"line":381,"column":38}},"177":{"start":{"line":383,"column":4},"end":{"line":383,"column":17}},"178":{"start":{"line":388,"column":2},"end":{"line":395,"column":4}},"179":{"start":{"line":392,"column":63},"end":{"line":392,"column":76}},"180":{"start":{"line":399,"column":2},"end":{"line":423,"column":3}},"181":{"start":{"line":400,"column":16},"end":{"line":400,"column":53}},"182":{"start":{"line":401,"column":4},"end":{"line":401,"column":46}},"183":{"start":{"line":401,"column":14},"end":{"line":401,"column":46}},"184":{"start":{"line":403,"column":17},"end":{"line":403,"column":32}},"185":{"start":{"line":405,"column":4},"end":{"line":415,"column":5}},"186":{"start":{"line":406,"column":6},"end":{"line":406,"column":64}},"187":{"start":{"line":407,"column":6},"end":{"line":407,"column":31}},"188":{"start":{"line":408,"column":6},"end":{"line":408,"column":31}},"189":{"start":{"line":409,"column":6},"end":{"line":414,"column":7}},"190":{"start":{"line":410,"column":8},"end":{"line":410,"column":83}},"191":{"start":{"line":410,"column":50},"end":{"line":410,"column":83}},"192":{"start":{"line":411,"column":8},"end":{"line":411,"column":83}},"193":{"start":{"line":411,"column":51},"end":{"line":411,"column":83}},"194":{"start":{"line":412,"column":8},"end":{"line":412,"column":91}},"195":{"start":{"line":412,"column":54},"end":{"line":412,"column":91}},"196":{"start":{"line":413,"column":8},"end":{"line":413,"column":88}},"197":{"start":{"line":413,"column":53},"end":{"line":413,"column":88}},"198":{"start":{"line":417,"column":4},"end":{"line":419,"column":7}},"199":{"start":{"line":418,"column":6},"end":{"line":418,"column":76}},"200":{"start":{"line":418,"column":42},"end":{"line":418,"column":76}},"201":{"start":{"line":420,"column":4},"end":{"line":420,"column":16}},"202":{"start":{"line":422,"column":4},"end":{"line":422,"column":36}},"203":{"start":{"line":427,"column":2},"end":{"line":439,"column":30}},"204":{"start":{"line":428,"column":25},"end":{"line":428,"column":42}},"205":{"start":{"line":429,"column":4},"end":{"line":431,"column":5}},"206":{"start":{"line":430,"column":6},"end":{"line":430,"column":50}},"207":{"start":{"line":432,"column":4},"end":{"line":432,"column":73}},"208":{"start":{"line":433,"column":20},"end":{"line":433,"column":97}},"209":{"start":{"line":434,"column":4},"end":{"line":437,"column":5}},"210":{"start":{"line":435,"column":6},"end":{"line":435,"column":40}},"211":{"start":{"line":436,"column":6},"end":{"line":436,"column":71}},"212":{"start":{"line":436,"column":30},"end":{"line":436,"column":67}},"213":{"start":{"line":438,"column":4},"end":{"line":438,"column":72}},"214":{"start":{"line":443,"column":2},"end":{"line":447,"column":3}},"215":{"start":{"line":444,"column":4},"end":{"line":444,"column":35}},"216":{"start":{"line":446,"column":4},"end":{"line":446,"column":39}},"217":{"start":{"line":460,"column":19},"end":{"line":460,"column":48}},"218":{"start":{"line":463,"column":14},"end":{"line":463,"column":58}},"219":{"start":{"line":464,"column":2},"end":{"line":469,"column":3}},"220":{"start":{"line":465,"column":4},"end":{"line":465,"column":42}},"221":{"start":{"line":466,"column":4},"end":{"line":466,"column":35}},"222":{"start":{"line":467,"column":4},"end":{"line":467,"column":42}},"223":{"start":{"line":468,"column":4},"end":{"line":468,"column":37}},"224":{"start":{"line":472,"column":2},"end":{"line":472,"column":33}},"225":{"start":{"line":473,"column":2},"end":{"line":473,"column":40}},"226":{"start":{"line":474,"column":2},"end":{"line":474,"column":31}},"227":{"start":{"line":475,"column":2},"end":{"line":475,"column":66}},"228":{"start":{"line":476,"column":2},"end":{"line":476,"column":23}},"229":{"start":{"line":479,"column":17},"end":{"line":479,"column":47}},"230":{"start":{"line":480,"column":2},"end":{"line":480,"column":40}},"231":{"start":{"line":481,"column":2},"end":{"line":481,"column":48}},"232":{"start":{"line":482,"column":2},"end":{"line":482,"column":28}},"233":{"start":{"line":485,"column":18},"end":{"line":485,"column":46}},"234":{"start":{"line":486,"column":2},"end":{"line":486,"column":42}},"235":{"start":{"line":487,"column":2},"end":{"line":487,"column":69}},"236":{"start":{"line":488,"column":2},"end":{"line":488,"column":29}},"237":{"start":{"line":491,"column":17},"end":{"line":491,"column":44}},"238":{"start":{"line":492,"column":2},"end":{"line":492,"column":47}},"239":{"start":{"line":493,"column":2},"end":{"line":493,"column":75}},"240":{"start":{"line":494,"column":2},"end":{"line":494,"column":28}},"241":{"start":{"line":497,"column":16},"end":{"line":497,"column":48}},"242":{"start":{"line":498,"column":2},"end":{"line":498,"column":45}},"243":{"start":{"line":499,"column":2},"end":{"line":499,"column":27}},"244":{"start":{"line":500,"column":2},"end":{"line":503,"column":5}},"245":{"start":{"line":501,"column":4},"end":{"line":501,"column":34}},"246":{"start":{"line":502,"column":4},"end":{"line":502,"column":19}},"247":{"start":{"line":504,"column":2},"end":{"line":504,"column":27}},"248":{"start":{"line":507,"column":2},"end":{"line":507,"column":49}},"249":{"start":{"line":510,"column":4},"end":{"line":510,"column":54}},"250":{"start":{"line":511,"column":4},"end":{"line":511,"column":36}},"251":{"start":{"line":512,"column":4},"end":{"line":516,"column":12}},"252":{"start":{"line":513,"column":6},"end":{"line":515,"column":7}},"253":{"start":{"line":514,"column":8},"end":{"line":514,"column":44}},"254":{"start":{"line":520,"column":26},"end":{"line":522,"column":10}},"255":{"start":{"line":521,"column":4},"end":{"line":521,"column":19}},"256":{"start":{"line":532,"column":2},"end":{"line":532,"column":59}},"257":{"start":{"line":532,"column":52},"end":{"line":532,"column":59}},"258":{"start":{"line":533,"column":23},"end":{"line":533,"column":40}},"259":{"start":{"line":534,"column":18},"end":{"line":534,"column":20}},"260":{"start":{"line":535,"column":2},"end":{"line":546,"column":5}},"261":{"start":{"line":536,"column":16},"end":{"line":536,"column":55}},"262":{"start":{"line":536,"column":43},"end":{"line":536,"column":54}},"263":{"start":{"line":537,"column":4},"end":{"line":545,"column":5}},"264":{"start":{"line":538,"column":6},"end":{"line":544,"column":9}},"265":{"start":{"line":547,"column":2},"end":{"line":547,"column":52}},"266":{"start":{"line":547,"column":25},"end":{"line":547,"column":50}},"267":{"start":{"line":557,"column":23},"end":{"line":557,"column":40}},"268":{"start":{"line":558,"column":18},"end":{"line":558,"column":61}},"269":{"start":{"line":559,"column":2},"end":{"line":563,"column":3}},"270":{"start":{"line":560,"column":4},"end":{"line":560,"column":46}},"271":{"start":{"line":561,"column":4},"end":{"line":561,"column":38}},"272":{"start":{"line":562,"column":4},"end":{"line":562,"column":41}},"273":{"start":{"line":565,"column":2},"end":{"line":565,"column":27}},"274":{"start":{"line":566,"column":16},"end":{"line":566,"column":39}},"275":{"start":{"line":567,"column":24},"end":{"line":567,"column":105}},"276":{"start":{"line":567,"column":55},"end":{"line":567,"column":97}},"277":{"start":{"line":569,"column":2},"end":{"line":577,"column":5}},"278":{"start":{"line":570,"column":23},"end":{"line":570,"column":65}},"279":{"start":{"line":572,"column":4},"end":{"line":572,"column":42}},"280":{"start":{"line":572,"column":35},"end":{"line":572,"column":42}},"281":{"start":{"line":573,"column":17},"end":{"line":573,"column":46}},"282":{"start":{"line":574,"column":4},"end":{"line":574,"column":72}},"283":{"start":{"line":575,"column":4},"end":{"line":575,"column":53}},"284":{"start":{"line":576,"column":4},"end":{"line":576,"column":32}},"285":{"start":{"line":579,"column":2},"end":{"line":590,"column":3}},"286":{"start":{"line":580,"column":21},"end":{"line":580,"column":53}},"287":{"start":{"line":581,"column":4},"end":{"line":581,"column":63}},"288":{"start":{"line":582,"column":22},"end":{"line":584,"column":5}},"289":{"start":{"line":585,"column":4},"end":{"line":585,"column":41}},"290":{"start":{"line":586,"column":4},"end":{"line":588,"column":7}},"291":{"start":{"line":587,"column":6},"end":{"line":587,"column":82}},"292":{"start":{"line":589,"column":4},"end":{"line":589,"column":36}},"293":{"start":{"line":596,"column":24},"end":{"line":596,"column":44}},"294":{"start":{"line":597,"column":23},"end":{"line":597,"column":55}},"295":{"start":{"line":600,"column":2},"end":{"line":619,"column":30}},"296":{"start":{"line":601,"column":25},"end":{"line":601,"column":42}},"297":{"start":{"line":602,"column":18},"end":{"line":602,"column":88}},"298":{"start":{"line":605,"column":21},"end":{"line":605,"column":82}},"299":{"start":{"line":605,"column":52},"end":{"line":605,"column":81}},"300":{"start":{"line":606,"column":4},"end":{"line":609,"column":7}},"301":{"start":{"line":607,"column":22},"end":{"line":607,"column":92}},"302":{"start":{"line":608,"column":6},"end":{"line":608,"column":41}},"303":{"start":{"line":611,"column":4},"end":{"line":618,"column":5}},"304":{"start":{"line":612,"column":6},"end":{"line":612,"column":40}},"305":{"start":{"line":613,"column":6},"end":{"line":613,"column":71}},"306":{"start":{"line":613,"column":30},"end":{"line":613,"column":67}},"307":{"start":{"line":614,"column":6},"end":{"line":614,"column":74}},"308":{"start":{"line":617,"column":6},"end":{"line":617,"column":74}},"309":{"start":{"line":621,"column":2},"end":{"line":626,"column":3}},"310":{"start":{"line":622,"column":4},"end":{"line":622,"column":32}},"311":{"start":{"line":623,"column":4},"end":{"line":623,"column":23}},"312":{"start":{"line":624,"column":9},"end":{"line":626,"column":3}},"313":{"start":{"line":625,"column":4},"end":{"line":625,"column":21}},"314":{"start":{"line":630,"column":0},"end":{"line":630,"column":27}},"315":{"start":{"line":633,"column":2},"end":{"line":633,"column":31}},"316":{"start":{"line":635,"column":2},"end":{"line":644,"column":30}},"317":{"start":{"line":636,"column":25},"end":{"line":636,"column":42}},"318":{"start":{"line":637,"column":4},"end":{"line":637,"column":73}},"319":{"start":{"line":638,"column":20},"end":{"line":638,"column":74}},"320":{"start":{"line":639,"column":4},"end":{"line":642,"column":5}},"321":{"start":{"line":640,"column":6},"end":{"line":640,"column":40}},"322":{"start":{"line":641,"column":6},"end":{"line":641,"column":71}},"323":{"start":{"line":641,"column":30},"end":{"line":641,"column":67}},"324":{"start":{"line":643,"column":4},"end":{"line":643,"column":72}},"325":{"start":{"line":645,"column":2},"end":{"line":645,"column":19}},"326":{"start":{"line":649,"column":17},"end":{"line":649,"column":27}},"327":{"start":{"line":650,"column":2},"end":{"line":654,"column":3}},"328":{"start":{"line":651,"column":4},"end":{"line":651,"column":21}},"329":{"start":{"line":653,"column":4},"end":{"line":653,"column":37}},"330":{"start":{"line":658,"column":2},"end":{"line":658,"column":20}},"331":{"start":{"line":662,"column":2},"end":{"line":662,"column":17}},"332":{"start":{"line":668,"column":2},"end":{"line":683,"column":3}},"333":{"start":{"line":669,"column":16},"end":{"line":669,"column":46}},"334":{"start":{"line":670,"column":4},"end":{"line":670,"column":26}},"335":{"start":{"line":670,"column":14},"end":{"line":670,"column":26}},"336":{"start":{"line":671,"column":17},"end":{"line":671,"column":32}},"337":{"start":{"line":672,"column":4},"end":{"line":675,"column":5}},"338":{"start":{"line":673,"column":6},"end":{"line":673,"column":40}},"339":{"start":{"line":674,"column":6},"end":{"line":674,"column":18}},"340":{"start":{"line":676,"column":4},"end":{"line":676,"column":31}},"341":{"start":{"line":677,"column":4},"end":{"line":677,"column":26}},"342":{"start":{"line":678,"column":4},"end":{"line":678,"column":17}},"343":{"start":{"line":680,"column":4},"end":{"line":680,"column":38}},"344":{"start":{"line":681,"column":4},"end":{"line":681,"column":49}},"345":{"start":{"line":682,"column":4},"end":{"line":682,"column":16}},"346":{"start":{"line":688,"column":16},"end":{"line":688,"column":60}},"347":{"start":{"line":689,"column":2},"end":{"line":689,"column":28}},"348":{"start":{"line":689,"column":13},"end":{"line":689,"column":28}},"349":{"start":{"line":690,"column":14},"end":{"line":690,"column":19}},"350":{"start":{"line":693,"column":2},"end":{"line":703,"column":3}},"351":{"start":{"line":694,"column":17},"end":{"line":694,"column":38}},"352":{"start":{"line":695,"column":4},"end":{"line":702,"column":5}},"353":{"start":{"line":696,"column":6},"end":{"line":701,"column":7}},"354":{"start":{"line":697,"column":8},"end":{"line":697,"column":32}},"355":{"start":{"line":698,"column":8},"end":{"line":698,"column":37}},"356":{"start":{"line":700,"column":8},"end":{"line":700,"column":36}},"357":{"start":{"line":705,"column":2},"end":{"line":733,"column":3}},"358":{"start":{"line":706,"column":20},"end":{"line":706,"column":37}},"359":{"start":{"line":707,"column":22},"end":{"line":712,"column":5}},"360":{"start":{"line":713,"column":4},"end":{"line":721,"column":5}},"361":{"start":{"line":714,"column":20},"end":{"line":714,"column":34}},"362":{"start":{"line":715,"column":20},"end":{"line":715,"column":58}},"363":{"start":{"line":715,"column":40},"end":{"line":715,"column":57}},"364":{"start":{"line":716,"column":6},"end":{"line":720,"column":7}},"365":{"start":{"line":717,"column":8},"end":{"line":717,"column":27}},"366":{"start":{"line":718,"column":8},"end":{"line":718,"column":31}},"367":{"start":{"line":719,"column":8},"end":{"line":719,"column":15}},"368":{"start":{"line":722,"column":4},"end":{"line":726,"column":5}},"369":{"start":{"line":723,"column":6},"end":{"line":723,"column":25}},"370":{"start":{"line":724,"column":6},"end":{"line":724,"column":17}},"371":{"start":{"line":725,"column":6},"end":{"line":725,"column":13}},"372":{"start":{"line":727,"column":4},"end":{"line":732,"column":5}},"373":{"start":{"line":728,"column":6},"end":{"line":728,"column":25}},"374":{"start":{"line":729,"column":6},"end":{"line":731,"column":7}},"375":{"start":{"line":730,"column":8},"end":{"line":730,"column":28}},"376":{"start":{"line":739,"column":2},"end":{"line":739,"column":14}},"377":{"start":{"line":742,"column":2},"end":{"line":742,"column":53}},"378":{"start":{"line":743,"column":2},"end":{"line":743,"column":54}},"379":{"start":{"line":744,"column":2},"end":{"line":744,"column":50}},"380":{"start":{"line":745,"column":2},"end":{"line":745,"column":52}},"381":{"start":{"line":746,"column":2},"end":{"line":746,"column":46}},"382":{"start":{"line":747,"column":2},"end":{"line":747,"column":56}},"383":{"start":{"line":750,"column":2},"end":{"line":754,"column":5}},"384":{"start":{"line":751,"column":4},"end":{"line":753,"column":5}},"385":{"start":{"line":752,"column":6},"end":{"line":752,"column":26}},"386":{"start":{"line":757,"column":2},"end":{"line":765,"column":5}},"387":{"start":{"line":758,"column":17},"end":{"line":758,"column":38}},"388":{"start":{"line":759,"column":4},"end":{"line":764,"column":5}},"389":{"start":{"line":760,"column":6},"end":{"line":760,"column":30}},"390":{"start":{"line":761,"column":6},"end":{"line":761,"column":35}},"391":{"start":{"line":763,"column":6},"end":{"line":763,"column":34}},"392":{"start":{"line":768,"column":2},"end":{"line":768,"column":54}},"393":{"start":{"line":771,"column":2},"end":{"line":771,"column":25}},"394":{"start":{"line":774,"column":2},"end":{"line":774,"column":20}},"395":{"start":{"line":778,"column":0},"end":{"line":782,"column":1}},"396":{"start":{"line":779,"column":2},"end":{"line":779,"column":54}},"397":{"start":{"line":781,"column":2},"end":{"line":781,"column":9}}},"fnMap":{"0":{"name":"(anonymous_0)","decl":{"start":{"line":29,"column":10},"end":{"line":29,"column":11}},"loc":{"start":{"line":29,"column":18},"end":{"line":29,"column":45}},"line":29},"1":{"name":"fadeIn","decl":{"start":{"line":83,"column":16},"end":{"line":83,"column":22}},"loc":{"start":{"line":83,"column":27},"end":{"line":87,"column":1}},"line":83},"2":{"name":"fadeOut","decl":{"start":{"line":93,"column":16},"end":{"line":93,"column":23}},"loc":{"start":{"line":93,"column":28},"end":{"line":97,"column":1}},"line":93},"3":{"name":"showScreen","decl":{"start":{"line":101,"column":9},"end":{"line":101,"column":19}},"loc":{"start":{"line":101,"column":30},"end":{"line":114,"column":1}},"line":101},"4":{"name":"(anonymous_4)","decl":{"start":{"line":102,"column":31},"end":{"line":102,"column":32}},"loc":{"start":{"line":102,"column":39},"end":{"line":111,"column":3}},"line":102},"5":{"name":"updateDonationVisibility","decl":{"start":{"line":119,"column":9},"end":{"line":119,"column":33}},"loc":{"start":{"line":119,"column":36},"end":{"line":124,"column":1}},"line":119},"6":{"name":"(anonymous_6)","decl":{"start":{"line":121,"column":117},"end":{"line":121,"column":118}},"loc":{"start":{"line":121,"column":125},"end":{"line":123,"column":3}},"line":121},"7":{"name":"showTitleScreen","decl":{"start":{"line":130,"column":16},"end":{"line":130,"column":31}},"loc":{"start":{"line":130,"column":34},"end":{"line":134,"column":1}},"line":130},"8":{"name":"showGameScreen","decl":{"start":{"line":140,"column":16},"end":{"line":140,"column":30}},"loc":{"start":{"line":140,"column":33},"end":{"line":156,"column":1}},"line":140},"9":{"name":"showEndingScreen","decl":{"start":{"line":162,"column":16},"end":{"line":162,"column":32}},"loc":{"start":{"line":162,"column":35},"end":{"line":203,"column":1}},"line":162},"10":{"name":"(anonymous_10)","decl":{"start":{"line":175,"column":28},"end":{"line":175,"column":29}},"loc":{"start":{"line":175,"column":38},"end":{"line":182,"column":3}},"line":175},"11":{"name":"(anonymous_11)","decl":{"start":{"line":185,"column":21},"end":{"line":185,"column":22}},"loc":{"start":{"line":185,"column":31},"end":{"line":189,"column":3}},"line":185},"12":{"name":"renderEndingScene","decl":{"start":{"line":210,"column":16},"end":{"line":210,"column":33}},"loc":{"start":{"line":210,"column":46},"end":{"line":226,"column":1}},"line":210},"13":{"name":"getPreferredTheme","decl":{"start":{"line":230,"column":9},"end":{"line":230,"column":26}},"loc":{"start":{"line":230,"column":29},"end":{"line":235,"column":1}},"line":230},"14":{"name":"toggleTheme","decl":{"start":{"line":241,"column":16},"end":{"line":241,"column":27}},"loc":{"start":{"line":241,"column":30},"end":{"line":248,"column":1}},"line":241},"15":{"name":"initTheme","decl":{"start":{"line":254,"column":16},"end":{"line":254,"column":25}},"loc":{"start":{"line":254,"column":28},"end":{"line":262,"column":1}},"line":254},"16":{"name":"(anonymous_16)","decl":{"start":{"line":255,"column":17},"end":{"line":255,"column":18}},"loc":{"start":{"line":255,"column":23},"end":{"line":257,"column":3}},"line":255},"17":{"name":"showNotification","decl":{"start":{"line":271,"column":16},"end":{"line":271,"column":32}},"loc":{"start":{"line":271,"column":59},"end":{"line":278,"column":1}},"line":271},"18":{"name":"(anonymous_18)","decl":{"start":{"line":275,"column":13},"end":{"line":275,"column":14}},"loc":{"start":{"line":275,"column":19},"end":{"line":277,"column":3}},"line":275},"19":{"name":"updateStory","decl":{"start":{"line":286,"column":16},"end":{"line":286,"column":27}},"loc":{"start":{"line":286,"column":39},"end":{"line":310,"column":1}},"line":286},"20":{"name":"(anonymous_20)","decl":{"start":{"line":295,"column":20},"end":{"line":295,"column":21}},"loc":{"start":{"line":295,"column":30},"end":{"line":304,"column":3}},"line":295},"21":{"name":"updateChoices","decl":{"start":{"line":316,"column":16},"end":{"line":316,"column":29}},"loc":{"start":{"line":316,"column":39},"end":{"line":327,"column":1}},"line":316},"22":{"name":"(anonymous_22)","decl":{"start":{"line":318,"column":18},"end":{"line":318,"column":19}},"loc":{"start":{"line":318,"column":30},"end":{"line":326,"column":3}},"line":318},"23":{"name":"(anonymous_23)","decl":{"start":{"line":324,"column":34},"end":{"line":324,"column":35}},"loc":{"start":{"line":324,"column":40},"end":{"line":324,"column":62}},"line":324},"24":{"name":"updateInventory","decl":{"start":{"line":333,"column":16},"end":{"line":333,"column":31}},"loc":{"start":{"line":333,"column":39},"end":{"line":339,"column":1}},"line":333},"25":{"name":"getEndingTitle","decl":{"start":{"line":341,"column":16},"end":{"line":341,"column":30}},"loc":{"start":{"line":341,"column":38},"end":{"line":354,"column":1}},"line":341},"26":{"name":"getEndingDecoration","decl":{"start":{"line":356,"column":9},"end":{"line":356,"column":28}},"loc":{"start":{"line":356,"column":38},"end":{"line":358,"column":1}},"line":356},"27":{"name":"saveGame","decl":{"start":{"line":365,"column":9},"end":{"line":365,"column":17}},"loc":{"start":{"line":365,"column":20},"end":{"line":374,"column":1}},"line":365},"28":{"name":"hasSaveData","decl":{"start":{"line":376,"column":9},"end":{"line":376,"column":20}},"loc":{"start":{"line":376,"column":23},"end":{"line":385,"column":1}},"line":376},"29":{"name":"defaultAchievementData","decl":{"start":{"line":387,"column":9},"end":{"line":387,"column":31}},"loc":{"start":{"line":387,"column":34},"end":{"line":396,"column":1}},"line":387},"30":{"name":"(anonymous_30)","decl":{"start":{"line":392,"column":58},"end":{"line":392,"column":59}},"loc":{"start":{"line":392,"column":63},"end":{"line":392,"column":76}},"line":392},"31":{"name":"getAchievements","decl":{"start":{"line":398,"column":16},"end":{"line":398,"column":31}},"loc":{"start":{"line":398,"column":34},"end":{"line":424,"column":1}},"line":398},"32":{"name":"(anonymous_32)","decl":{"start":{"line":417,"column":29},"end":{"line":417,"column":30}},"loc":{"start":{"line":417,"column":36},"end":{"line":419,"column":5}},"line":417},"33":{"name":"recordEnding","decl":{"start":{"line":426,"column":16},"end":{"line":426,"column":28}},"loc":{"start":{"line":426,"column":39},"end":{"line":440,"column":1}},"line":426},"34":{"name":"(anonymous_34)","decl":{"start":{"line":436,"column":22},"end":{"line":436,"column":23}},"loc":{"start":{"line":436,"column":28},"end":{"line":436,"column":69}},"line":436},"35":{"name":"updateContinueButton","decl":{"start":{"line":442,"column":9},"end":{"line":442,"column":29}},"loc":{"start":{"line":442,"column":32},"end":{"line":448,"column":1}},"line":442},"36":{"name":"showAchievementPopup","decl":{"start":{"line":459,"column":16},"end":{"line":459,"column":36}},"loc":{"start":{"line":459,"column":50},"end":{"line":523,"column":1}},"line":459},"37":{"name":"(anonymous_37)","decl":{"start":{"line":500,"column":34},"end":{"line":500,"column":35}},"loc":{"start":{"line":500,"column":40},"end":{"line":503,"column":3}},"line":500},"38":{"name":"dismissPopup","decl":{"start":{"line":509,"column":11},"end":{"line":509,"column":23}},"loc":{"start":{"line":509,"column":26},"end":{"line":517,"column":3}},"line":509},"39":{"name":"(anonymous_39)","decl":{"start":{"line":512,"column":15},"end":{"line":512,"column":16}},"loc":{"start":{"line":512,"column":21},"end":{"line":516,"column":5}},"line":512},"40":{"name":"(anonymous_40)","decl":{"start":{"line":520,"column":37},"end":{"line":520,"column":38}},"loc":{"start":{"line":520,"column":43},"end":{"line":522,"column":3}},"line":520},"41":{"name":"checkAndShowAchievements","decl":{"start":{"line":531,"column":16},"end":{"line":531,"column":40}},"loc":{"start":{"line":531,"column":56},"end":{"line":548,"column":1}},"line":531},"42":{"name":"(anonymous_42)","decl":{"start":{"line":535,"column":24},"end":{"line":535,"column":25}},"loc":{"start":{"line":535,"column":30},"end":{"line":546,"column":3}},"line":535},"43":{"name":"(anonymous_43)","decl":{"start":{"line":536,"column":38},"end":{"line":536,"column":39}},"loc":{"start":{"line":536,"column":43},"end":{"line":536,"column":54}},"line":536},"44":{"name":"(anonymous_44)","decl":{"start":{"line":547,"column":18},"end":{"line":547,"column":19}},"loc":{"start":{"line":547,"column":25},"end":{"line":547,"column":50}},"line":547},"45":{"name":"renderAchievementList","decl":{"start":{"line":556,"column":16},"end":{"line":556,"column":37}},"loc":{"start":{"line":556,"column":40},"end":{"line":591,"column":1}},"line":556},"46":{"name":"(anonymous_46)","decl":{"start":{"line":567,"column":48},"end":{"line":567,"column":49}},"loc":{"start":{"line":567,"column":55},"end":{"line":567,"column":97}},"line":567},"47":{"name":"(anonymous_47)","decl":{"start":{"line":569,"column":27},"end":{"line":569,"column":28}},"loc":{"start":{"line":569,"column":34},"end":{"line":577,"column":3}},"line":569},"48":{"name":"(anonymous_48)","decl":{"start":{"line":586,"column":39},"end":{"line":586,"column":40}},"loc":{"start":{"line":586,"column":45},"end":{"line":588,"column":5}},"line":586},"49":{"name":"onChoice","decl":{"start":{"line":595,"column":16},"end":{"line":595,"column":24}},"loc":{"start":{"line":595,"column":32},"end":{"line":627,"column":1}},"line":595},"50":{"name":"(anonymous_50)","decl":{"start":{"line":605,"column":44},"end":{"line":605,"column":45}},"loc":{"start":{"line":605,"column":52},"end":{"line":605,"column":81}},"line":605},"51":{"name":"(anonymous_51)","decl":{"start":{"line":606,"column":21},"end":{"line":606,"column":22}},"loc":{"start":{"line":606,"column":29},"end":{"line":609,"column":5}},"line":606},"52":{"name":"(anonymous_52)","decl":{"start":{"line":613,"column":22},"end":{"line":613,"column":23}},"loc":{"start":{"line":613,"column":28},"end":{"line":613,"column":69}},"line":613},"53":{"name":"startNewGame","decl":{"start":{"line":632,"column":9},"end":{"line":632,"column":21}},"loc":{"start":{"line":632,"column":24},"end":{"line":646,"column":1}},"line":632},"54":{"name":"(anonymous_54)","decl":{"start":{"line":641,"column":22},"end":{"line":641,"column":23}},"loc":{"start":{"line":641,"column":28},"end":{"line":641,"column":69}},"line":641},"55":{"name":"continueGame","decl":{"start":{"line":648,"column":9},"end":{"line":648,"column":21}},"loc":{"start":{"line":648,"column":24},"end":{"line":655,"column":1}},"line":648},"56":{"name":"goToTitle","decl":{"start":{"line":657,"column":9},"end":{"line":657,"column":18}},"loc":{"start":{"line":657,"column":21},"end":{"line":659,"column":1}},"line":657},"57":{"name":"playAgain","decl":{"start":{"line":661,"column":9},"end":{"line":661,"column":18}},"loc":{"start":{"line":661,"column":21},"end":{"line":663,"column":1}},"line":661},"58":{"name":"loadGame","decl":{"start":{"line":667,"column":16},"end":{"line":667,"column":24}},"loc":{"start":{"line":667,"column":27},"end":{"line":684,"column":1}},"line":667},"59":{"name":"handleKeyDown","decl":{"start":{"line":686,"column":16},"end":{"line":686,"column":29}},"loc":{"start":{"line":686,"column":33},"end":{"line":734,"column":1}},"line":686},"60":{"name":"(anonymous_60)","decl":{"start":{"line":715,"column":33},"end":{"line":715,"column":34}},"loc":{"start":{"line":715,"column":40},"end":{"line":715,"column":57}},"line":715},"61":{"name":"init","decl":{"start":{"line":738,"column":16},"end":{"line":738,"column":20}},"loc":{"start":{"line":738,"column":23},"end":{"line":775,"column":1}},"line":738},"62":{"name":"(anonymous_62)","decl":{"start":{"line":750,"column":36},"end":{"line":750,"column":37}},"loc":{"start":{"line":750,"column":42},"end":{"line":754,"column":3}},"line":750},"63":{"name":"(anonymous_63)","decl":{"start":{"line":757,"column":48},"end":{"line":757,"column":49}},"loc":{"start":{"line":757,"column":54},"end":{"line":765,"column":3}},"line":757}},"branchMap":{"0":{"loc":{"start":{"line":104,"column":4},"end":{"line":110,"column":5}},"type":"if","locations":[{"start":{"line":104,"column":4},"end":{"line":110,"column":5}},{"start":{"line":107,"column":11},"end":{"line":110,"column":5}}],"line":104},"1":{"loc":{"start":{"line":120,"column":20},"end":{"line":120,"column":73}},"type":"binary-expr","locations":[{"start":{"line":120,"column":20},"end":{"line":120,"column":44}},{"start":{"line":120,"column":48},"end":{"line":120,"column":73}}],"line":120},"2":{"loc":{"start":{"line":122,"column":23},"end":{"line":122,"column":46}},"type":"cond-expr","locations":[{"start":{"line":122,"column":35},"end":{"line":122,"column":37}},{"start":{"line":122,"column":40},"end":{"line":122,"column":46}}],"line":122},"3":{"loc":{"start":{"line":133,"column":2},"end":{"line":133,"column":37}},"type":"if","locations":[{"start":{"line":133,"column":2},"end":{"line":133,"column":37}},{"start":{},"end":{}}],"line":133},"4":{"loc":{"start":{"line":142,"column":2},"end":{"line":147,"column":3}},"type":"if","locations":[{"start":{"line":142,"column":2},"end":{"line":147,"column":3}},{"start":{},"end":{}}],"line":142},"5":{"loc":{"start":{"line":155,"column":2},"end":{"line":155,"column":39}},"type":"if","locations":[{"start":{"line":155,"column":2},"end":{"line":155,"column":39}},{"start":{},"end":{}}],"line":155},"6":{"loc":{"start":{"line":165,"column":2},"end":{"line":169,"column":3}},"type":"if","locations":[{"start":{"line":165,"column":2},"end":{"line":169,"column":3}},{"start":{"line":167,"column":9},"end":{"line":169,"column":3}}],"line":165},"7":{"loc":{"start":{"line":176,"column":4},"end":{"line":179,"column":5}},"type":"if","locations":[{"start":{"line":176,"column":4},"end":{"line":179,"column":5}},{"start":{},"end":{}}],"line":176},"8":{"loc":{"start":{"line":180,"column":4},"end":{"line":180,"column":25}},"type":"if","locations":[{"start":{"line":180,"column":4},"end":{"line":180,"column":25}},{"start":{},"end":{}}],"line":180},"9":{"loc":{"start":{"line":198,"column":2},"end":{"line":200,"column":3}},"type":"if","locations":[{"start":{"line":198,"column":2},"end":{"line":200,"column":3}},{"start":{},"end":{}}],"line":198},"10":{"loc":{"start":{"line":211,"column":2},"end":{"line":217,"column":3}},"type":"if","locations":[{"start":{"line":211,"column":2},"end":{"line":217,"column":3}},{"start":{},"end":{}}],"line":211},"11":{"loc":{"start":{"line":219,"column":18},"end":{"line":219,"column":51}},"type":"binary-expr","locations":[{"start":{"line":219,"column":18},"end":{"line":219,"column":40}},{"start":{"line":219,"column":44},"end":{"line":219,"column":51}}],"line":219},"12":{"loc":{"start":{"line":223,"column":16},"end":{"line":223,"column":47}},"type":"binary-expr","locations":[{"start":{"line":223,"column":16},"end":{"line":223,"column":32}},{"start":{"line":223,"column":36},"end":{"line":223,"column":47}}],"line":223},"13":{"loc":{"start":{"line":231,"column":2},"end":{"line":233,"column":3}},"type":"if","locations":[{"start":{"line":231,"column":2},"end":{"line":233,"column":3}},{"start":{},"end":{}}],"line":231},"14":{"loc":{"start":{"line":243,"column":15},"end":{"line":243,"column":52}},"type":"cond-expr","locations":[{"start":{"line":243,"column":36},"end":{"line":243,"column":43}},{"start":{"line":243,"column":46},"end":{"line":243,"column":52}}],"line":243},"15":{"loc":{"start":{"line":258,"column":16},"end":{"line":258,"column":44}},"type":"binary-expr","locations":[{"start":{"line":258,"column":16},"end":{"line":258,"column":21}},{"start":{"line":258,"column":25},"end":{"line":258,"column":44}}],"line":258},"16":{"loc":{"start":{"line":259,"column":2},"end":{"line":261,"column":3}},"type":"if","locations":[{"start":{"line":259,"column":2},"end":{"line":261,"column":3}},{"start":{},"end":{}}],"line":259},"17":{"loc":{"start":{"line":271,"column":42},"end":{"line":271,"column":57}},"type":"default-arg","locations":[{"start":{"line":271,"column":53},"end":{"line":271,"column":57}}],"line":271},"18":{"loc":{"start":{"line":288,"column":2},"end":{"line":294,"column":3}},"type":"if","locations":[{"start":{"line":288,"column":2},"end":{"line":294,"column":3}},{"start":{},"end":{}}],"line":288},"19":{"loc":{"start":{"line":298,"column":4},"end":{"line":302,"column":5}},"type":"if","locations":[{"start":{"line":298,"column":4},"end":{"line":302,"column":5}},{"start":{"line":300,"column":11},"end":{"line":302,"column":5}}],"line":298},"20":{"loc":{"start":{"line":307,"column":2},"end":{"line":309,"column":3}},"type":"if","locations":[{"start":{"line":307,"column":2},"end":{"line":309,"column":3}},{"start":{},"end":{}}],"line":307},"21":{"loc":{"start":{"line":334,"column":2},"end":{"line":338,"column":3}},"type":"if","locations":[{"start":{"line":334,"column":2},"end":{"line":338,"column":3}},{"start":{"line":336,"column":9},"end":{"line":338,"column":3}}],"line":334},"22":{"loc":{"start":{"line":334,"column":6},"end":{"line":334,"column":34}},"type":"binary-expr","locations":[{"start":{"line":334,"column":6},"end":{"line":334,"column":12}},{"start":{"line":334,"column":16},"end":{"line":334,"column":34}}],"line":334},"23":{"loc":{"start":{"line":343,"column":2},"end":{"line":347,"column":3}},"type":"if","locations":[{"start":{"line":343,"column":2},"end":{"line":347,"column":3}},{"start":{},"end":{}}],"line":343},"24":{"loc":{"start":{"line":346,"column":11},"end":{"line":346,"column":86}},"type":"cond-expr","locations":[{"start":{"line":346,"column":20},"end":{"line":346,"column":51}},{"start":{"line":346,"column":54},"end":{"line":346,"column":86}}],"line":346},"25":{"loc":{"start":{"line":348,"column":2},"end":{"line":352,"column":3}},"type":"if","locations":[{"start":{"line":348,"column":2},"end":{"line":352,"column":3}},{"start":{},"end":{}}],"line":348},"26":{"loc":{"start":{"line":351,"column":11},"end":{"line":351,"column":88}},"type":"cond-expr","locations":[{"start":{"line":351,"column":20},"end":{"line":351,"column":52}},{"start":{"line":351,"column":55},"end":{"line":351,"column":88}}],"line":351},"27":{"loc":{"start":{"line":353,"column":9},"end":{"line":353,"column":43}},"type":"binary-expr","locations":[{"start":{"line":353,"column":9},"end":{"line":353,"column":31}},{"start":{"line":353,"column":35},"end":{"line":353,"column":43}}],"line":353},"28":{"loc":{"start":{"line":357,"column":9},"end":{"line":357,"column":45}},"type":"binary-expr","locations":[{"start":{"line":357,"column":9},"end":{"line":357,"column":36}},{"start":{"line":357,"column":40},"end":{"line":357,"column":45}}],"line":357},"29":{"loc":{"start":{"line":379,"column":4},"end":{"line":379,"column":27}},"type":"if","locations":[{"start":{"line":379,"column":4},"end":{"line":379,"column":27}},{"start":{},"end":{}}],"line":379},"30":{"loc":{"start":{"line":381,"column":11},"end":{"line":381,"column":37}},"type":"binary-expr","locations":[{"start":{"line":381,"column":11},"end":{"line":381,"column":15}},{"start":{"line":381,"column":19},"end":{"line":381,"column":37}}],"line":381},"31":{"loc":{"start":{"line":401,"column":4},"end":{"line":401,"column":46}},"type":"if","locations":[{"start":{"line":401,"column":4},"end":{"line":401,"column":46}},{"start":{},"end":{}}],"line":401},"32":{"loc":{"start":{"line":405,"column":4},"end":{"line":415,"column":5}},"type":"if","locations":[{"start":{"line":405,"column":4},"end":{"line":415,"column":5}},{"start":{},"end":{}}],"line":405},"33":{"loc":{"start":{"line":409,"column":6},"end":{"line":414,"column":7}},"type":"if","locations":[{"start":{"line":409,"column":6},"end":{"line":414,"column":7}},{"start":{},"end":{}}],"line":409},"34":{"loc":{"start":{"line":410,"column":8},"end":{"line":410,"column":83}},"type":"if","locations":[{"start":{"line":410,"column":8},"end":{"line":410,"column":83}},{"start":{},"end":{}}],"line":410},"35":{"loc":{"start":{"line":411,"column":8},"end":{"line":411,"column":83}},"type":"if","locations":[{"start":{"line":411,"column":8},"end":{"line":411,"column":83}},{"start":{},"end":{}}],"line":411},"36":{"loc":{"start":{"line":412,"column":8},"end":{"line":412,"column":91}},"type":"if","locations":[{"start":{"line":412,"column":8},"end":{"line":412,"column":91}},{"start":{},"end":{}}],"line":412},"37":{"loc":{"start":{"line":413,"column":8},"end":{"line":413,"column":88}},"type":"if","locations":[{"start":{"line":413,"column":8},"end":{"line":413,"column":88}},{"start":{},"end":{}}],"line":413},"38":{"loc":{"start":{"line":418,"column":6},"end":{"line":418,"column":76}},"type":"if","locations":[{"start":{"line":418,"column":6},"end":{"line":418,"column":76}},{"start":{},"end":{}}],"line":418},"39":{"loc":{"start":{"line":429,"column":4},"end":{"line":431,"column":5}},"type":"if","locations":[{"start":{"line":429,"column":4},"end":{"line":431,"column":5}},{"start":{},"end":{}}],"line":429},"40":{"loc":{"start":{"line":432,"column":35},"end":{"line":432,"column":67}},"type":"binary-expr","locations":[{"start":{"line":432,"column":35},"end":{"line":432,"column":62}},{"start":{"line":432,"column":66},"end":{"line":432,"column":67}}],"line":432},"41":{"loc":{"start":{"line":434,"column":4},"end":{"line":437,"column":5}},"type":"if","locations":[{"start":{"line":434,"column":4},"end":{"line":437,"column":5}},{"start":{},"end":{}}],"line":434},"42":{"loc":{"start":{"line":443,"column":2},"end":{"line":447,"column":3}},"type":"if","locations":[{"start":{"line":443,"column":2},"end":{"line":447,"column":3}},{"start":{"line":445,"column":9},"end":{"line":447,"column":3}}],"line":443},"43":{"loc":{"start":{"line":460,"column":19},"end":{"line":460,"column":48}},"type":"binary-expr","locations":[{"start":{"line":460,"column":19},"end":{"line":460,"column":39}},{"start":{"line":460,"column":43},"end":{"line":460,"column":48}}],"line":460},"44":{"loc":{"start":{"line":464,"column":2},"end":{"line":469,"column":3}},"type":"if","locations":[{"start":{"line":464,"column":2},"end":{"line":469,"column":3}},{"start":{},"end":{}}],"line":464},"45":{"loc":{"start":{"line":475,"column":44},"end":{"line":475,"column":64}},"type":"binary-expr","locations":[{"start":{"line":475,"column":44},"end":{"line":475,"column":58}},{"start":{"line":475,"column":62},"end":{"line":475,"column":64}}],"line":475},"46":{"loc":{"start":{"line":481,"column":23},"end":{"line":481,"column":47}},"type":"binary-expr","locations":[{"start":{"line":481,"column":23},"end":{"line":481,"column":39}},{"start":{"line":481,"column":43},"end":{"line":481,"column":47}}],"line":481},"47":{"loc":{"start":{"line":487,"column":24},"end":{"line":487,"column":68}},"type":"cond-expr","locations":[{"start":{"line":487,"column":35},"end":{"line":487,"column":40}},{"start":{"line":487,"column":44},"end":{"line":487,"column":67}}],"line":487},"48":{"loc":{"start":{"line":487,"column":44},"end":{"line":487,"column":67}},"type":"binary-expr","locations":[{"start":{"line":487,"column":44},"end":{"line":487,"column":61}},{"start":{"line":487,"column":65},"end":{"line":487,"column":67}}],"line":487},"49":{"loc":{"start":{"line":493,"column":23},"end":{"line":493,"column":74}},"type":"cond-expr","locations":[{"start":{"line":493,"column":34},"end":{"line":493,"column":36}},{"start":{"line":493,"column":40},"end":{"line":493,"column":73}}],"line":493},"50":{"loc":{"start":{"line":493,"column":40},"end":{"line":493,"column":73}},"type":"binary-expr","locations":[{"start":{"line":493,"column":40},"end":{"line":493,"column":63}},{"start":{"line":493,"column":67},"end":{"line":493,"column":73}}],"line":493},"51":{"loc":{"start":{"line":513,"column":6},"end":{"line":515,"column":7}},"type":"if","locations":[{"start":{"line":513,"column":6},"end":{"line":515,"column":7}},{"start":{},"end":{}}],"line":513},"52":{"loc":{"start":{"line":532,"column":2},"end":{"line":532,"column":59}},"type":"if","locations":[{"start":{"line":532,"column":2},"end":{"line":532,"column":59}},{"start":{},"end":{}}],"line":532},"53":{"loc":{"start":{"line":532,"column":6},"end":{"line":532,"column":50}},"type":"binary-expr","locations":[{"start":{"line":532,"column":6},"end":{"line":532,"column":20}},{"start":{"line":532,"column":24},"end":{"line":532,"column":50}}],"line":532},"54":{"loc":{"start":{"line":537,"column":4},"end":{"line":545,"column":5}},"type":"if","locations":[{"start":{"line":537,"column":4},"end":{"line":545,"column":5}},{"start":{},"end":{}}],"line":537},"55":{"loc":{"start":{"line":537,"column":8},"end":{"line":537,"column":45}},"type":"binary-expr","locations":[{"start":{"line":537,"column":8},"end":{"line":537,"column":11}},{"start":{"line":537,"column":15},"end":{"line":537,"column":45}}],"line":537},"56":{"loc":{"start":{"line":542,"column":14},"end":{"line":542,"column":51}},"type":"binary-expr","locations":[{"start":{"line":542,"column":14},"end":{"line":542,"column":43}},{"start":{"line":542,"column":47},"end":{"line":542,"column":51}}],"line":542},"57":{"loc":{"start":{"line":559,"column":2},"end":{"line":563,"column":3}},"type":"if","locations":[{"start":{"line":559,"column":2},"end":{"line":563,"column":3}},{"start":{},"end":{}}],"line":559},"58":{"loc":{"start":{"line":572,"column":4},"end":{"line":572,"column":42}},"type":"if","locations":[{"start":{"line":572,"column":4},"end":{"line":572,"column":42}},{"start":{},"end":{}}],"line":572},"59":{"loc":{"start":{"line":572,"column":8},"end":{"line":572,"column":33}},"type":"binary-expr","locations":[{"start":{"line":572,"column":8},"end":{"line":572,"column":19}},{"start":{"line":572,"column":23},"end":{"line":572,"column":33}}],"line":572},"60":{"loc":{"start":{"line":574,"column":40},"end":{"line":574,"column":69}},"type":"cond-expr","locations":[{"start":{"line":574,"column":53},"end":{"line":574,"column":64}},{"start":{"line":574,"column":67},"end":{"line":574,"column":69}}],"line":574},"61":{"loc":{"start":{"line":575,"column":23},"end":{"line":575,"column":52}},"type":"cond-expr","locations":[{"start":{"line":575,"column":36},"end":{"line":575,"column":44}},{"start":{"line":575,"column":47},"end":{"line":575,"column":52}}],"line":575},"62":{"loc":{"start":{"line":579,"column":2},"end":{"line":590,"column":3}},"type":"if","locations":[{"start":{"line":579,"column":2},"end":{"line":590,"column":3}},{"start":{},"end":{}}],"line":579},"63":{"loc":{"start":{"line":611,"column":4},"end":{"line":618,"column":5}},"type":"if","locations":[{"start":{"line":611,"column":4},"end":{"line":618,"column":5}},{"start":{"line":615,"column":11},"end":{"line":618,"column":5}}],"line":611},"64":{"loc":{"start":{"line":621,"column":2},"end":{"line":626,"column":3}},"type":"if","locations":[{"start":{"line":621,"column":2},"end":{"line":626,"column":3}},{"start":{"line":624,"column":9},"end":{"line":626,"column":3}}],"line":621},"65":{"loc":{"start":{"line":624,"column":9},"end":{"line":626,"column":3}},"type":"if","locations":[{"start":{"line":624,"column":9},"end":{"line":626,"column":3}},{"start":{},"end":{}}],"line":624},"66":{"loc":{"start":{"line":637,"column":35},"end":{"line":637,"column":67}},"type":"binary-expr","locations":[{"start":{"line":637,"column":35},"end":{"line":637,"column":62}},{"start":{"line":637,"column":66},"end":{"line":637,"column":67}}],"line":637},"67":{"loc":{"start":{"line":639,"column":4},"end":{"line":642,"column":5}},"type":"if","locations":[{"start":{"line":639,"column":4},"end":{"line":642,"column":5}},{"start":{},"end":{}}],"line":639},"68":{"loc":{"start":{"line":650,"column":2},"end":{"line":654,"column":3}},"type":"if","locations":[{"start":{"line":650,"column":2},"end":{"line":654,"column":3}},{"start":{"line":652,"column":9},"end":{"line":654,"column":3}}],"line":650},"69":{"loc":{"start":{"line":670,"column":4},"end":{"line":670,"column":26}},"type":"if","locations":[{"start":{"line":670,"column":4},"end":{"line":670,"column":26}},{"start":{},"end":{}}],"line":670},"70":{"loc":{"start":{"line":672,"column":4},"end":{"line":675,"column":5}},"type":"if","locations":[{"start":{"line":672,"column":4},"end":{"line":675,"column":5}},{"start":{},"end":{}}],"line":672},"71":{"loc":{"start":{"line":689,"column":2},"end":{"line":689,"column":28}},"type":"if","locations":[{"start":{"line":689,"column":2},"end":{"line":689,"column":28}},{"start":{},"end":{}}],"line":689},"72":{"loc":{"start":{"line":693,"column":2},"end":{"line":703,"column":3}},"type":"if","locations":[{"start":{"line":693,"column":2},"end":{"line":703,"column":3}},{"start":{},"end":{}}],"line":693},"73":{"loc":{"start":{"line":693,"column":6},"end":{"line":693,"column":32}},"type":"binary-expr","locations":[{"start":{"line":693,"column":6},"end":{"line":693,"column":17}},{"start":{"line":693,"column":21},"end":{"line":693,"column":32}}],"line":693},"74":{"loc":{"start":{"line":695,"column":4},"end":{"line":702,"column":5}},"type":"if","locations":[{"start":{"line":695,"column":4},"end":{"line":702,"column":5}},{"start":{},"end":{}}],"line":695},"75":{"loc":{"start":{"line":696,"column":6},"end":{"line":701,"column":7}},"type":"if","locations":[{"start":{"line":696,"column":6},"end":{"line":701,"column":7}},{"start":{"line":699,"column":13},"end":{"line":701,"column":7}}],"line":696},"76":{"loc":{"start":{"line":696,"column":10},"end":{"line":696,"column":68}},"type":"binary-expr","locations":[{"start":{"line":696,"column":10},"end":{"line":696,"column":39}},{"start":{"line":696,"column":43},"end":{"line":696,"column":68}}],"line":696},"77":{"loc":{"start":{"line":705,"column":2},"end":{"line":733,"column":3}},"type":"if","locations":[{"start":{"line":705,"column":2},"end":{"line":733,"column":3}},{"start":{},"end":{}}],"line":705},"78":{"loc":{"start":{"line":705,"column":6},"end":{"line":705,"column":48}},"type":"binary-expr","locations":[{"start":{"line":705,"column":6},"end":{"line":705,"column":29}},{"start":{"line":705,"column":33},"end":{"line":705,"column":48}}],"line":705},"79":{"loc":{"start":{"line":713,"column":4},"end":{"line":721,"column":5}},"type":"if","locations":[{"start":{"line":713,"column":4},"end":{"line":721,"column":5}},{"start":{},"end":{}}],"line":713},"80":{"loc":{"start":{"line":716,"column":6},"end":{"line":720,"column":7}},"type":"if","locations":[{"start":{"line":716,"column":6},"end":{"line":720,"column":7}},{"start":{},"end":{}}],"line":716},"81":{"loc":{"start":{"line":722,"column":4},"end":{"line":726,"column":5}},"type":"if","locations":[{"start":{"line":722,"column":4},"end":{"line":726,"column":5}},{"start":{},"end":{}}],"line":722},"82":{"loc":{"start":{"line":722,"column":8},"end":{"line":722,"column":34}},"type":"binary-expr","locations":[{"start":{"line":722,"column":8},"end":{"line":722,"column":19}},{"start":{"line":722,"column":23},"end":{"line":722,"column":34}}],"line":722},"83":{"loc":{"start":{"line":727,"column":4},"end":{"line":732,"column":5}},"type":"if","locations":[{"start":{"line":727,"column":4},"end":{"line":732,"column":5}},{"start":{},"end":{}}],"line":727},"84":{"loc":{"start":{"line":729,"column":6},"end":{"line":731,"column":7}},"type":"if","locations":[{"start":{"line":729,"column":6},"end":{"line":731,"column":7}},{"start":{},"end":{}}],"line":729},"85":{"loc":{"start":{"line":751,"column":4},"end":{"line":753,"column":5}},"type":"if","locations":[{"start":{"line":751,"column":4},"end":{"line":753,"column":5}},{"start":{},"end":{}}],"line":751},"86":{"loc":{"start":{"line":759,"column":4},"end":{"line":764,"column":5}},"type":"if","locations":[{"start":{"line":759,"column":4},"end":{"line":764,"column":5}},{"start":{"line":762,"column":11},"end":{"line":764,"column":5}}],"line":759},"87":{"loc":{"start":{"line":759,"column":8},"end":{"line":759,"column":66}},"type":"binary-expr","locations":[{"start":{"line":759,"column":8},"end":{"line":759,"column":37}},{"start":{"line":759,"column":41},"end":{"line":759,"column":66}}],"line":759},"88":{"loc":{"start":{"line":778,"column":0},"end":{"line":782,"column":1}},"type":"if","locations":[{"start":{"line":778,"column":0},"end":{"line":782,"column":1}},{"start":{"line":780,"column":7},"end":{"line":782,"column":1}}],"line":778}},"s":{"0":2,"1":83,"2":2,"3":2,"4":2,"5":2,"6":2,"7":2,"8":2,"9":2,"10":2,"11":2,"12":2,"13":2,"14":2,"15":2,"16":2,"17":2,"18":2,"19":2,"20":2,"21":2,"22":2,"23":2,"24":83,"25":83,"26":83,"27":2,"28":2,"29":2,"30":66,"31":198,"32":198,"33":66,"34":66,"35":132,"36":132,"37":66,"38":66,"39":66,"40":66,"41":132,"42":16,"43":16,"44":16,"45":16,"46":29,"47":22,"48":22,"49":22,"50":22,"51":29,"52":29,"53":29,"54":29,"55":29,"56":29,"57":29,"58":28,"59":12,"60":12,"61":12,"62":1,"63":11,"64":12,"65":12,"66":12,"67":12,"68":132,"69":18,"70":18,"71":114,"72":9,"73":105,"74":12,"75":12,"76":105,"77":105,"78":105,"79":12,"80":12,"81":12,"82":12,"83":12,"84":12,"85":12,"86":11,"87":12,"88":7,"89":2,"90":2,"91":2,"92":2,"93":2,"94":5,"95":5,"96":5,"97":5,"98":5,"99":5,"100":5,"101":5,"102":6,"103":1,"104":5,"105":6,"106":6,"107":6,"108":6,"109":6,"110":8,"111":8,"112":8,"113":0,"114":8,"115":8,"116":2,"117":14,"118":14,"119":14,"120":14,"121":3,"122":35,"123":35,"124":1,"125":1,"126":1,"127":1,"128":1,"129":34,"130":228,"131":228,"132":228,"133":30,"134":198,"135":228,"136":34,"137":34,"138":34,"139":34,"140":34,"141":120,"142":120,"143":120,"144":120,"145":120,"146":120,"147":2,"148":120,"149":34,"150":30,"151":4,"152":16,"153":16,"154":5,"155":5,"156":5,"157":11,"158":4,"159":4,"160":4,"161":7,"162":17,"163":2,"164":2,"165":6,"166":6,"167":6,"168":5,"169":1,"170":6,"171":26,"172":26,"173":26,"174":14,"175":12,"176":11,"177":1,"178":45,"179":585,"180":110,"181":110,"182":109,"183":41,"184":68,"185":67,"186":2,"187":2,"188":2,"189":2,"190":1,"191":1,"192":1,"193":1,"194":1,"195":1,"196":1,"197":1,"198":67,"199":871,"200":13,"201":67,"202":2,"203":11,"204":11,"205":11,"206":7,"207":11,"208":11,"209":11,"210":4,"211":4,"212":4,"213":11,"214":26,"215":10,"216":16,"217":35,"218":35,"219":35,"220":9,"221":9,"222":9,"223":9,"224":35,"225":35,"226":35,"227":35,"228":35,"229":35,"230":35,"231":35,"232":35,"233":35,"234":35,"235":35,"236":35,"237":35,"238":35,"239":35,"240":35,"241":35,"242":35,"243":35,"244":35,"245":1,"246":1,"247":35,"248":35,"249":3,"250":3,"251":3,"252":3,"253":3,"254":35,"255":2,"256":20,"257":3,"258":17,"259":17,"260":17,"261":21,"262":60,"263":21,"264":19,"265":17,"266":19,"267":20,"268":20,"269":20,"270":1,"271":1,"272":1,"273":20,"274":20,"275":20,"276":260,"277":20,"278":260,"279":260,"280":54,"281":206,"282":206,"283":206,"284":206,"285":20,"286":6,"287":6,"288":6,"289":6,"290":6,"291":2,"292":6,"293":8,"294":8,"295":8,"296":8,"297":8,"298":8,"299":5,"300":8,"301":5,"302":5,"303":8,"304":0,"305":0,"306":0,"307":0,"308":8,"309":8,"310":7,"311":7,"312":1,"313":1,"314":2,"315":21,"316":21,"317":21,"318":21,"319":21,"320":21,"321":3,"322":3,"323":3,"324":21,"325":21,"326":3,"327":3,"328":1,"329":2,"330":3,"331":1,"332":5,"333":5,"334":5,"335":2,"336":3,"337":2,"338":1,"339":1,"340":1,"341":1,"342":1,"343":1,"344":1,"345":1,"346":12,"347":12,"348":1,"349":12,"350":12,"351":3,"352":3,"353":3,"354":2,"355":2,"356":1,"357":12,"358":12,"359":12,"360":12,"361":6,"362":6,"363":9,"364":6,"365":6,"366":6,"367":6,"368":6,"369":3,"370":3,"371":3,"372":3,"373":3,"374":3,"375":1,"376":4,"377":4,"378":4,"379":4,"380":4,"381":4,"382":4,"383":4,"384":2,"385":1,"386":4,"387":4,"388":4,"389":3,"390":3,"391":1,"392":4,"393":4,"394":4,"395":2,"396":1,"397":1},"f":{"0":83,"1":83,"2":2,"3":66,"4":198,"5":66,"6":132,"7":16,"8":29,"9":12,"10":132,"11":105,"12":7,"13":6,"14":6,"15":8,"16":8,"17":14,"18":3,"19":35,"20":228,"21":34,"22":120,"23":2,"24":34,"25":16,"26":17,"27":6,"28":26,"29":45,"30":585,"31":110,"32":871,"33":11,"34":4,"35":26,"36":35,"37":1,"38":3,"39":3,"40":2,"41":20,"42":21,"43":60,"44":19,"45":20,"46":260,"47":260,"48":2,"49":8,"50":5,"51":5,"52":0,"53":21,"54":3,"55":3,"56":3,"57":1,"58":5,"59":12,"60":9,"61":4,"62":2,"63":4},"b":{"0":[66,132],"1":[66,48],"2":[74,58],"3":[16,0],"4":[22,7],"5":[28,1],"6":[1,11],"7":[18,114],"8":[9,105],"9":[11,1],"10":[2,5],"11":[5,1],"12":[5,1],"13":[1,5],"14":[3,3],"15":[8,6],"16":[2,6],"17":[12],"18":[1,34],"19":[30,198],"20":[34,0],"21":[30,4],"22":[34,33],"23":[5,11],"24":[4,1],"25":[4,7],"26":[3,1],"27":[7,4],"28":[17,5],"29":[14,12],"30":[11,11],"31":[41,68],"32":[2,65],"33":[1,1],"34":[1,0],"35":[1,0],"36":[1,0],"37":[1,0],"38":[13,858],"39":[7,4],"40":[11,5],"41":[4,7],"42":[10,16],"43":[35,31],"44":[9,26],"45":[35,1],"46":[35,1],"47":[4,31],"48":[31,1],"49":[4,31],"50":[31,21],"51":[3,0],"52":[3,17],"53":[20,18],"54":[19,2],"55":[21,21],"56":[19,0],"57":[1,19],"58":[54,206],"59":[260,170],"60":[90,116],"61":[90,116],"62":[6,14],"63":[0,8],"64":[7,1],"65":[1,0],"66":[21,4],"67":[3,18],"68":[1,2],"69":[2,3],"70":[1,1],"71":[1,11],"72":[3,9],"73":[12,9],"74":[3,0],"75":[2,1],"76":[3,2],"77":[12,0],"78":[12,12],"79":[6,6],"80":[6,0],"81":[3,3],"82":[6,3],"83":[3,0],"84":[1,2],"85":[1,1],"86":[3,1],"87":[4,1],"88":[1,1]},"_coverageSchema":"1a1c01bbd47fc00a2c39e90264f33305004495a9","hash":"7b96b9e6e63cd21cfbb3694d933db7f5fdc7dc56"}
}
