TN:
SF:game.js
FN:85,checkAchievements
FN:124,(anonymous_1)
FN:138,(anonymous_2)
FN:144,(anonymous_3)
FN:145,(anonymous_4)
FN:163,createInitialState
FN:181,getState
FN:199,restoreState
FN:218,showDonation
FN:238,randomOutcome
FN:260,leftPath
FN:286,rightPath
FN:312,renderEndingHeader
FN:324,neutralEnding
FN:347,hiddenEnding
FN:375,searchArea
FN:393,checkHiddenPath
FN:417,getChoices
FN:436,handleChoice
FNF:19
FNH:19
FNDA:45,checkAchievements
FNDA:29,(anonymous_1)
FNDA:8,(anonymous_2)
FNDA:351,(anonymous_3)
FNDA:45,(anonymous_4)
FNDA:53,createInitialState
FNDA:2,getState
FNDA:1,restoreState
FNDA:25,showDonation
FNDA:14,randomOutcome
FNDA:7,leftPath
FNDA:4,rightPath
FNDA:15,renderEndingHeader
FNDA:6,neutralEnding
FNDA:7,hiddenEnding
FNDA:7,searchArea
FNDA:13,checkHiddenPath
FNDA:18,getChoices
FNDA:23,handleChoice
DA:15,3
DA:22,3
DA:29,3
DA:35,3
DA:39,3
DA:46,3
DA:62,3
DA:86,45
DA:87,45
DA:89,45
DA:90,17
DA:91,17
DA:92,1
DA:94,17
DA:97,45
DA:98,4
DA:99,4
DA:102,45
DA:103,20
DA:104,20
DA:105,20
DA:106,20
DA:108,20
DA:109,11
DA:110,9
DA:111,3
DA:113,20
DA:114,1
DA:117,20
DA:118,1
DA:122,20
DA:123,18
DA:124,29
DA:125,18
DA:126,2
DA:132,45
DA:133,3
DA:134,3
DA:135,3
DA:137,3
DA:138,8
DA:139,3
DA:143,45
DA:144,351
DA:145,27
DA:146,45
DA:147,44
DA:149,27
DA:150,1
DA:154,45
DA:164,53
DA:182,2
DA:200,1
DA:201,1
DA:202,1
DA:203,1
DA:204,1
DA:205,1
DA:206,1
DA:207,1
DA:208,1
DA:219,25
DA:220,25
DA:221,25
DA:222,25
DA:223,25
DA:239,14
DA:240,4
DA:241,4
DA:242,4
DA:243,4
DA:244,2
DA:246,4
DA:248,10
DA:249,10
DA:250,10
DA:251,10
DA:261,7
DA:262,7
DA:263,7
DA:265,7
DA:275,7
DA:276,7
DA:277,7
DA:278,7
DA:287,4
DA:288,4
DA:289,4
DA:291,4
DA:297,4
DA:298,4
DA:299,4
DA:300,4
DA:313,15
DA:314,15
DA:315,15
DA:316,15
DA:325,6
DA:326,6
DA:327,6
DA:328,6
DA:329,6
DA:330,6
DA:331,6
DA:332,6
DA:333,6
DA:334,6
DA:336,6
DA:337,6
DA:338,6
DA:339,6
DA:348,7
DA:349,7
DA:350,7
DA:351,7
DA:352,7
DA:353,7
DA:354,7
DA:355,7
DA:356,7
DA:357,7
DA:358,7
DA:359,7
DA:360,7
DA:362,7
DA:363,7
DA:364,7
DA:365,7
DA:376,7
DA:377,7
DA:378,7
DA:379,7
DA:380,7
DA:381,7
DA:382,7
DA:383,7
DA:394,13
DA:395,13
DA:396,13
DA:397,8
DA:398,8
DA:399,8
DA:400,8
DA:401,5
DA:402,5
DA:403,5
DA:405,3
DA:407,8
DA:418,18
DA:423,18
DA:424,17
DA:426,18
DA:437,23
DA:439,22
DA:440,6
DA:441,4
DA:443,6
DA:446,16
DA:447,3
DA:448,2
DA:450,3
DA:453,13
DA:454,4
DA:455,4
DA:458,9
DA:459,4
DA:460,4
DA:464,5
DA:465,5
DA:466,5
LF:170
LH:170
BRDA:87,0,0,45
BRDA:87,0,1,0
BRDA:89,1,0,17
BRDA:89,1,1,28
BRDA:90,2,0,6
BRDA:90,2,1,11
BRDA:91,3,0,1
BRDA:91,3,1,16
BRDA:91,4,0,17
BRDA:91,4,1,2
BRDA:91,5,0,17
BRDA:91,5,1,5
BRDA:97,6,0,4
BRDA:97,6,1,41
BRDA:98,7,0,1
BRDA:98,7,1,3
BRDA:98,8,0,4
BRDA:98,8,1,1
BRDA:99,9,0,1
BRDA:99,9,1,3
BRDA:99,10,0,4
BRDA:99,10,1,1
BRDA:102,11,0,20
BRDA:102,11,1,25
BRDA:103,12,0,10
BRDA:103,12,1,10
BRDA:103,13,0,20
BRDA:103,13,1,11
BRDA:104,14,0,3
BRDA:104,14,1,17
BRDA:104,15,0,20
BRDA:104,15,1,3
BRDA:105,16,0,2
BRDA:105,16,1,18
BRDA:105,17,0,20
BRDA:105,17,1,4
BRDA:106,18,0,2
BRDA:106,18,1,18
BRDA:106,19,0,20
BRDA:106,19,1,2
BRDA:108,20,0,11
BRDA:108,20,1,9
BRDA:109,21,0,11
BRDA:109,21,1,8
BRDA:110,22,0,3
BRDA:110,22,1,6
BRDA:113,23,0,1
BRDA:113,23,1,19
BRDA:113,24,0,20
BRDA:113,24,1,1
BRDA:117,25,0,1
BRDA:117,25,1,19
BRDA:117,26,0,20
BRDA:117,26,1,1
BRDA:117,27,0,20
BRDA:117,27,1,13
BRDA:122,28,0,18
BRDA:122,28,1,2
BRDA:125,29,0,2
BRDA:125,29,1,16
BRDA:132,30,0,3
BRDA:132,30,1,42
BRDA:133,31,0,0
BRDA:133,31,1,3
BRDA:134,32,0,3
BRDA:134,32,1,0
BRDA:139,33,0,1
BRDA:139,33,1,2
BRDA:139,34,0,3
BRDA:139,34,1,1
BRDA:143,35,0,27
BRDA:143,35,1,18
BRDA:146,36,0,1
BRDA:146,36,1,44
BRDA:147,37,0,44
BRDA:147,37,1,38
BRDA:149,38,0,1
BRDA:149,38,1,26
BRDA:149,39,0,27
BRDA:149,39,1,1
BRDA:201,40,0,1
BRDA:201,40,1,0
BRDA:202,41,0,1
BRDA:202,41,1,0
BRDA:203,42,0,1
BRDA:203,42,1,1
BRDA:204,43,0,1
BRDA:204,43,1,0
BRDA:205,44,0,1
BRDA:205,44,1,0
BRDA:206,45,0,1
BRDA:206,45,1,1
BRDA:207,46,0,1
BRDA:207,46,1,1
BRDA:238,47,0,4
BRDA:239,48,0,4
BRDA:239,48,1,10
BRDA:243,49,0,2
BRDA:243,49,1,2
BRDA:312,50,0,7
BRDA:393,51,0,1
BRDA:396,52,0,8
BRDA:396,52,1,5
BRDA:396,53,0,13
BRDA:396,53,1,8
BRDA:400,54,0,5
BRDA:400,54,1,3
BRDA:423,55,0,17
BRDA:423,55,1,1
BRDA:436,56,0,16
BRDA:437,57,0,1
BRDA:437,57,1,22
BRDA:439,58,0,6
BRDA:439,58,1,16
BRDA:440,59,0,4
BRDA:440,59,1,2
BRDA:446,60,0,3
BRDA:446,60,1,13
BRDA:447,61,0,2
BRDA:447,61,1,1
BRDA:453,62,0,4
BRDA:453,62,1,9
BRDA:458,63,0,4
BRDA:458,63,1,5
BRDA:458,64,0,9
BRDA:458,64,1,6
BRDA:464,65,0,3
BRDA:464,65,1,2
BRF:128
BRH:121
end_of_record
TN:
SF:renderer.js
FN:29,(anonymous_0)
FN:83,fadeIn
FN:93,fadeOut
FN:101,showScreen
FN:102,(anonymous_4)
FN:119,updateDonationVisibility
FN:121,(anonymous_6)
FN:130,showTitleScreen
FN:140,showGameScreen
FN:162,showEndingScreen
FN:175,(anonymous_10)
FN:185,(anonymous_11)
FN:207,getPreferredTheme
FN:218,toggleTheme
FN:231,initTheme
FN:232,(anonymous_15)
FN:248,showNotification
FN:252,(anonymous_17)
FN:263,updateStory
FN:272,(anonymous_19)
FN:293,updateChoices
FN:295,(anonymous_21)
FN:301,(anonymous_22)
FN:310,updateInventory
FN:318,getEndingTitle
FN:333,getEndingDecoration
FN:342,saveGame
FN:353,loadGame
FN:372,hasSaveData
FN:383,defaultAchievementData
FN:388,(anonymous_30)
FN:394,getAchievements
FN:413,(anonymous_32)
FN:422,recordEnding
FN:432,(anonymous_34)
FN:438,updateContinueButton
FN:455,showAchievementPopup
FN:496,(anonymous_37)
FN:505,dismissPopup
FN:508,(anonymous_39)
FN:516,(anonymous_40)
FN:527,checkAndShowAchievements
FN:531,(anonymous_42)
FN:532,(anonymous_43)
FN:543,(anonymous_44)
FN:552,renderAchievementList
FN:563,(anonymous_46)
FN:565,(anonymous_47)
FN:582,(anonymous_48)
FN:591,onChoice
FN:601,(anonymous_50)
FN:602,(anonymous_51)
FN:609,(anonymous_52)
FN:625,startNewGame
FN:634,(anonymous_54)
FN:641,continueGame
FN:650,goToTitle
FN:654,playAgain
FN:660,handleKeyDown
FN:672,(anonymous_59)
FN:695,init
FN:707,(anonymous_61)
FN:714,(anonymous_62)
FNF:63
FNH:56
FNDA:64,(anonymous_0)
FNDA:43,fadeIn
FNDA:2,fadeOut
FNDA:33,showScreen
FNDA:99,(anonymous_4)
FNDA:33,updateDonationVisibility
FNDA:66,(anonymous_6)
FNDA:13,showTitleScreen
FNDA:15,showGameScreen
FNDA:5,showEndingScreen
FNDA:54,(anonymous_10)
FNDA:42,(anonymous_11)
FNDA:4,getPreferredTheme
FNDA:6,toggleTheme
FNDA:6,initTheme
FNDA:6,(anonymous_15)
FNDA:7,showNotification
FNDA:3,(anonymous_17)
FNDA:21,updateStory
FNDA:168,(anonymous_19)
FNDA:20,updateChoices
FNDA:65,(anonymous_21)
FNDA:2,(anonymous_22)
FNDA:20,updateInventory
FNDA:5,getEndingTitle
FNDA:5,getEndingDecoration
FNDA:2,saveGame
FNDA:1,loadGame
FNDA:17,hasSaveData
FNDA:35,defaultAchievementData
FNDA:455,(anonymous_30)
FNDA:68,getAchievements
FNDA:429,(anonymous_32)
FNDA:6,recordEnding
FNDA:4,(anonymous_34)
FNDA:17,updateContinueButton
FNDA:28,showAchievementPopup
FNDA:1,(anonymous_37)
FNDA:3,dismissPopup
FNDA:3,(anonymous_39)
FNDA:2,(anonymous_40)
FNDA:19,checkAndShowAchievements
FNDA:20,(anonymous_42)
FNDA:59,(anonymous_43)
FNDA:18,(anonymous_44)
FNDA:14,renderAchievementList
FNDA:182,(anonymous_46)
FNDA:182,(anonymous_47)
FNDA:0,(anonymous_48)
FNDA:2,onChoice
FNDA:0,(anonymous_50)
FNDA:0,(anonymous_51)
FNDA:0,(anonymous_52)
FNDA:10,startNewGame
FNDA:2,(anonymous_54)
FNDA:1,continueGame
FNDA:3,goToTitle
FNDA:1,playAgain
FNDA:0,handleKeyDown
FNDA:0,(anonymous_59)
FNDA:2,init
FNDA:0,(anonymous_61)
FNDA:2,(anonymous_62)
DA:29,64
DA:31,2
DA:37,2
DA:38,2
DA:39,2
DA:41,2
DA:42,2
DA:43,2
DA:44,2
DA:45,2
DA:46,2
DA:48,2
DA:49,2
DA:50,2
DA:51,2
DA:52,2
DA:53,2
DA:54,2
DA:55,2
DA:57,2
DA:60,2
DA:63,2
DA:70,2
DA:84,43
DA:85,43
DA:86,43
DA:94,2
DA:95,2
DA:96,2
DA:102,33
DA:103,99
DA:104,99
DA:105,33
DA:106,33
DA:108,66
DA:109,66
DA:112,33
DA:113,33
DA:120,33
DA:121,33
DA:122,66
DA:131,13
DA:132,13
DA:133,13
DA:142,15
DA:143,11
DA:144,11
DA:145,11
DA:146,11
DA:148,15
DA:149,15
DA:150,15
DA:151,15
DA:152,15
DA:154,15
DA:155,15
DA:163,5
DA:164,5
DA:165,5
DA:166,0
DA:168,5
DA:170,5
DA:173,5
DA:174,5
DA:175,5
DA:176,54
DA:177,8
DA:178,8
DA:180,46
DA:181,42
DA:184,5
DA:185,5
DA:186,42
DA:187,42
DA:188,42
DA:192,5
DA:193,5
DA:194,5
DA:195,5
DA:196,5
DA:197,5
DA:198,5
DA:199,5
DA:202,5
DA:208,4
DA:209,1
DA:211,3
DA:219,6
DA:220,6
DA:221,6
DA:222,6
DA:223,6
DA:232,6
DA:233,6
DA:235,6
DA:236,6
DA:237,2
DA:249,7
DA:250,7
DA:251,7
DA:252,7
DA:253,3
DA:264,21
DA:265,21
DA:266,1
DA:267,1
DA:268,1
DA:269,1
DA:270,1
DA:272,20
DA:273,168
DA:274,168
DA:275,168
DA:276,16
DA:278,152
DA:280,168
DA:283,20
DA:284,20
DA:285,20
DA:294,20
DA:295,20
DA:296,65
DA:297,65
DA:298,65
DA:299,65
DA:300,65
DA:301,65
DA:302,65
DA:311,20
DA:312,17
DA:314,3
DA:319,5
DA:320,5
DA:321,0
DA:322,0
DA:323,0
DA:325,5
DA:326,0
DA:327,0
DA:328,0
DA:330,5
DA:334,5
DA:339,2
DA:340,2
DA:343,2
DA:344,2
DA:345,2
DA:346,2
DA:348,0
DA:350,2
DA:354,1
DA:355,1
DA:356,1
DA:357,1
DA:358,1
DA:359,0
DA:360,0
DA:362,1
DA:363,1
DA:364,1
DA:366,0
DA:367,0
DA:368,0
DA:373,17
DA:374,17
DA:375,17
DA:376,7
DA:377,6
DA:379,1
DA:384,35
DA:388,455
DA:395,68
DA:396,68
DA:397,68
DA:399,33
DA:401,33
DA:402,0
DA:403,0
DA:404,0
DA:405,0
DA:406,0
DA:407,0
DA:408,0
DA:409,0
DA:413,33
DA:414,429
DA:416,33
DA:418,0
DA:423,6
DA:424,6
DA:425,6
DA:426,5
DA:428,6
DA:429,6
DA:430,6
DA:431,4
DA:432,4
DA:434,6
DA:439,17
DA:440,5
DA:442,12
DA:456,28
DA:459,28
DA:460,28
DA:461,5
DA:462,5
DA:463,5
DA:464,5
DA:468,28
DA:469,28
DA:470,28
DA:471,28
DA:472,28
DA:475,28
DA:476,28
DA:477,28
DA:478,28
DA:481,28
DA:482,28
DA:483,28
DA:484,28
DA:487,28
DA:488,28
DA:489,28
DA:490,28
DA:493,28
DA:494,28
DA:495,28
DA:496,28
DA:497,1
DA:498,1
DA:500,28
DA:503,28
DA:506,3
DA:507,3
DA:508,3
DA:509,3
DA:510,3
DA:516,28
DA:517,2
DA:528,19
DA:529,16
DA:530,16
DA:531,16
DA:532,59
DA:533,20
DA:534,18
DA:543,18
DA:553,14
DA:554,14
DA:555,14
DA:556,1
DA:557,1
DA:558,1
DA:561,14
DA:562,14
DA:563,182
DA:565,14
DA:566,182
DA:568,182
DA:569,132
DA:570,132
DA:571,132
DA:572,132
DA:575,14
DA:576,1
DA:577,1
DA:578,1
DA:581,1
DA:582,1
DA:583,0
DA:585,1
DA:592,2
DA:593,2
DA:596,2
DA:597,2
DA:598,2
DA:601,2
DA:602,2
DA:603,0
DA:604,0
DA:607,2
DA:608,0
DA:609,0
DA:610,0
DA:613,2
DA:617,2
DA:618,2
DA:619,2
DA:620,0
DA:621,0
DA:626,10
DA:628,10
DA:629,10
DA:630,10
DA:631,10
DA:632,10
DA:633,2
DA:634,2
DA:636,10
DA:638,10
DA:642,1
DA:643,1
DA:644,1
DA:646,0
DA:651,3
DA:655,1
DA:661,0
DA:662,0
DA:663,0
DA:664,0
DA:670,0
DA:671,0
DA:672,0
DA:673,0
DA:674,0
DA:675,0
DA:676,0
DA:679,0
DA:680,0
DA:681,0
DA:682,0
DA:684,0
DA:685,0
DA:686,0
DA:687,0
DA:696,2
DA:699,2
DA:700,2
DA:701,2
DA:702,2
DA:703,2
DA:704,2
DA:707,2
DA:708,0
DA:709,0
DA:714,2
DA:715,2
DA:716,2
DA:717,2
DA:718,2
DA:720,0
DA:725,2
DA:728,2
DA:731,2
DA:735,2
DA:736,0
DA:738,2
LF:348
LH:294
BRDA:104,0,0,33
BRDA:104,0,1,66
BRDA:120,1,0,33
BRDA:120,1,1,20
BRDA:122,2,0,36
BRDA:122,2,1,30
BRDA:133,3,0,13
BRDA:133,3,1,0
BRDA:142,4,0,11
BRDA:142,4,1,4
BRDA:155,5,0,15
BRDA:155,5,1,0
BRDA:165,6,0,0
BRDA:165,6,1,5
BRDA:176,7,0,8
BRDA:176,7,1,46
BRDA:180,8,0,4
BRDA:180,8,1,42
BRDA:198,9,0,5
BRDA:198,9,1,0
BRDA:208,10,0,1
BRDA:208,10,1,3
BRDA:220,11,0,3
BRDA:220,11,1,3
BRDA:235,12,0,6
BRDA:235,12,1,4
BRDA:236,13,0,2
BRDA:236,13,1,4
BRDA:248,14,0,5
BRDA:265,15,0,1
BRDA:265,15,1,20
BRDA:275,16,0,16
BRDA:275,16,1,152
BRDA:284,17,0,20
BRDA:284,17,1,0
BRDA:311,18,0,17
BRDA:311,18,1,3
BRDA:311,19,0,20
BRDA:311,19,1,19
BRDA:320,20,0,0
BRDA:320,20,1,5
BRDA:323,21,0,0
BRDA:323,21,1,0
BRDA:325,22,0,0
BRDA:325,22,1,5
BRDA:328,23,0,0
BRDA:328,23,1,0
BRDA:330,24,0,5
BRDA:330,24,1,3
BRDA:334,25,0,5
BRDA:334,25,1,3
BRDA:356,26,0,0
BRDA:356,26,1,1
BRDA:358,27,0,0
BRDA:358,27,1,1
BRDA:375,28,0,10
BRDA:375,28,1,7
BRDA:377,29,0,6
BRDA:377,29,1,6
BRDA:397,30,0,35
BRDA:397,30,1,33
BRDA:401,31,0,0
BRDA:401,31,1,33
BRDA:405,32,0,0
BRDA:405,32,1,0
BRDA:406,33,0,0
BRDA:406,33,1,0
BRDA:407,34,0,0
BRDA:407,34,1,0
BRDA:408,35,0,0
BRDA:408,35,1,0
BRDA:409,36,0,0
BRDA:409,36,1,0
BRDA:414,37,0,0
BRDA:414,37,1,429
BRDA:425,38,0,5
BRDA:425,38,1,1
BRDA:428,39,0,6
BRDA:428,39,1,4
BRDA:430,40,0,4
BRDA:430,40,1,2
BRDA:439,41,0,5
BRDA:439,41,1,12
BRDA:456,42,0,28
BRDA:456,42,1,24
BRDA:460,43,0,5
BRDA:460,43,1,23
BRDA:471,44,0,28
BRDA:471,44,1,0
BRDA:477,45,0,28
BRDA:477,45,1,0
BRDA:483,46,0,4
BRDA:483,46,1,24
BRDA:483,47,0,24
BRDA:483,47,1,0
BRDA:489,48,0,4
BRDA:489,48,1,24
BRDA:489,49,0,24
BRDA:489,49,1,19
BRDA:509,50,0,3
BRDA:509,50,1,0
BRDA:528,51,0,3
BRDA:528,51,1,16
BRDA:528,52,0,19
BRDA:528,52,1,17
BRDA:533,53,0,18
BRDA:533,53,1,2
BRDA:533,54,0,20
BRDA:533,54,1,20
BRDA:538,55,0,18
BRDA:538,55,1,0
BRDA:555,56,0,1
BRDA:555,56,1,13
BRDA:568,57,0,50
BRDA:568,57,1,132
BRDA:568,58,0,182
BRDA:568,58,1,157
BRDA:570,59,0,25
BRDA:570,59,1,107
BRDA:571,60,0,25
BRDA:571,60,1,107
BRDA:575,61,0,1
BRDA:575,61,1,13
BRDA:607,62,0,0
BRDA:607,62,1,2
BRDA:617,63,0,2
BRDA:617,63,1,0
BRDA:620,64,0,0
BRDA:620,64,1,0
BRDA:630,65,0,10
BRDA:630,65,1,3
BRDA:632,66,0,2
BRDA:632,66,1,8
BRDA:643,67,0,1
BRDA:643,67,1,0
BRDA:661,68,0,0
BRDA:661,68,1,0
BRDA:661,69,0,0
BRDA:661,69,1,0
BRDA:670,70,0,0
BRDA:670,70,1,0
BRDA:673,71,0,0
BRDA:673,71,1,0
BRDA:679,72,0,0
BRDA:679,72,1,0
BRDA:679,73,0,0
BRDA:679,73,1,0
BRDA:684,74,0,0
BRDA:684,74,1,0
BRDA:686,75,0,0
BRDA:686,75,1,0
BRDA:708,76,0,0
BRDA:708,76,1,0
BRDA:716,77,0,2
BRDA:716,77,1,0
BRDA:716,78,0,2
BRDA:716,78,1,0
BRDA:735,79,0,0
BRDA:735,79,1,2
BRF:159
BRH:103
end_of_record
