TN:
SF:game.js
FN:85,checkAchievements
FN:124,(anonymous_1)
FN:138,(anonymous_2)
FN:144,(anonymous_3)
FN:145,(anonymous_4)
FN:163,createInitialState
FN:181,getState
FN:199,restoreState
FN:218,showDonation
FN:238,randomOutcome
FN:260,leftPath
FN:286,rightPath
FN:312,renderEndingHeader
FN:324,neutralEnding
FN:347,hiddenEnding
FN:375,searchArea
FN:393,checkHiddenPath
FN:417,getChoices
FN:436,handleChoice
FNF:19
FNH:19
FNDA:72,checkAchievements
FNDA:29,(anonymous_1)
FNDA:20,(anonymous_2)
FNDA:364,(anonymous_3)
FNDA:47,(anonymous_4)
FNDA:68,createInitialState
FNDA:6,getState
FNDA:1,restoreState
FNDA:30,showDonation
FNDA:19,randomOutcome
FNDA:12,leftPath
FNDA:4,rightPath
FNDA:15,renderEndingHeader
FNDA:6,neutralEnding
FNDA:7,hiddenEnding
FNDA:8,searchArea
FNDA:18,checkHiddenPath
FNDA:44,getChoices
FNDA:29,handleChoice
DA:15,3
DA:22,3
DA:29,3
DA:35,3
DA:39,3
DA:46,3
DA:62,3
DA:86,72
DA:87,72
DA:89,72
DA:90,28
DA:91,28
DA:92,1
DA:94,28
DA:97,72
DA:98,10
DA:99,10
DA:102,72
DA:103,25
DA:104,25
DA:105,25
DA:106,25
DA:108,25
DA:109,14
DA:110,11
DA:111,5
DA:113,25
DA:114,1
DA:117,25
DA:118,1
DA:122,25
DA:123,18
DA:124,29
DA:125,18
DA:126,2
DA:132,72
DA:133,8
DA:134,8
DA:135,6
DA:137,8
DA:138,20
DA:139,8
DA:143,72
DA:144,364
DA:145,28
DA:146,47
DA:147,46
DA:149,28
DA:150,1
DA:154,72
DA:164,68
DA:182,6
DA:200,1
DA:201,1
DA:202,1
DA:203,1
DA:204,1
DA:205,1
DA:206,1
DA:207,1
DA:208,1
DA:219,30
DA:220,30
DA:221,30
DA:222,30
DA:223,30
DA:239,19
DA:240,7
DA:241,7
DA:242,7
DA:243,7
DA:244,5
DA:246,7
DA:248,12
DA:249,12
DA:250,12
DA:251,12
DA:261,12
DA:262,12
DA:263,12
DA:265,12
DA:275,12
DA:276,12
DA:277,12
DA:278,12
DA:287,4
DA:288,4
DA:289,4
DA:291,4
DA:297,4
DA:298,4
DA:299,4
DA:300,4
DA:313,15
DA:314,15
DA:315,15
DA:316,15
DA:325,6
DA:326,6
DA:327,6
DA:328,6
DA:329,6
DA:330,6
DA:331,6
DA:332,6
DA:333,6
DA:334,6
DA:336,6
DA:337,6
DA:338,6
DA:339,6
DA:348,7
DA:349,7
DA:350,7
DA:351,7
DA:352,7
DA:353,7
DA:354,7
DA:355,7
DA:356,7
DA:357,7
DA:358,7
DA:359,7
DA:360,7
DA:362,7
DA:363,7
DA:364,7
DA:365,7
DA:376,8
DA:377,8
DA:378,8
DA:379,8
DA:380,8
DA:381,8
DA:382,8
DA:383,8
DA:394,18
DA:395,18
DA:396,18
DA:397,8
DA:398,8
DA:399,8
DA:400,8
DA:401,5
DA:402,5
DA:403,5
DA:405,3
DA:407,13
DA:418,44
DA:423,44
DA:424,42
DA:426,44
DA:437,29
DA:439,28
DA:440,11
DA:441,9
DA:443,11
DA:446,17
DA:447,3
DA:448,2
DA:450,3
DA:453,14
DA:454,4
DA:455,4
DA:458,10
DA:459,5
DA:460,5
DA:464,5
DA:465,5
DA:466,5
LF:170
LH:170
BRDA:87,0,0,72
BRDA:87,0,1,0
BRDA:89,1,0,28
BRDA:89,1,1,44
BRDA:90,2,0,7
BRDA:90,2,1,21
BRDA:91,3,0,1
BRDA:91,3,1,27
BRDA:91,4,0,28
BRDA:91,4,1,8
BRDA:91,5,0,28
BRDA:91,5,1,5
BRDA:97,6,0,10
BRDA:97,6,1,62
BRDA:98,7,0,1
BRDA:98,7,1,9
BRDA:98,8,0,10
BRDA:98,8,1,6
BRDA:99,9,0,1
BRDA:99,9,1,9
BRDA:99,10,0,10
BRDA:99,10,1,1
BRDA:102,11,0,25
BRDA:102,11,1,47
BRDA:103,12,0,10
BRDA:103,12,1,15
BRDA:103,13,0,25
BRDA:103,13,1,14
BRDA:104,14,0,3
BRDA:104,14,1,22
BRDA:104,15,0,25
BRDA:104,15,1,5
BRDA:105,16,0,2
BRDA:105,16,1,23
BRDA:105,17,0,25
BRDA:105,17,1,4
BRDA:106,18,0,2
BRDA:106,18,1,23
BRDA:106,19,0,25
BRDA:106,19,1,2
BRDA:108,20,0,14
BRDA:108,20,1,11
BRDA:109,21,0,14
BRDA:109,21,1,11
BRDA:110,22,0,5
BRDA:110,22,1,6
BRDA:113,23,0,1
BRDA:113,23,1,24
BRDA:113,24,0,25
BRDA:113,24,1,1
BRDA:117,25,0,1
BRDA:117,25,1,24
BRDA:117,26,0,25
BRDA:117,26,1,1
BRDA:117,27,0,25
BRDA:117,27,1,13
BRDA:122,28,0,18
BRDA:122,28,1,7
BRDA:125,29,0,2
BRDA:125,29,1,16
BRDA:132,30,0,8
BRDA:132,30,1,64
BRDA:133,31,0,0
BRDA:133,31,1,8
BRDA:134,32,0,6
BRDA:134,32,1,2
BRDA:139,33,0,1
BRDA:139,33,1,7
BRDA:139,34,0,8
BRDA:139,34,1,2
BRDA:143,35,0,28
BRDA:143,35,1,44
BRDA:146,36,0,1
BRDA:146,36,1,46
BRDA:147,37,0,46
BRDA:147,37,1,39
BRDA:149,38,0,1
BRDA:149,38,1,27
BRDA:149,39,0,28
BRDA:149,39,1,1
BRDA:201,40,0,1
BRDA:201,40,1,0
BRDA:202,41,0,1
BRDA:202,41,1,0
BRDA:203,42,0,1
BRDA:203,42,1,1
BRDA:204,43,0,1
BRDA:204,43,1,0
BRDA:205,44,0,1
BRDA:205,44,1,0
BRDA:206,45,0,1
BRDA:206,45,1,1
BRDA:207,46,0,1
BRDA:207,46,1,1
BRDA:238,47,0,4
BRDA:239,48,0,7
BRDA:239,48,1,12
BRDA:243,49,0,5
BRDA:243,49,1,2
BRDA:312,50,0,7
BRDA:393,51,0,1
BRDA:396,52,0,8
BRDA:396,52,1,10
BRDA:396,53,0,18
BRDA:396,53,1,8
BRDA:400,54,0,5
BRDA:400,54,1,3
BRDA:423,55,0,42
BRDA:423,55,1,2
BRDA:436,56,0,16
BRDA:437,57,0,1
BRDA:437,57,1,28
BRDA:439,58,0,11
BRDA:439,58,1,17
BRDA:440,59,0,9
BRDA:440,59,1,2
BRDA:446,60,0,3
BRDA:446,60,1,14
BRDA:447,61,0,2
BRDA:447,61,1,1
BRDA:453,62,0,4
BRDA:453,62,1,10
BRDA:458,63,0,5
BRDA:458,63,1,5
BRDA:458,64,0,10
BRDA:458,64,1,7
BRDA:464,65,0,3
BRDA:464,65,1,2
BRF:128
BRH:122
end_of_record
TN:
SF:renderer.js
FN:29,(anonymous_0)
FN:83,fadeIn
FN:93,fadeOut
FN:101,showScreen
FN:102,(anonymous_4)
FN:119,updateDonationVisibility
FN:121,(anonymous_6)
FN:130,showTitleScreen
FN:140,showGameScreen
FN:162,showEndingScreen
FN:175,(anonymous_10)
FN:185,(anonymous_11)
FN:210,renderEndingScene
FN:230,getPreferredTheme
FN:241,toggleTheme
FN:254,initTheme
FN:255,(anonymous_16)
FN:271,showNotification
FN:275,(anonymous_18)
FN:286,updateStory
FN:295,(anonymous_20)
FN:316,updateChoices
FN:318,(anonymous_22)
FN:324,(anonymous_23)
FN:333,updateInventory
FN:341,getEndingTitle
FN:356,getEndingDecoration
FN:365,saveGame
FN:376,hasSaveData
FN:387,defaultAchievementData
FN:392,(anonymous_30)
FN:398,getAchievements
FN:417,(anonymous_32)
FN:426,recordEnding
FN:436,(anonymous_34)
FN:442,updateContinueButton
FN:459,showAchievementPopup
FN:500,(anonymous_37)
FN:509,dismissPopup
FN:512,(anonymous_39)
FN:520,(anonymous_40)
FN:531,checkAndShowAchievements
FN:535,(anonymous_42)
FN:536,(anonymous_43)
FN:547,(anonymous_44)
FN:556,renderAchievementList
FN:567,(anonymous_46)
FN:569,(anonymous_47)
FN:586,(anonymous_48)
FN:595,onChoice
FN:605,(anonymous_50)
FN:606,(anonymous_51)
FN:613,(anonymous_52)
FN:632,startNewGame
FN:641,(anonymous_54)
FN:648,continueGame
FN:657,goToTitle
FN:661,playAgain
FN:667,loadGame
FN:686,handleKeyDown
FN:715,(anonymous_60)
FN:738,init
FN:750,(anonymous_62)
FN:757,(anonymous_63)
FNF:64
FNH:63
FNDA:83,(anonymous_0)
FNDA:83,fadeIn
FNDA:2,fadeOut
FNDA:66,showScreen
FNDA:198,(anonymous_4)
FNDA:66,updateDonationVisibility
FNDA:132,(anonymous_6)
FNDA:16,showTitleScreen
FNDA:29,showGameScreen
FNDA:12,showEndingScreen
FNDA:132,(anonymous_10)
FNDA:105,(anonymous_11)
FNDA:7,renderEndingScene
FNDA:6,getPreferredTheme
FNDA:6,toggleTheme
FNDA:8,initTheme
FNDA:8,(anonymous_16)
FNDA:14,showNotification
FNDA:3,(anonymous_18)
FNDA:35,updateStory
FNDA:228,(anonymous_20)
FNDA:34,updateChoices
FNDA:120,(anonymous_22)
FNDA:2,(anonymous_23)
FNDA:34,updateInventory
FNDA:16,getEndingTitle
FNDA:17,getEndingDecoration
FNDA:6,saveGame
FNDA:26,hasSaveData
FNDA:45,defaultAchievementData
FNDA:585,(anonymous_30)
FNDA:110,getAchievements
FNDA:871,(anonymous_32)
FNDA:11,recordEnding
FNDA:4,(anonymous_34)
FNDA:26,updateContinueButton
FNDA:35,showAchievementPopup
FNDA:1,(anonymous_37)
FNDA:3,dismissPopup
FNDA:3,(anonymous_39)
FNDA:2,(anonymous_40)
FNDA:20,checkAndShowAchievements
FNDA:21,(anonymous_42)
FNDA:60,(anonymous_43)
FNDA:19,(anonymous_44)
FNDA:20,renderAchievementList
FNDA:260,(anonymous_46)
FNDA:260,(anonymous_47)
FNDA:2,(anonymous_48)
FNDA:8,onChoice
FNDA:5,(anonymous_50)
FNDA:5,(anonymous_51)
FNDA:0,(anonymous_52)
FNDA:21,startNewGame
FNDA:3,(anonymous_54)
FNDA:3,continueGame
FNDA:3,goToTitle
FNDA:1,playAgain
FNDA:5,loadGame
FNDA:12,handleKeyDown
FNDA:9,(anonymous_60)
FNDA:4,init
FNDA:2,(anonymous_62)
FNDA:4,(anonymous_63)
DA:29,83
DA:31,2
DA:37,2
DA:38,2
DA:39,2
DA:41,2
DA:42,2
DA:43,2
DA:44,2
DA:45,2
DA:46,2
DA:48,2
DA:49,2
DA:50,2
DA:51,2
DA:52,2
DA:53,2
DA:54,2
DA:55,2
DA:57,2
DA:60,2
DA:63,2
DA:70,2
DA:84,83
DA:85,83
DA:86,83
DA:94,2
DA:95,2
DA:96,2
DA:102,66
DA:103,198
DA:104,198
DA:105,66
DA:106,66
DA:108,132
DA:109,132
DA:112,66
DA:113,66
DA:120,66
DA:121,66
DA:122,132
DA:131,16
DA:132,16
DA:133,16
DA:142,29
DA:143,22
DA:144,22
DA:145,22
DA:146,22
DA:148,29
DA:149,29
DA:150,29
DA:151,29
DA:152,29
DA:154,29
DA:155,29
DA:163,12
DA:164,12
DA:165,12
DA:166,1
DA:168,11
DA:170,12
DA:173,12
DA:174,12
DA:175,12
DA:176,132
DA:177,18
DA:178,18
DA:180,114
DA:181,105
DA:184,12
DA:185,12
DA:186,105
DA:187,105
DA:188,105
DA:192,12
DA:193,12
DA:194,12
DA:195,12
DA:196,12
DA:197,12
DA:198,12
DA:199,11
DA:202,12
DA:211,7
DA:212,2
DA:213,2
DA:214,2
DA:215,2
DA:216,2
DA:218,5
DA:219,5
DA:220,5
DA:221,5
DA:222,5
DA:223,5
DA:224,5
DA:225,5
DA:231,6
DA:232,1
DA:234,5
DA:242,6
DA:243,6
DA:244,6
DA:245,6
DA:246,6
DA:255,8
DA:256,8
DA:258,8
DA:259,8
DA:260,2
DA:272,14
DA:273,14
DA:274,14
DA:275,14
DA:276,3
DA:287,35
DA:288,35
DA:289,1
DA:290,1
DA:291,1
DA:292,1
DA:293,1
DA:295,34
DA:296,228
DA:297,228
DA:298,228
DA:299,30
DA:301,198
DA:303,228
DA:306,34
DA:307,34
DA:308,34
DA:317,34
DA:318,34
DA:319,120
DA:320,120
DA:321,120
DA:322,120
DA:323,120
DA:324,120
DA:325,120
DA:334,34
DA:335,30
DA:337,4
DA:342,16
DA:343,16
DA:344,5
DA:345,5
DA:346,5
DA:348,11
DA:349,4
DA:350,4
DA:351,4
DA:353,7
DA:357,17
DA:362,2
DA:363,2
DA:366,6
DA:367,6
DA:368,6
DA:369,5
DA:371,1
DA:373,6
DA:377,26
DA:378,26
DA:379,26
DA:380,12
DA:381,11
DA:383,1
DA:388,45
DA:392,585
DA:399,110
DA:400,110
DA:401,109
DA:403,68
DA:405,67
DA:406,2
DA:407,2
DA:408,2
DA:409,2
DA:410,1
DA:411,1
DA:412,1
DA:413,1
DA:417,67
DA:418,871
DA:420,67
DA:422,2
DA:427,11
DA:428,11
DA:429,11
DA:430,7
DA:432,11
DA:433,11
DA:434,11
DA:435,4
DA:436,4
DA:438,11
DA:443,26
DA:444,10
DA:446,16
DA:460,35
DA:463,35
DA:464,35
DA:465,9
DA:466,9
DA:467,9
DA:468,9
DA:472,35
DA:473,35
DA:474,35
DA:475,35
DA:476,35
DA:479,35
DA:480,35
DA:481,35
DA:482,35
DA:485,35
DA:486,35
DA:487,35
DA:488,35
DA:491,35
DA:492,35
DA:493,35
DA:494,35
DA:497,35
DA:498,35
DA:499,35
DA:500,35
DA:501,1
DA:502,1
DA:504,35
DA:507,35
DA:510,3
DA:511,3
DA:512,3
DA:513,3
DA:514,3
DA:520,35
DA:521,2
DA:532,20
DA:533,17
DA:534,17
DA:535,17
DA:536,60
DA:537,21
DA:538,19
DA:547,19
DA:557,20
DA:558,20
DA:559,20
DA:560,1
DA:561,1
DA:562,1
DA:565,20
DA:566,20
DA:567,260
DA:569,20
DA:570,260
DA:572,260
DA:573,206
DA:574,206
DA:575,206
DA:576,206
DA:579,20
DA:580,6
DA:581,6
DA:582,6
DA:585,6
DA:586,6
DA:587,2
DA:589,6
DA:596,8
DA:597,8
DA:600,8
DA:601,8
DA:602,8
DA:605,8
DA:606,8
DA:607,5
DA:608,5
DA:611,8
DA:612,0
DA:613,0
DA:614,0
DA:617,8
DA:621,8
DA:622,7
DA:623,7
DA:624,1
DA:625,1
DA:630,2
DA:633,21
DA:635,21
DA:636,21
DA:637,21
DA:638,21
DA:639,21
DA:640,3
DA:641,3
DA:643,21
DA:645,21
DA:649,3
DA:650,3
DA:651,1
DA:653,2
DA:658,3
DA:662,1
DA:668,5
DA:669,5
DA:670,5
DA:671,3
DA:672,2
DA:673,1
DA:674,1
DA:676,1
DA:677,1
DA:678,1
DA:680,1
DA:681,1
DA:682,1
DA:688,12
DA:689,12
DA:690,12
DA:693,12
DA:694,3
DA:695,3
DA:696,3
DA:697,2
DA:698,2
DA:700,1
DA:705,12
DA:706,12
DA:707,12
DA:713,12
DA:714,6
DA:715,9
DA:716,6
DA:717,6
DA:718,6
DA:719,6
DA:722,6
DA:723,3
DA:724,3
DA:725,3
DA:727,3
DA:728,3
DA:729,3
DA:730,1
DA:739,4
DA:742,4
DA:743,4
DA:744,4
DA:745,4
DA:746,4
DA:747,4
DA:750,4
DA:751,2
DA:752,1
DA:757,4
DA:758,4
DA:759,4
DA:760,3
DA:761,3
DA:763,1
DA:768,4
DA:771,4
DA:774,4
DA:778,2
DA:779,1
DA:781,1
LF:372
LH:369
BRDA:104,0,0,66
BRDA:104,0,1,132
BRDA:120,1,0,66
BRDA:120,1,1,48
BRDA:122,2,0,74
BRDA:122,2,1,58
BRDA:133,3,0,16
BRDA:133,3,1,0
BRDA:142,4,0,22
BRDA:142,4,1,7
BRDA:155,5,0,28
BRDA:155,5,1,1
BRDA:165,6,0,1
BRDA:165,6,1,11
BRDA:176,7,0,18
BRDA:176,7,1,114
BRDA:180,8,0,9
BRDA:180,8,1,105
BRDA:198,9,0,11
BRDA:198,9,1,1
BRDA:211,10,0,2
BRDA:211,10,1,5
BRDA:219,11,0,5
BRDA:219,11,1,1
BRDA:223,12,0,5
BRDA:223,12,1,1
BRDA:231,13,0,1
BRDA:231,13,1,5
BRDA:243,14,0,3
BRDA:243,14,1,3
BRDA:258,15,0,8
BRDA:258,15,1,6
BRDA:259,16,0,2
BRDA:259,16,1,6
BRDA:271,17,0,12
BRDA:288,18,0,1
BRDA:288,18,1,34
BRDA:298,19,0,30
BRDA:298,19,1,198
BRDA:307,20,0,34
BRDA:307,20,1,0
BRDA:334,21,0,30
BRDA:334,21,1,4
BRDA:334,22,0,34
BRDA:334,22,1,33
BRDA:343,23,0,5
BRDA:343,23,1,11
BRDA:346,24,0,4
BRDA:346,24,1,1
BRDA:348,25,0,4
BRDA:348,25,1,7
BRDA:351,26,0,3
BRDA:351,26,1,1
BRDA:353,27,0,7
BRDA:353,27,1,4
BRDA:357,28,0,17
BRDA:357,28,1,5
BRDA:379,29,0,14
BRDA:379,29,1,12
BRDA:381,30,0,11
BRDA:381,30,1,11
BRDA:401,31,0,41
BRDA:401,31,1,68
BRDA:405,32,0,2
BRDA:405,32,1,65
BRDA:409,33,0,1
BRDA:409,33,1,1
BRDA:410,34,0,1
BRDA:410,34,1,0
BRDA:411,35,0,1
BRDA:411,35,1,0
BRDA:412,36,0,1
BRDA:412,36,1,0
BRDA:413,37,0,1
BRDA:413,37,1,0
BRDA:418,38,0,13
BRDA:418,38,1,858
BRDA:429,39,0,7
BRDA:429,39,1,4
BRDA:432,40,0,11
BRDA:432,40,1,5
BRDA:434,41,0,4
BRDA:434,41,1,7
BRDA:443,42,0,10
BRDA:443,42,1,16
BRDA:460,43,0,35
BRDA:460,43,1,31
BRDA:464,44,0,9
BRDA:464,44,1,26
BRDA:475,45,0,35
BRDA:475,45,1,1
BRDA:481,46,0,35
BRDA:481,46,1,1
BRDA:487,47,0,4
BRDA:487,47,1,31
BRDA:487,48,0,31
BRDA:487,48,1,1
BRDA:493,49,0,4
BRDA:493,49,1,31
BRDA:493,50,0,31
BRDA:493,50,1,21
BRDA:513,51,0,3
BRDA:513,51,1,0
BRDA:532,52,0,3
BRDA:532,52,1,17
BRDA:532,53,0,20
BRDA:532,53,1,18
BRDA:537,54,0,19
BRDA:537,54,1,2
BRDA:537,55,0,21
BRDA:537,55,1,21
BRDA:542,56,0,19
BRDA:542,56,1,0
BRDA:559,57,0,1
BRDA:559,57,1,19
BRDA:572,58,0,54
BRDA:572,58,1,206
BRDA:572,59,0,260
BRDA:572,59,1,170
BRDA:574,60,0,90
BRDA:574,60,1,116
BRDA:575,61,0,90
BRDA:575,61,1,116
BRDA:579,62,0,6
BRDA:579,62,1,14
BRDA:611,63,0,0
BRDA:611,63,1,8
BRDA:621,64,0,7
BRDA:621,64,1,1
BRDA:624,65,0,1
BRDA:624,65,1,0
BRDA:637,66,0,21
BRDA:637,66,1,4
BRDA:639,67,0,3
BRDA:639,67,1,18
BRDA:650,68,0,1
BRDA:650,68,1,2
BRDA:670,69,0,2
BRDA:670,69,1,3
BRDA:672,70,0,1
BRDA:672,70,1,1
BRDA:689,71,0,1
BRDA:689,71,1,11
BRDA:693,72,0,3
BRDA:693,72,1,9
BRDA:693,73,0,12
BRDA:693,73,1,9
BRDA:695,74,0,3
BRDA:695,74,1,0
BRDA:696,75,0,2
BRDA:696,75,1,1
BRDA:696,76,0,3
BRDA:696,76,1,2
BRDA:705,77,0,12
BRDA:705,77,1,0
BRDA:705,78,0,12
BRDA:705,78,1,12
BRDA:713,79,0,6
BRDA:713,79,1,6
BRDA:716,80,0,6
BRDA:716,80,1,0
BRDA:722,81,0,3
BRDA:722,81,1,3
BRDA:722,82,0,6
BRDA:722,82,1,3
BRDA:727,83,0,3
BRDA:727,83,1,0
BRDA:729,84,0,1
BRDA:729,84,1,2
BRDA:751,85,0,1
BRDA:751,85,1,1
BRDA:759,86,0,3
BRDA:759,86,1,1
BRDA:759,87,0,4
BRDA:759,87,1,1
BRDA:778,88,0,1
BRDA:778,88,1,1
BRF:177
BRH:163
end_of_record
